#
# A fatal error has been detected by the Java Runtime Environment:
#
#  SIGSEGV (0xb) at pc=0x00007f982210ffad, pid=10950, tid=10962
#
# JRE version: OpenJDK Runtime Environment (11.0.11+9) (build 11.0.11+9-Ubuntu-0ubuntu2.18.04)
# Java VM: OpenJDK 64-Bit Server VM (11.0.11+9-Ubuntu-0ubuntu2.18.04, mixed mode, sharing, tiered, compressed oops, g1 gc, linux-amd64)
# Problematic frame:
# V  [libjvm.so+0x63cfad]
#
# Core dump will be written. Default location: Core dumps may be processed with "/usr/share/apport/apport %p %s %c %d %P %E" (or dumping to /home/hfachin@fh.com.br/eclipse-workspace/RPG/core.10950)
#
# If you would like to submit a bug report, please visit:
#   https://bugs.launchpad.net/ubuntu/+source/openjdk-lts
#

---------------  S U M M A R Y ------------

Command Line: -agentlib:jdwp=transport=dt_socket,suspend=y,address=localhost:39343 -javaagent:/home/hfachin@fh.com.br/Eclipse/eclipse/configuration/org.eclipse.osgi/400/0/.cp/lib/javaagent-shaded.jar -Dfile.encoding=UTF-8 --module-path=/home/hfachin@fh.com.br/eclipse-workspace/RPG/bin -Djdk.module.main=Rpg Rpg/main.Main

Host: Intel(R) Core(TM) i5-8250U CPU @ 1.60GHz, 8 cores, 15G, Ubuntu 18.04.5 LTS
Time: Fri May 28 16:34:45 2021 -03 elapsed time: 16.533255 seconds (0d 0h 0m 16s)

---------------  T H R E A D  ---------------

Current thread (0x00007f981c237000):  VMThread "VM Thread" [stack: 0x00007f9800628000,0x00007f9800728000] [id=10962]

Stack: [0x00007f9800628000,0x00007f9800728000],  sp=0x00007f9800726008,  free space=1016k
Native frames: (J=compiled Java code, A=aot compiled Java code, j=interpreted, Vv=VM code, C=native code)
V  [libjvm.so+0x63cfad]
V  [libjvm.so+0x7a8215]
V  [libjvm.so+0x7a9b7c]
V  [libjvm.so+0x7a9e49]
V  [libjvm.so+0xb63264]
V  [libjvm.so+0xb640ab]
V  [libjvm.so+0xb64527]
V  [libjvm.so+0xb03d1e]
V  [libjvm.so+0x9a247c]
V  [libjvm.so+0xe1eb58]
V  [libjvm.so+0xe24a47]
V  [libjvm.so+0xe250d8]
V  [libjvm.so+0xe253e3]
V  [libjvm.so+0xdb67e9]
V  [libjvm.so+0xb7b34e]


siginfo: si_signo: 11 (SIGSEGV), si_code: 2 (SEGV_ACCERR), si_addr: 0x00007f97ede64448

Register to memory mapping:

RAX=0x00007f97ede64448 is an unknown value
RBX=0x00007f9800726720 points into unknown readable memory: 0x00007f9822dcaac0 | c0 aa dc 22 98 7f 00 00
RCX=0x000000000000070c is an unknown value
RDX=0x0 is NULL
RSP=0x00007f9800726008 points into unknown readable memory: 0x00007f9822277529 | 29 75 27 22 98 7f 00 00
RBP=0x00007f98007264a0 points into unknown readable memory: 0x00007f9800726560 | 60 65 72 00 98 7f 00 00
RSI=0x00000000001943e0 is an unknown value
RDI=0x00007f97edccc248 is pointing into metadata
R8 =0x00000000000000b6 is an unknown value
R9 =0x00007f97edccada4 is pointing into metadata
R10=0x0 is NULL
R11=0x0 is NULL
R12=0x0000000000000715 is an unknown value
R13=0x000000000000070c is an unknown value
R14=0x00007f9800726030 points into unknown readable memory: 0x00007f9822dc70f0 | f0 70 dc 22 98 7f 00 00
R15=0x0 is NULL


Registers:
RAX=0x00007f97ede64448, RBX=0x00007f9800726720, RCX=0x000000000000070c, RDX=0x0000000000000000
RSP=0x00007f9800726008, RBP=0x00007f98007264a0, RSI=0x00000000001943e0, RDI=0x00007f97edccc248
R8 =0x00000000000000b6, R9 =0x00007f97edccada4, R10=0x0000000000000000, R11=0x0000000000000000
R12=0x0000000000000715, R13=0x000000000000070c, R14=0x00007f9800726030, R15=0x0000000000000000
RIP=0x00007f982210ffad, EFLAGS=0x0000000000010202, CSGSFS=0x002b000000000033, ERR=0x0000000000000004
  TRAPNO=0x000000000000000e

Top of Stack: (sp=0x00007f9800726008)
0x00007f9800726008:   00007f9822277529 00007f9800726650
0x00007f9800726018:   00007f9800726020 000000002fffffff
0x00007f9800726028:   00007f9822277668 00007f9822dc70f0
0x00007f9800726038:   00000008004bbba0 0000000000000014 

Instructions: (pc=0x00007f982210ffad)
0x00007f982210fead:   01 00 00 00 f7 c2 00 00 00 02 74 07 c3 66 0f 1f
0x00007f982210febd:   44 00 00 31 c0 c3 90 66 90 66 2e 0f 1f 84 00 00
0x00007f982210fecd:   00 00 00 48 8b 17 48 89 f8 48 8b 52 10 48 85 d2
0x00007f982210fedd:   74 21 89 f1 c1 f9 1f 31 ce 48 63 f6 48 c1 e6 05
0x00007f982210feed:   48 8d 7c 32 28 48 89 c6 e9 96 b1 00 00 66 0f 1f
0x00007f982210fefd:   44 00 00 31 c0 c3 90 66 90 66 2e 0f 1f 84 00 00
0x00007f982210ff0d:   00 00 00 84 d2 75 34 48 8b 47 10 48 85 c0 74 2b
0x00007f982210ff1d:   85 f6 78 4f 48 63 f6 48 c1 e6 05 48 8d 44 30 28
0x00007f982210ff2d:   48 8b 30 0f b7 f6 0f b7 44 f7 42 0f b7 44 c7 40
0x00007f982210ff3d:   48 8b 44 c7 40 c3 0f 1f 44 00 00 48 8b 47 08 48
0x00007f982210ff4d:   63 f6 0f b6 44 30 04 3c 12 74 db 48 8b 47 08 0f
0x00007f982210ff5d:   b6 44 30 04 3c 11 74 ce 48 8b 47 08 0f b6 44 30
0x00007f982210ff6d:   04 eb c3 f7 d6 48 63 f6 48 c1 e6 05 48 8d 44 30
0x00007f982210ff7d:   28 48 8b 00 0f b7 c0 0f b7 44 c7 42 eb ad 90 0f
0x00007f982210ff8d:   1f 40 00 84 d2 75 34 48 8b 47 10 48 85 c0 74 2b
0x00007f982210ff9d:   85 f6 78 4f 48 63 f6 48 c1 e6 05 48 8d 44 30 28
0x00007f982210ffad:   48 8b 30 0f b7 f6 0f b7 44 f7 42 0f b7 44 c7 42
0x00007f982210ffbd:   48 8b 44 c7 40 c3 0f 1f 44 00 00 48 8b 47 08 48
0x00007f982210ffcd:   63 f6 0f b6 44 30 04 3c 12 74 db 48 8b 47 08 0f
0x00007f982210ffdd:   b6 44 30 04 3c 11 74 ce 48 8b 47 08 0f b6 44 30
0x00007f982210ffed:   04 eb c3 f7 d6 48 63 f6 48 c1 e6 05 48 8d 44 30
0x00007f982210fffd:   28 48 8b 00 0f b7 c0 0f b7 44 c7 42 eb ad 90 0f
0x00007f982211000d:   1f 40 00 84 d2 75 2c 48 8b 47 10 48 85 c0 74 23
0x00007f982211001d:   85 f6 78 4f 48 63 f6 48 c1 e6 05 48 8d 44 30 28
0x00007f982211002d:   48 8b 30 0f b7 f6 0f b7 44 f7 42 c3 0f 1f 80 00
0x00007f982211003d:   00 00 00 48 8b 47 08 48 63 f6 0f b6 44 30 04 3c
0x00007f982211004d:   12 74 e3 48 8b 47 08 0f b6 44 30 04 3c 11 74 d6
0x00007f982211005d:   48 8b 47 08 0f b6 44 30 04 0f b7 44 f7 42 c3 0f
0x00007f982211006d:   1f 40 00 f7 d6 48 63 f6 48 c1 e6 05 48 8d 44 30
0x00007f982211007d:   28 48 8b 00 0f b7 c0 0f b7 44 c7 42 c3 66 0f 1f
0x00007f982211008d:   44 00 00 84 d2 75 21 48 8b 47 10 48 85 c0 74 18
0x00007f982211009d:   85 f6 79 02 f7 d6 48 63 f6 48 c1 e6 05 48 8d 44 


Stack slot to memory mapping:
stack at sp + 0 slots: 0x00007f9822277529: <offset 0x00000000007a4529> in /usr/lib/jvm/java-11-openjdk-amd64/lib/server/libjvm.so at 0x00007f9821ad3000
stack at sp + 1 slots: 0x00007f9800726650 points into unknown readable memory: 0x00007f98007266b0 | b0 66 72 00 98 7f 00 00
stack at sp + 2 slots: 0x00007f9800726020 points into unknown readable memory: 0x000000002fffffff | ff ff ff 2f 00 00 00 00
stack at sp + 3 slots: 0x000000002fffffff is an unknown value
stack at sp + 4 slots: 0x00007f9822277668: <offset 0x00000000007a4668> in /usr/lib/jvm/java-11-openjdk-amd64/lib/server/libjvm.so at 0x00007f9821ad3000
stack at sp + 5 slots: 0x00007f9822dc70f0: <offset 0x00000000012f40f0> in /usr/lib/jvm/java-11-openjdk-amd64/lib/server/libjvm.so at 0x00007f9821ad3000
stack at sp + 6 slots: 0x00000008004bbba0 is pointing into metadata
stack at sp + 7 slots: 0x0000000000000014 is an unknown value

VM_Operation (0x00007f97ececd970): GetOrSetLocal, mode: safepoint, requested by thread 0x00007f981c32e000


---------------  P R O C E S S  ---------------

Threads class SMR info:
_java_thread_list=0x00007f97b4004b10, length=12, elements={
0x00007f981c019800, 0x00007f981c239800, 0x00007f981c23b800, 0x00007f981c241000,
0x00007f981c243800, 0x00007f981c245800, 0x00007f981c247800, 0x00007f981c249800,
0x00007f981c2a0800, 0x00007f981c32e000, 0x00007f981c332000, 0x00007f97b8001800
}

Java Threads: ( => current thread )
  0x00007f981c019800 JavaThread "main" [_thread_blocked, id=10956, stack(0x00007f9823c5b000,0x00007f9823d5c000)]
  0x00007f981c239800 JavaThread "Reference Handler" daemon [_thread_blocked, id=10964, stack(0x00007f9800525000,0x00007f9800626000)]
  0x00007f981c23b800 JavaThread "Finalizer" daemon [_thread_blocked, id=10965, stack(0x00007f9800424000,0x00007f9800525000)]
  0x00007f981c241000 JavaThread "Signal Dispatcher" daemon [_thread_blocked, id=10966, stack(0x00007f9800043000,0x00007f9800144000)]
  0x00007f981c243800 JavaThread "Service Thread" daemon [_thread_blocked, id=10967, stack(0x00007f97f42cf000,0x00007f97f43d0000)]
  0x00007f981c245800 JavaThread "C2 CompilerThread0" daemon [_thread_blocked, id=10968, stack(0x00007f97f41ce000,0x00007f97f42cf000)]
  0x00007f981c247800 JavaThread "C1 CompilerThread0" daemon [_thread_blocked, id=10969, stack(0x00007f97f40cd000,0x00007f97f41ce000)]
  0x00007f981c249800 JavaThread "Sweeper thread" daemon [_thread_blocked, id=10970, stack(0x00007f97ed6ff000,0x00007f97ed800000)]
  0x00007f981c2a0800 JavaThread "Common-Cleaner" daemon [_thread_blocked, id=10971, stack(0x00007f97ed1d6000,0x00007f97ed2d7000)]
  0x00007f981c32e000 JavaThread "JDWP Transport Listener: dt_socket" daemon [_thread_blocked, id=10974, stack(0x00007f97ecdce000,0x00007f97ececf000)] _threads_hazard_ptr=0x00007f97b4004b10
  0x00007f981c332000 JavaThread "JDWP Event Helper Thread" daemon [_thread_blocked, id=10977, stack(0x00007f97ecccd000,0x00007f97ecdce000)]
  0x00007f97b8001800 JavaThread "JDWP Command Reader" daemon [_thread_in_native, id=10978, stack(0x00007f97ecbcc000,0x00007f97ecccd000)]

Other Threads:
=>0x00007f981c237000 VMThread "VM Thread" [stack: 0x00007f9800628000,0x00007f9800728000] [id=10962]
  0x00007f981c3a6800 WatcherThread [stack: 0x00007f97ec89d000,0x00007f97ec99d000] [id=10982]
  0x00007f981c032800 GCTaskThread "GC Thread#0" [stack: 0x00007f980340d000,0x00007f980350d000] [id=10957]
  0x00007f981c090800 ConcurrentGCThread "G1 Main Marker" [stack: 0x00007f98012b9000,0x00007f98013b9000] [id=10958]
  0x00007f981c092000 ConcurrentGCThread "G1 Conc#0" [stack: 0x00007f98011b7000,0x00007f98012b7000] [id=10959]
  0x00007f981c192000 ConcurrentGCThread "G1 Refine#0" [stack: 0x00007f98008ad000,0x00007f98009ad000] [id=10960]
  0x00007f981c194000 ConcurrentGCThread "G1 Young RemSet Sampling" [stack: 0x00007f98007ab000,0x00007f98008ab000] [id=10961]

Threads with active compile tasks:

VM state:at safepoint (normal execution)

VM Mutex/Monitor currently owned by a thread:  ([mutex/lock_event])
[0x00007f981c0148f0] Threads_lock - owner thread: 0x00007f981c237000

Heap address: 0x0000000707a00000, size: 3974 MB, Compressed Oops mode: Zero based, Oop shift amount: 3
Narrow klass base: 0x0000000800000000, Narrow klass shift: 3
Compressed class space size: 1073741824 Address: 0x0000000840000000

Heap:
 garbage-first heap   total 258048K, used 6856K [0x0000000707a00000, 0x0000000800000000)
  region size 1024K, 8 young (8192K), 0 survivors (0K)
 Metaspace       used 3950K, capacity 5481K, committed 5632K, reserved 1056768K
  class space    used 367K, capacity 508K, committed 512K, reserved 1048576K
Heap Regions: E=young(eden), S=young(survivor), O=old, HS=humongous(starts), HC=humongous(continues), CS=collection set, F=free, A=archive, TAMS=top-at-mark-start (previous, next)
|   0|0x0000000707a00000, 0x0000000707a00000, 0x0000000707b00000|  0%| F|  |TAMS 0x0000000707a00000, 0x0000000707a00000| Untracked 
|   1|0x0000000707b00000, 0x0000000707b00000, 0x0000000707c00000|  0%| F|  |TAMS 0x0000000707b00000, 0x0000000707b00000| Untracked 
|   2|0x0000000707c00000, 0x0000000707c00000, 0x0000000707d00000|  0%| F|  |TAMS 0x0000000707c00000, 0x0000000707c00000| Untracked 
|   3|0x0000000707d00000, 0x0000000707d00000, 0x0000000707e00000|  0%| F|  |TAMS 0x0000000707d00000, 0x0000000707d00000| Untracked 
|   4|0x0000000707e00000, 0x0000000707e00000, 0x0000000707f00000|  0%| F|  |TAMS 0x0000000707e00000, 0x0000000707e00000| Untracked 
|   5|0x0000000707f00000, 0x0000000707f00000, 0x0000000708000000|  0%| F|  |TAMS 0x0000000707f00000, 0x0000000707f00000| Untracked 
|   6|0x0000000708000000, 0x0000000708000000, 0x0000000708100000|  0%| F|  |TAMS 0x0000000708000000, 0x0000000708000000| Untracked 
|   7|0x0000000708100000, 0x0000000708100000, 0x0000000708200000|  0%| F|  |TAMS 0x0000000708100000, 0x0000000708100000| Untracked 
|   8|0x0000000708200000, 0x0000000708200000, 0x0000000708300000|  0%| F|  |TAMS 0x0000000708200000, 0x0000000708200000| Untracked 
|   9|0x0000000708300000, 0x0000000708300000, 0x0000000708400000|  0%| F|  |TAMS 0x0000000708300000, 0x0000000708300000| Untracked 
|  10|0x0000000708400000, 0x0000000708400000, 0x0000000708500000|  0%| F|  |TAMS 0x0000000708400000, 0x0000000708400000| Untracked 
|  11|0x0000000708500000, 0x0000000708500000, 0x0000000708600000|  0%| F|  |TAMS 0x0000000708500000, 0x0000000708500000| Untracked 
|  12|0x0000000708600000, 0x0000000708600000, 0x0000000708700000|  0%| F|  |TAMS 0x0000000708600000, 0x0000000708600000| Untracked 
|  13|0x0000000708700000, 0x0000000708700000, 0x0000000708800000|  0%| F|  |TAMS 0x0000000708700000, 0x0000000708700000| Untracked 
|  14|0x0000000708800000, 0x0000000708800000, 0x0000000708900000|  0%| F|  |TAMS 0x0000000708800000, 0x0000000708800000| Untracked 
|  15|0x0000000708900000, 0x0000000708900000, 0x0000000708a00000|  0%| F|  |TAMS 0x0000000708900000, 0x0000000708900000| Untracked 
|  16|0x0000000708a00000, 0x0000000708a00000, 0x0000000708b00000|  0%| F|  |TAMS 0x0000000708a00000, 0x0000000708a00000| Untracked 
|  17|0x0000000708b00000, 0x0000000708b00000, 0x0000000708c00000|  0%| F|  |TAMS 0x0000000708b00000, 0x0000000708b00000| Untracked 
|  18|0x0000000708c00000, 0x0000000708c00000, 0x0000000708d00000|  0%| F|  |TAMS 0x0000000708c00000, 0x0000000708c00000| Untracked 
|  19|0x0000000708d00000, 0x0000000708d00000, 0x0000000708e00000|  0%| F|  |TAMS 0x0000000708d00000, 0x0000000708d00000| Untracked 
|  20|0x0000000708e00000, 0x0000000708e00000, 0x0000000708f00000|  0%| F|  |TAMS 0x0000000708e00000, 0x0000000708e00000| Untracked 
|  21|0x0000000708f00000, 0x0000000708f00000, 0x0000000709000000|  0%| F|  |TAMS 0x0000000708f00000, 0x0000000708f00000| Untracked 
|  22|0x0000000709000000, 0x0000000709000000, 0x0000000709100000|  0%| F|  |TAMS 0x0000000709000000, 0x0000000709000000| Untracked 
|  23|0x0000000709100000, 0x0000000709100000, 0x0000000709200000|  0%| F|  |TAMS 0x0000000709100000, 0x0000000709100000| Untracked 
|  24|0x0000000709200000, 0x0000000709200000, 0x0000000709300000|  0%| F|  |TAMS 0x0000000709200000, 0x0000000709200000| Untracked 
|  25|0x0000000709300000, 0x0000000709300000, 0x0000000709400000|  0%| F|  |TAMS 0x0000000709300000, 0x0000000709300000| Untracked 
|  26|0x0000000709400000, 0x0000000709400000, 0x0000000709500000|  0%| F|  |TAMS 0x0000000709400000, 0x0000000709400000| Untracked 
|  27|0x0000000709500000, 0x0000000709500000, 0x0000000709600000|  0%| F|  |TAMS 0x0000000709500000, 0x0000000709500000| Untracked 
|  28|0x0000000709600000, 0x0000000709600000, 0x0000000709700000|  0%| F|  |TAMS 0x0000000709600000, 0x0000000709600000| Untracked 
|  29|0x0000000709700000, 0x0000000709700000, 0x0000000709800000|  0%| F|  |TAMS 0x0000000709700000, 0x0000000709700000| Untracked 
|  30|0x0000000709800000, 0x0000000709800000, 0x0000000709900000|  0%| F|  |TAMS 0x0000000709800000, 0x0000000709800000| Untracked 
|  31|0x0000000709900000, 0x0000000709900000, 0x0000000709a00000|  0%| F|  |TAMS 0x0000000709900000, 0x0000000709900000| Untracked 
|  32|0x0000000709a00000, 0x0000000709a00000, 0x0000000709b00000|  0%| F|  |TAMS 0x0000000709a00000, 0x0000000709a00000| Untracked 
|  33|0x0000000709b00000, 0x0000000709b00000, 0x0000000709c00000|  0%| F|  |TAMS 0x0000000709b00000, 0x0000000709b00000| Untracked 
|  34|0x0000000709c00000, 0x0000000709c00000, 0x0000000709d00000|  0%| F|  |TAMS 0x0000000709c00000, 0x0000000709c00000| Untracked 
|  35|0x0000000709d00000, 0x0000000709d00000, 0x0000000709e00000|  0%| F|  |TAMS 0x0000000709d00000, 0x0000000709d00000| Untracked 
|  36|0x0000000709e00000, 0x0000000709e00000, 0x0000000709f00000|  0%| F|  |TAMS 0x0000000709e00000, 0x0000000709e00000| Untracked 
|  37|0x0000000709f00000, 0x0000000709f00000, 0x000000070a000000|  0%| F|  |TAMS 0x0000000709f00000, 0x0000000709f00000| Untracked 
|  38|0x000000070a000000, 0x000000070a000000, 0x000000070a100000|  0%| F|  |TAMS 0x000000070a000000, 0x000000070a000000| Untracked 
|  39|0x000000070a100000, 0x000000070a100000, 0x000000070a200000|  0%| F|  |TAMS 0x000000070a100000, 0x000000070a100000| Untracked 
|  40|0x000000070a200000, 0x000000070a200000, 0x000000070a300000|  0%| F|  |TAMS 0x000000070a200000, 0x000000070a200000| Untracked 
|  41|0x000000070a300000, 0x000000070a300000, 0x000000070a400000|  0%| F|  |TAMS 0x000000070a300000, 0x000000070a300000| Untracked 
|  42|0x000000070a400000, 0x000000070a400000, 0x000000070a500000|  0%| F|  |TAMS 0x000000070a400000, 0x000000070a400000| Untracked 
|  43|0x000000070a500000, 0x000000070a500000, 0x000000070a600000|  0%| F|  |TAMS 0x000000070a500000, 0x000000070a500000| Untracked 
|  44|0x000000070a600000, 0x000000070a600000, 0x000000070a700000|  0%| F|  |TAMS 0x000000070a600000, 0x000000070a600000| Untracked 
|  45|0x000000070a700000, 0x000000070a700000, 0x000000070a800000|  0%| F|  |TAMS 0x000000070a700000, 0x000000070a700000| Untracked 
|  46|0x000000070a800000, 0x000000070a800000, 0x000000070a900000|  0%| F|  |TAMS 0x000000070a800000, 0x000000070a800000| Untracked 
|  47|0x000000070a900000, 0x000000070a900000, 0x000000070aa00000|  0%| F|  |TAMS 0x000000070a900000, 0x000000070a900000| Untracked 
|  48|0x000000070aa00000, 0x000000070aa00000, 0x000000070ab00000|  0%| F|  |TAMS 0x000000070aa00000, 0x000000070aa00000| Untracked 
|  49|0x000000070ab00000, 0x000000070ab00000, 0x000000070ac00000|  0%| F|  |TAMS 0x000000070ab00000, 0x000000070ab00000| Untracked 
|  50|0x000000070ac00000, 0x000000070ac00000, 0x000000070ad00000|  0%| F|  |TAMS 0x000000070ac00000, 0x000000070ac00000| Untracked 
|  51|0x000000070ad00000, 0x000000070ad00000, 0x000000070ae00000|  0%| F|  |TAMS 0x000000070ad00000, 0x000000070ad00000| Untracked 
|  52|0x000000070ae00000, 0x000000070ae00000, 0x000000070af00000|  0%| F|  |TAMS 0x000000070ae00000, 0x000000070ae00000| Untracked 
|  53|0x000000070af00000, 0x000000070af00000, 0x000000070b000000|  0%| F|  |TAMS 0x000000070af00000, 0x000000070af00000| Untracked 
|  54|0x000000070b000000, 0x000000070b000000, 0x000000070b100000|  0%| F|  |TAMS 0x000000070b000000, 0x000000070b000000| Untracked 
|  55|0x000000070b100000, 0x000000070b100000, 0x000000070b200000|  0%| F|  |TAMS 0x000000070b100000, 0x000000070b100000| Untracked 
|  56|0x000000070b200000, 0x000000070b200000, 0x000000070b300000|  0%| F|  |TAMS 0x000000070b200000, 0x000000070b200000| Untracked 
|  57|0x000000070b300000, 0x000000070b300000, 0x000000070b400000|  0%| F|  |TAMS 0x000000070b300000, 0x000000070b300000| Untracked 
|  58|0x000000070b400000, 0x000000070b400000, 0x000000070b500000|  0%| F|  |TAMS 0x000000070b400000, 0x000000070b400000| Untracked 
|  59|0x000000070b500000, 0x000000070b500000, 0x000000070b600000|  0%| F|  |TAMS 0x000000070b500000, 0x000000070b500000| Untracked 
|  60|0x000000070b600000, 0x000000070b600000, 0x000000070b700000|  0%| F|  |TAMS 0x000000070b600000, 0x000000070b600000| Untracked 
|  61|0x000000070b700000, 0x000000070b700000, 0x000000070b800000|  0%| F|  |TAMS 0x000000070b700000, 0x000000070b700000| Untracked 
|  62|0x000000070b800000, 0x000000070b800000, 0x000000070b900000|  0%| F|  |TAMS 0x000000070b800000, 0x000000070b800000| Untracked 
|  63|0x000000070b900000, 0x000000070b900000, 0x000000070ba00000|  0%| F|  |TAMS 0x000000070b900000, 0x000000070b900000| Untracked 
|  64|0x000000070ba00000, 0x000000070ba00000, 0x000000070bb00000|  0%| F|  |TAMS 0x000000070ba00000, 0x000000070ba00000| Untracked 
|  65|0x000000070bb00000, 0x000000070bb00000, 0x000000070bc00000|  0%| F|  |TAMS 0x000000070bb00000, 0x000000070bb00000| Untracked 
|  66|0x000000070bc00000, 0x000000070bc00000, 0x000000070bd00000|  0%| F|  |TAMS 0x000000070bc00000, 0x000000070bc00000| Untracked 
|  67|0x000000070bd00000, 0x000000070bd00000, 0x000000070be00000|  0%| F|  |TAMS 0x000000070bd00000, 0x000000070bd00000| Untracked 
|  68|0x000000070be00000, 0x000000070be00000, 0x000000070bf00000|  0%| F|  |TAMS 0x000000070be00000, 0x000000070be00000| Untracked 
|  69|0x000000070bf00000, 0x000000070bf00000, 0x000000070c000000|  0%| F|  |TAMS 0x000000070bf00000, 0x000000070bf00000| Untracked 
|  70|0x000000070c000000, 0x000000070c000000, 0x000000070c100000|  0%| F|  |TAMS 0x000000070c000000, 0x000000070c000000| Untracked 
|  71|0x000000070c100000, 0x000000070c100000, 0x000000070c200000|  0%| F|  |TAMS 0x000000070c100000, 0x000000070c100000| Untracked 
|  72|0x000000070c200000, 0x000000070c200000, 0x000000070c300000|  0%| F|  |TAMS 0x000000070c200000, 0x000000070c200000| Untracked 
|  73|0x000000070c300000, 0x000000070c300000, 0x000000070c400000|  0%| F|  |TAMS 0x000000070c300000, 0x000000070c300000| Untracked 
|  74|0x000000070c400000, 0x000000070c400000, 0x000000070c500000|  0%| F|  |TAMS 0x000000070c400000, 0x000000070c400000| Untracked 
|  75|0x000000070c500000, 0x000000070c500000, 0x000000070c600000|  0%| F|  |TAMS 0x000000070c500000, 0x000000070c500000| Untracked 
|  76|0x000000070c600000, 0x000000070c600000, 0x000000070c700000|  0%| F|  |TAMS 0x000000070c600000, 0x000000070c600000| Untracked 
|  77|0x000000070c700000, 0x000000070c700000, 0x000000070c800000|  0%| F|  |TAMS 0x000000070c700000, 0x000000070c700000| Untracked 
|  78|0x000000070c800000, 0x000000070c800000, 0x000000070c900000|  0%| F|  |TAMS 0x000000070c800000, 0x000000070c800000| Untracked 
|  79|0x000000070c900000, 0x000000070c900000, 0x000000070ca00000|  0%| F|  |TAMS 0x000000070c900000, 0x000000070c900000| Untracked 
|  80|0x000000070ca00000, 0x000000070ca00000, 0x000000070cb00000|  0%| F|  |TAMS 0x000000070ca00000, 0x000000070ca00000| Untracked 
|  81|0x000000070cb00000, 0x000000070cb00000, 0x000000070cc00000|  0%| F|  |TAMS 0x000000070cb00000, 0x000000070cb00000| Untracked 
|  82|0x000000070cc00000, 0x000000070cc00000, 0x000000070cd00000|  0%| F|  |TAMS 0x000000070cc00000, 0x000000070cc00000| Untracked 
|  83|0x000000070cd00000, 0x000000070cd00000, 0x000000070ce00000|  0%| F|  |TAMS 0x000000070cd00000, 0x000000070cd00000| Untracked 
|  84|0x000000070ce00000, 0x000000070ce00000, 0x000000070cf00000|  0%| F|  |TAMS 0x000000070ce00000, 0x000000070ce00000| Untracked 
|  85|0x000000070cf00000, 0x000000070cf00000, 0x000000070d000000|  0%| F|  |TAMS 0x000000070cf00000, 0x000000070cf00000| Untracked 
|  86|0x000000070d000000, 0x000000070d000000, 0x000000070d100000|  0%| F|  |TAMS 0x000000070d000000, 0x000000070d000000| Untracked 
|  87|0x000000070d100000, 0x000000070d100000, 0x000000070d200000|  0%| F|  |TAMS 0x000000070d100000, 0x000000070d100000| Untracked 
|  88|0x000000070d200000, 0x000000070d200000, 0x000000070d300000|  0%| F|  |TAMS 0x000000070d200000, 0x000000070d200000| Untracked 
|  89|0x000000070d300000, 0x000000070d300000, 0x000000070d400000|  0%| F|  |TAMS 0x000000070d300000, 0x000000070d300000| Untracked 
|  90|0x000000070d400000, 0x000000070d400000, 0x000000070d500000|  0%| F|  |TAMS 0x000000070d400000, 0x000000070d400000| Untracked 
|  91|0x000000070d500000, 0x000000070d500000, 0x000000070d600000|  0%| F|  |TAMS 0x000000070d500000, 0x000000070d500000| Untracked 
|  92|0x000000070d600000, 0x000000070d600000, 0x000000070d700000|  0%| F|  |TAMS 0x000000070d600000, 0x000000070d600000| Untracked 
|  93|0x000000070d700000, 0x000000070d700000, 0x000000070d800000|  0%| F|  |TAMS 0x000000070d700000, 0x000000070d700000| Untracked 
|  94|0x000000070d800000, 0x000000070d800000, 0x000000070d900000|  0%| F|  |TAMS 0x000000070d800000, 0x000000070d800000| Untracked 
|  95|0x000000070d900000, 0x000000070d900000, 0x000000070da00000|  0%| F|  |TAMS 0x000000070d900000, 0x000000070d900000| Untracked 
|  96|0x000000070da00000, 0x000000070da00000, 0x000000070db00000|  0%| F|  |TAMS 0x000000070da00000, 0x000000070da00000| Untracked 
|  97|0x000000070db00000, 0x000000070db00000, 0x000000070dc00000|  0%| F|  |TAMS 0x000000070db00000, 0x000000070db00000| Untracked 
|  98|0x000000070dc00000, 0x000000070dc00000, 0x000000070dd00000|  0%| F|  |TAMS 0x000000070dc00000, 0x000000070dc00000| Untracked 
|  99|0x000000070dd00000, 0x000000070dd00000, 0x000000070de00000|  0%| F|  |TAMS 0x000000070dd00000, 0x000000070dd00000| Untracked 
| 100|0x000000070de00000, 0x000000070de00000, 0x000000070df00000|  0%| F|  |TAMS 0x000000070de00000, 0x000000070de00000| Untracked 
| 101|0x000000070df00000, 0x000000070df00000, 0x000000070e000000|  0%| F|  |TAMS 0x000000070df00000, 0x000000070df00000| Untracked 
| 102|0x000000070e000000, 0x000000070e000000, 0x000000070e100000|  0%| F|  |TAMS 0x000000070e000000, 0x000000070e000000| Untracked 
| 103|0x000000070e100000, 0x000000070e100000, 0x000000070e200000|  0%| F|  |TAMS 0x000000070e100000, 0x000000070e100000| Untracked 
| 104|0x000000070e200000, 0x000000070e200000, 0x000000070e300000|  0%| F|  |TAMS 0x000000070e200000, 0x000000070e200000| Untracked 
| 105|0x000000070e300000, 0x000000070e300000, 0x000000070e400000|  0%| F|  |TAMS 0x000000070e300000, 0x000000070e300000| Untracked 
| 106|0x000000070e400000, 0x000000070e400000, 0x000000070e500000|  0%| F|  |TAMS 0x000000070e400000, 0x000000070e400000| Untracked 
| 107|0x000000070e500000, 0x000000070e500000, 0x000000070e600000|  0%| F|  |TAMS 0x000000070e500000, 0x000000070e500000| Untracked 
| 108|0x000000070e600000, 0x000000070e600000, 0x000000070e700000|  0%| F|  |TAMS 0x000000070e600000, 0x000000070e600000| Untracked 
| 109|0x000000070e700000, 0x000000070e700000, 0x000000070e800000|  0%| F|  |TAMS 0x000000070e700000, 0x000000070e700000| Untracked 
| 110|0x000000070e800000, 0x000000070e800000, 0x000000070e900000|  0%| F|  |TAMS 0x000000070e800000, 0x000000070e800000| Untracked 
| 111|0x000000070e900000, 0x000000070e900000, 0x000000070ea00000|  0%| F|  |TAMS 0x000000070e900000, 0x000000070e900000| Untracked 
| 112|0x000000070ea00000, 0x000000070ea00000, 0x000000070eb00000|  0%| F|  |TAMS 0x000000070ea00000, 0x000000070ea00000| Untracked 
| 113|0x000000070eb00000, 0x000000070eb00000, 0x000000070ec00000|  0%| F|  |TAMS 0x000000070eb00000, 0x000000070eb00000| Untracked 
| 114|0x000000070ec00000, 0x000000070ec00000, 0x000000070ed00000|  0%| F|  |TAMS 0x000000070ec00000, 0x000000070ec00000| Untracked 
| 115|0x000000070ed00000, 0x000000070ed00000, 0x000000070ee00000|  0%| F|  |TAMS 0x000000070ed00000, 0x000000070ed00000| Untracked 
| 116|0x000000070ee00000, 0x000000070ee00000, 0x000000070ef00000|  0%| F|  |TAMS 0x000000070ee00000, 0x000000070ee00000| Untracked 
| 117|0x000000070ef00000, 0x000000070ef00000, 0x000000070f000000|  0%| F|  |TAMS 0x000000070ef00000, 0x000000070ef00000| Untracked 
| 118|0x000000070f000000, 0x000000070f000000, 0x000000070f100000|  0%| F|  |TAMS 0x000000070f000000, 0x000000070f000000| Untracked 
| 119|0x000000070f100000, 0x000000070f100000, 0x000000070f200000|  0%| F|  |TAMS 0x000000070f100000, 0x000000070f100000| Untracked 
| 120|0x000000070f200000, 0x000000070f200000, 0x000000070f300000|  0%| F|  |TAMS 0x000000070f200000, 0x000000070f200000| Untracked 
| 121|0x000000070f300000, 0x000000070f300000, 0x000000070f400000|  0%| F|  |TAMS 0x000000070f300000, 0x000000070f300000| Untracked 
| 122|0x000000070f400000, 0x000000070f400000, 0x000000070f500000|  0%| F|  |TAMS 0x000000070f400000, 0x000000070f400000| Untracked 
| 123|0x000000070f500000, 0x000000070f500000, 0x000000070f600000|  0%| F|  |TAMS 0x000000070f500000, 0x000000070f500000| Untracked 
| 124|0x000000070f600000, 0x000000070f600000, 0x000000070f700000|  0%| F|  |TAMS 0x000000070f600000, 0x000000070f600000| Untracked 
| 125|0x000000070f700000, 0x000000070f700000, 0x000000070f800000|  0%| F|  |TAMS 0x000000070f700000, 0x000000070f700000| Untracked 
| 126|0x000000070f800000, 0x000000070f800000, 0x000000070f900000|  0%| F|  |TAMS 0x000000070f800000, 0x000000070f800000| Untracked 
| 127|0x000000070f900000, 0x000000070f900000, 0x000000070fa00000|  0%| F|  |TAMS 0x000000070f900000, 0x000000070f900000| Untracked 
| 128|0x000000070fa00000, 0x000000070fa00000, 0x000000070fb00000|  0%| F|  |TAMS 0x000000070fa00000, 0x000000070fa00000| Untracked 
| 129|0x000000070fb00000, 0x000000070fb00000, 0x000000070fc00000|  0%| F|  |TAMS 0x000000070fb00000, 0x000000070fb00000| Untracked 
| 130|0x000000070fc00000, 0x000000070fc00000, 0x000000070fd00000|  0%| F|  |TAMS 0x000000070fc00000, 0x000000070fc00000| Untracked 
| 131|0x000000070fd00000, 0x000000070fd00000, 0x000000070fe00000|  0%| F|  |TAMS 0x000000070fd00000, 0x000000070fd00000| Untracked 
| 132|0x000000070fe00000, 0x000000070fe00000, 0x000000070ff00000|  0%| F|  |TAMS 0x000000070fe00000, 0x000000070fe00000| Untracked 
| 133|0x000000070ff00000, 0x000000070ff00000, 0x0000000710000000|  0%| F|  |TAMS 0x000000070ff00000, 0x000000070ff00000| Untracked 
| 134|0x0000000710000000, 0x0000000710000000, 0x0000000710100000|  0%| F|  |TAMS 0x0000000710000000, 0x0000000710000000| Untracked 
| 135|0x0000000710100000, 0x0000000710100000, 0x0000000710200000|  0%| F|  |TAMS 0x0000000710100000, 0x0000000710100000| Untracked 
| 136|0x0000000710200000, 0x0000000710200000, 0x0000000710300000|  0%| F|  |TAMS 0x0000000710200000, 0x0000000710200000| Untracked 
| 137|0x0000000710300000, 0x0000000710300000, 0x0000000710400000|  0%| F|  |TAMS 0x0000000710300000, 0x0000000710300000| Untracked 
| 138|0x0000000710400000, 0x0000000710400000, 0x0000000710500000|  0%| F|  |TAMS 0x0000000710400000, 0x0000000710400000| Untracked 
| 139|0x0000000710500000, 0x0000000710500000, 0x0000000710600000|  0%| F|  |TAMS 0x0000000710500000, 0x0000000710500000| Untracked 
| 140|0x0000000710600000, 0x0000000710600000, 0x0000000710700000|  0%| F|  |TAMS 0x0000000710600000, 0x0000000710600000| Untracked 
| 141|0x0000000710700000, 0x0000000710700000, 0x0000000710800000|  0%| F|  |TAMS 0x0000000710700000, 0x0000000710700000| Untracked 
| 142|0x0000000710800000, 0x0000000710800000, 0x0000000710900000|  0%| F|  |TAMS 0x0000000710800000, 0x0000000710800000| Untracked 
| 143|0x0000000710900000, 0x0000000710900000, 0x0000000710a00000|  0%| F|  |TAMS 0x0000000710900000, 0x0000000710900000| Untracked 
| 144|0x0000000710a00000, 0x0000000710a00000, 0x0000000710b00000|  0%| F|  |TAMS 0x0000000710a00000, 0x0000000710a00000| Untracked 
| 145|0x0000000710b00000, 0x0000000710b00000, 0x0000000710c00000|  0%| F|  |TAMS 0x0000000710b00000, 0x0000000710b00000| Untracked 
| 146|0x0000000710c00000, 0x0000000710c00000, 0x0000000710d00000|  0%| F|  |TAMS 0x0000000710c00000, 0x0000000710c00000| Untracked 
| 147|0x0000000710d00000, 0x0000000710d00000, 0x0000000710e00000|  0%| F|  |TAMS 0x0000000710d00000, 0x0000000710d00000| Untracked 
| 148|0x0000000710e00000, 0x0000000710e00000, 0x0000000710f00000|  0%| F|  |TAMS 0x0000000710e00000, 0x0000000710e00000| Untracked 
| 149|0x0000000710f00000, 0x0000000710f00000, 0x0000000711000000|  0%| F|  |TAMS 0x0000000710f00000, 0x0000000710f00000| Untracked 
| 150|0x0000000711000000, 0x0000000711000000, 0x0000000711100000|  0%| F|  |TAMS 0x0000000711000000, 0x0000000711000000| Untracked 
| 151|0x0000000711100000, 0x0000000711100000, 0x0000000711200000|  0%| F|  |TAMS 0x0000000711100000, 0x0000000711100000| Untracked 
| 152|0x0000000711200000, 0x0000000711200000, 0x0000000711300000|  0%| F|  |TAMS 0x0000000711200000, 0x0000000711200000| Untracked 
| 153|0x0000000711300000, 0x0000000711300000, 0x0000000711400000|  0%| F|  |TAMS 0x0000000711300000, 0x0000000711300000| Untracked 
| 154|0x0000000711400000, 0x0000000711400000, 0x0000000711500000|  0%| F|  |TAMS 0x0000000711400000, 0x0000000711400000| Untracked 
| 155|0x0000000711500000, 0x0000000711500000, 0x0000000711600000|  0%| F|  |TAMS 0x0000000711500000, 0x0000000711500000| Untracked 
| 156|0x0000000711600000, 0x0000000711600000, 0x0000000711700000|  0%| F|  |TAMS 0x0000000711600000, 0x0000000711600000| Untracked 
| 157|0x0000000711700000, 0x0000000711700000, 0x0000000711800000|  0%| F|  |TAMS 0x0000000711700000, 0x0000000711700000| Untracked 
| 158|0x0000000711800000, 0x0000000711800000, 0x0000000711900000|  0%| F|  |TAMS 0x0000000711800000, 0x0000000711800000| Untracked 
| 159|0x0000000711900000, 0x0000000711900000, 0x0000000711a00000|  0%| F|  |TAMS 0x0000000711900000, 0x0000000711900000| Untracked 
| 160|0x0000000711a00000, 0x0000000711a00000, 0x0000000711b00000|  0%| F|  |TAMS 0x0000000711a00000, 0x0000000711a00000| Untracked 
| 161|0x0000000711b00000, 0x0000000711b00000, 0x0000000711c00000|  0%| F|  |TAMS 0x0000000711b00000, 0x0000000711b00000| Untracked 
| 162|0x0000000711c00000, 0x0000000711c00000, 0x0000000711d00000|  0%| F|  |TAMS 0x0000000711c00000, 0x0000000711c00000| Untracked 
| 163|0x0000000711d00000, 0x0000000711d00000, 0x0000000711e00000|  0%| F|  |TAMS 0x0000000711d00000, 0x0000000711d00000| Untracked 
| 164|0x0000000711e00000, 0x0000000711e00000, 0x0000000711f00000|  0%| F|  |TAMS 0x0000000711e00000, 0x0000000711e00000| Untracked 
| 165|0x0000000711f00000, 0x0000000711f00000, 0x0000000712000000|  0%| F|  |TAMS 0x0000000711f00000, 0x0000000711f00000| Untracked 
| 166|0x0000000712000000, 0x0000000712000000, 0x0000000712100000|  0%| F|  |TAMS 0x0000000712000000, 0x0000000712000000| Untracked 
| 167|0x0000000712100000, 0x0000000712100000, 0x0000000712200000|  0%| F|  |TAMS 0x0000000712100000, 0x0000000712100000| Untracked 
| 168|0x0000000712200000, 0x0000000712200000, 0x0000000712300000|  0%| F|  |TAMS 0x0000000712200000, 0x0000000712200000| Untracked 
| 169|0x0000000712300000, 0x0000000712300000, 0x0000000712400000|  0%| F|  |TAMS 0x0000000712300000, 0x0000000712300000| Untracked 
| 170|0x0000000712400000, 0x0000000712400000, 0x0000000712500000|  0%| F|  |TAMS 0x0000000712400000, 0x0000000712400000| Untracked 
| 171|0x0000000712500000, 0x0000000712500000, 0x0000000712600000|  0%| F|  |TAMS 0x0000000712500000, 0x0000000712500000| Untracked 
| 172|0x0000000712600000, 0x0000000712600000, 0x0000000712700000|  0%| F|  |TAMS 0x0000000712600000, 0x0000000712600000| Untracked 
| 173|0x0000000712700000, 0x0000000712700000, 0x0000000712800000|  0%| F|  |TAMS 0x0000000712700000, 0x0000000712700000| Untracked 
| 174|0x0000000712800000, 0x0000000712800000, 0x0000000712900000|  0%| F|  |TAMS 0x0000000712800000, 0x0000000712800000| Untracked 
| 175|0x0000000712900000, 0x0000000712900000, 0x0000000712a00000|  0%| F|  |TAMS 0x0000000712900000, 0x0000000712900000| Untracked 
| 176|0x0000000712a00000, 0x0000000712a00000, 0x0000000712b00000|  0%| F|  |TAMS 0x0000000712a00000, 0x0000000712a00000| Untracked 
| 177|0x0000000712b00000, 0x0000000712b00000, 0x0000000712c00000|  0%| F|  |TAMS 0x0000000712b00000, 0x0000000712b00000| Untracked 
| 178|0x0000000712c00000, 0x0000000712c00000, 0x0000000712d00000|  0%| F|  |TAMS 0x0000000712c00000, 0x0000000712c00000| Untracked 
| 179|0x0000000712d00000, 0x0000000712d00000, 0x0000000712e00000|  0%| F|  |TAMS 0x0000000712d00000, 0x0000000712d00000| Untracked 
| 180|0x0000000712e00000, 0x0000000712e00000, 0x0000000712f00000|  0%| F|  |TAMS 0x0000000712e00000, 0x0000000712e00000| Untracked 
| 181|0x0000000712f00000, 0x0000000712f00000, 0x0000000713000000|  0%| F|  |TAMS 0x0000000712f00000, 0x0000000712f00000| Untracked 
| 182|0x0000000713000000, 0x0000000713000000, 0x0000000713100000|  0%| F|  |TAMS 0x0000000713000000, 0x0000000713000000| Untracked 
| 183|0x0000000713100000, 0x0000000713100000, 0x0000000713200000|  0%| F|  |TAMS 0x0000000713100000, 0x0000000713100000| Untracked 
| 184|0x0000000713200000, 0x0000000713200000, 0x0000000713300000|  0%| F|  |TAMS 0x0000000713200000, 0x0000000713200000| Untracked 
| 185|0x0000000713300000, 0x0000000713300000, 0x0000000713400000|  0%| F|  |TAMS 0x0000000713300000, 0x0000000713300000| Untracked 
| 186|0x0000000713400000, 0x0000000713400000, 0x0000000713500000|  0%| F|  |TAMS 0x0000000713400000, 0x0000000713400000| Untracked 
| 187|0x0000000713500000, 0x0000000713500000, 0x0000000713600000|  0%| F|  |TAMS 0x0000000713500000, 0x0000000713500000| Untracked 
| 188|0x0000000713600000, 0x0000000713600000, 0x0000000713700000|  0%| F|  |TAMS 0x0000000713600000, 0x0000000713600000| Untracked 
| 189|0x0000000713700000, 0x0000000713700000, 0x0000000713800000|  0%| F|  |TAMS 0x0000000713700000, 0x0000000713700000| Untracked 
| 190|0x0000000713800000, 0x0000000713800000, 0x0000000713900000|  0%| F|  |TAMS 0x0000000713800000, 0x0000000713800000| Untracked 
| 191|0x0000000713900000, 0x0000000713900000, 0x0000000713a00000|  0%| F|  |TAMS 0x0000000713900000, 0x0000000713900000| Untracked 
| 192|0x0000000713a00000, 0x0000000713a00000, 0x0000000713b00000|  0%| F|  |TAMS 0x0000000713a00000, 0x0000000713a00000| Untracked 
| 193|0x0000000713b00000, 0x0000000713b00000, 0x0000000713c00000|  0%| F|  |TAMS 0x0000000713b00000, 0x0000000713b00000| Untracked 
| 194|0x0000000713c00000, 0x0000000713c00000, 0x0000000713d00000|  0%| F|  |TAMS 0x0000000713c00000, 0x0000000713c00000| Untracked 
| 195|0x0000000713d00000, 0x0000000713d00000, 0x0000000713e00000|  0%| F|  |TAMS 0x0000000713d00000, 0x0000000713d00000| Untracked 
| 196|0x0000000713e00000, 0x0000000713e00000, 0x0000000713f00000|  0%| F|  |TAMS 0x0000000713e00000, 0x0000000713e00000| Untracked 
| 197|0x0000000713f00000, 0x0000000713f00000, 0x0000000714000000|  0%| F|  |TAMS 0x0000000713f00000, 0x0000000713f00000| Untracked 
| 198|0x0000000714000000, 0x0000000714000000, 0x0000000714100000|  0%| F|  |TAMS 0x0000000714000000, 0x0000000714000000| Untracked 
| 199|0x0000000714100000, 0x0000000714100000, 0x0000000714200000|  0%| F|  |TAMS 0x0000000714100000, 0x0000000714100000| Untracked 
| 200|0x0000000714200000, 0x0000000714200000, 0x0000000714300000|  0%| F|  |TAMS 0x0000000714200000, 0x0000000714200000| Untracked 
| 201|0x0000000714300000, 0x0000000714300000, 0x0000000714400000|  0%| F|  |TAMS 0x0000000714300000, 0x0000000714300000| Untracked 
| 202|0x0000000714400000, 0x0000000714400000, 0x0000000714500000|  0%| F|  |TAMS 0x0000000714400000, 0x0000000714400000| Untracked 
| 203|0x0000000714500000, 0x0000000714500000, 0x0000000714600000|  0%| F|  |TAMS 0x0000000714500000, 0x0000000714500000| Untracked 
| 204|0x0000000714600000, 0x0000000714600000, 0x0000000714700000|  0%| F|  |TAMS 0x0000000714600000, 0x0000000714600000| Untracked 
| 205|0x0000000714700000, 0x0000000714700000, 0x0000000714800000|  0%| F|  |TAMS 0x0000000714700000, 0x0000000714700000| Untracked 
| 206|0x0000000714800000, 0x0000000714800000, 0x0000000714900000|  0%| F|  |TAMS 0x0000000714800000, 0x0000000714800000| Untracked 
| 207|0x0000000714900000, 0x0000000714900000, 0x0000000714a00000|  0%| F|  |TAMS 0x0000000714900000, 0x0000000714900000| Untracked 
| 208|0x0000000714a00000, 0x0000000714a00000, 0x0000000714b00000|  0%| F|  |TAMS 0x0000000714a00000, 0x0000000714a00000| Untracked 
| 209|0x0000000714b00000, 0x0000000714b00000, 0x0000000714c00000|  0%| F|  |TAMS 0x0000000714b00000, 0x0000000714b00000| Untracked 
| 210|0x0000000714c00000, 0x0000000714c00000, 0x0000000714d00000|  0%| F|  |TAMS 0x0000000714c00000, 0x0000000714c00000| Untracked 
| 211|0x0000000714d00000, 0x0000000714d00000, 0x0000000714e00000|  0%| F|  |TAMS 0x0000000714d00000, 0x0000000714d00000| Untracked 
| 212|0x0000000714e00000, 0x0000000714e00000, 0x0000000714f00000|  0%| F|  |TAMS 0x0000000714e00000, 0x0000000714e00000| Untracked 
| 213|0x0000000714f00000, 0x0000000714f00000, 0x0000000715000000|  0%| F|  |TAMS 0x0000000714f00000, 0x0000000714f00000| Untracked 
| 214|0x0000000715000000, 0x0000000715000000, 0x0000000715100000|  0%| F|  |TAMS 0x0000000715000000, 0x0000000715000000| Untracked 
| 215|0x0000000715100000, 0x0000000715100000, 0x0000000715200000|  0%| F|  |TAMS 0x0000000715100000, 0x0000000715100000| Untracked 
| 216|0x0000000715200000, 0x0000000715200000, 0x0000000715300000|  0%| F|  |TAMS 0x0000000715200000, 0x0000000715200000| Untracked 
| 217|0x0000000715300000, 0x0000000715300000, 0x0000000715400000|  0%| F|  |TAMS 0x0000000715300000, 0x0000000715300000| Untracked 
| 218|0x0000000715400000, 0x0000000715400000, 0x0000000715500000|  0%| F|  |TAMS 0x0000000715400000, 0x0000000715400000| Untracked 
| 219|0x0000000715500000, 0x0000000715500000, 0x0000000715600000|  0%| F|  |TAMS 0x0000000715500000, 0x0000000715500000| Untracked 
| 220|0x0000000715600000, 0x0000000715600000, 0x0000000715700000|  0%| F|  |TAMS 0x0000000715600000, 0x0000000715600000| Untracked 
| 221|0x0000000715700000, 0x0000000715700000, 0x0000000715800000|  0%| F|  |TAMS 0x0000000715700000, 0x0000000715700000| Untracked 
| 222|0x0000000715800000, 0x0000000715800000, 0x0000000715900000|  0%| F|  |TAMS 0x0000000715800000, 0x0000000715800000| Untracked 
| 223|0x0000000715900000, 0x0000000715900000, 0x0000000715a00000|  0%| F|  |TAMS 0x0000000715900000, 0x0000000715900000| Untracked 
| 224|0x0000000715a00000, 0x0000000715a00000, 0x0000000715b00000|  0%| F|  |TAMS 0x0000000715a00000, 0x0000000715a00000| Untracked 
| 225|0x0000000715b00000, 0x0000000715b00000, 0x0000000715c00000|  0%| F|  |TAMS 0x0000000715b00000, 0x0000000715b00000| Untracked 
| 226|0x0000000715c00000, 0x0000000715c00000, 0x0000000715d00000|  0%| F|  |TAMS 0x0000000715c00000, 0x0000000715c00000| Untracked 
| 227|0x0000000715d00000, 0x0000000715d00000, 0x0000000715e00000|  0%| F|  |TAMS 0x0000000715d00000, 0x0000000715d00000| Untracked 
| 228|0x0000000715e00000, 0x0000000715e00000, 0x0000000715f00000|  0%| F|  |TAMS 0x0000000715e00000, 0x0000000715e00000| Untracked 
| 229|0x0000000715f00000, 0x0000000715f00000, 0x0000000716000000|  0%| F|  |TAMS 0x0000000715f00000, 0x0000000715f00000| Untracked 
| 230|0x0000000716000000, 0x0000000716000000, 0x0000000716100000|  0%| F|  |TAMS 0x0000000716000000, 0x0000000716000000| Untracked 
| 231|0x0000000716100000, 0x0000000716100000, 0x0000000716200000|  0%| F|  |TAMS 0x0000000716100000, 0x0000000716100000| Untracked 
| 232|0x0000000716200000, 0x0000000716200000, 0x0000000716300000|  0%| F|  |TAMS 0x0000000716200000, 0x0000000716200000| Untracked 
| 233|0x0000000716300000, 0x0000000716300000, 0x0000000716400000|  0%| F|  |TAMS 0x0000000716300000, 0x0000000716300000| Untracked 
| 234|0x0000000716400000, 0x0000000716400000, 0x0000000716500000|  0%| F|  |TAMS 0x0000000716400000, 0x0000000716400000| Untracked 
| 235|0x0000000716500000, 0x0000000716500000, 0x0000000716600000|  0%| F|  |TAMS 0x0000000716500000, 0x0000000716500000| Untracked 
| 236|0x0000000716600000, 0x0000000716600000, 0x0000000716700000|  0%| F|  |TAMS 0x0000000716600000, 0x0000000716600000| Untracked 
| 237|0x0000000716700000, 0x0000000716700000, 0x0000000716800000|  0%| F|  |TAMS 0x0000000716700000, 0x0000000716700000| Untracked 
| 238|0x0000000716800000, 0x0000000716800000, 0x0000000716900000|  0%| F|  |TAMS 0x0000000716800000, 0x0000000716800000| Untracked 
| 239|0x0000000716900000, 0x0000000716900000, 0x0000000716a00000|  0%| F|  |TAMS 0x0000000716900000, 0x0000000716900000| Untracked 
| 240|0x0000000716a00000, 0x0000000716a00000, 0x0000000716b00000|  0%| F|  |TAMS 0x0000000716a00000, 0x0000000716a00000| Untracked 
| 241|0x0000000716b00000, 0x0000000716b00000, 0x0000000716c00000|  0%| F|  |TAMS 0x0000000716b00000, 0x0000000716b00000| Untracked 
| 242|0x0000000716c00000, 0x0000000716c859d0, 0x0000000716d00000| 52%| E|  |TAMS 0x0000000716c00000, 0x0000000716c00000| Complete 
| 243|0x0000000716d00000, 0x0000000716e00000, 0x0000000716e00000|100%| E|  |TAMS 0x0000000716d00000, 0x0000000716d00000| Complete 
| 244|0x0000000716e00000, 0x0000000716f00000, 0x0000000716f00000|100%| E|CS|TAMS 0x0000000716e00000, 0x0000000716e00000| Complete 
| 245|0x0000000716f00000, 0x0000000717000000, 0x0000000717000000|100%| E|CS|TAMS 0x0000000716f00000, 0x0000000716f00000| Complete 
| 246|0x0000000717000000, 0x0000000717100000, 0x0000000717100000|100%| E|CS|TAMS 0x0000000717000000, 0x0000000717000000| Complete 
| 247|0x0000000717100000, 0x0000000717200000, 0x0000000717200000|100%| E|CS|TAMS 0x0000000717100000, 0x0000000717100000| Complete 
| 248|0x0000000717200000, 0x0000000717300000, 0x0000000717300000|100%| E|CS|TAMS 0x0000000717200000, 0x0000000717200000| Complete 
| 249|0x0000000717300000, 0x0000000717400000, 0x0000000717400000|100%| E|CS|TAMS 0x0000000717300000, 0x0000000717300000| Complete 
|2948|0x00000007bfe00000, 0x00000007bfe47000, 0x00000007bff00000| 27%|OA|  |TAMS 0x00000007bfe00000, 0x00000007bfe00000| Untracked 
|2949|0x00000007bff00000, 0x00000007bff6b000, 0x00000007c0000000| 41%|CA|  |TAMS 0x00000007bff00000, 0x00000007bff00000| Untracked 

Card table byte_map: [0x00007f9801c7d000,0x00007f9802440000] _byte_map_base: 0x00007f97fe440000

Marking Bits (Prev, Next): (CMBitMap*) 0x00007f981c07fda8, (CMBitMap*) 0x00007f981c07fde0
 Prev Bits: [0x00007f97f81e8000, 0x00007f97fc000000)
 Next Bits: [0x00007f97f43d0000, 0x00007f97f81e8000)

Polling page: 0x00007f9823d73000

Metaspace:

Usage:
  Non-class:      4,86 MB capacity,     3,50 MB ( 72%) used,     1,35 MB ( 28%) free+waste,     6,31 KB ( <1%) overhead. 
      Class:    508,00 KB capacity,   367,70 KB ( 72%) used,   136,87 KB ( 27%) free+waste,     3,44 KB ( <1%) overhead. 
       Both:      5,35 MB capacity,     3,86 MB ( 72%) used,     1,49 MB ( 28%) free+waste,     9,75 KB ( <1%) overhead. 

Virtual space:
  Non-class space:        8,00 MB reserved,       5,00 MB ( 62%) committed 
      Class space:        1,00 GB reserved,     512,00 KB ( <1%) committed 
             Both:        1,01 GB reserved,       5,50 MB ( <1%) committed 

Chunk freelists:
   Non-Class:  19,00 KB
       Class:  4,00 KB
        Both:  23,00 KB

MaxMetaspaceSize: unlimited
CompressedClassSpaceSize: 1,00 GB

CodeHeap 'non-profiled nmethods': size=120032Kb used=172Kb max_used=172Kb free=119859Kb
 bounds [0x00007f980b0c0000, 0x00007f980b330000, 0x00007f98125f8000]
CodeHeap 'profiled nmethods': size=120028Kb used=823Kb max_used=823Kb free=119204Kb
 bounds [0x00007f9803b89000, 0x00007f9803df9000, 0x00007f980b0c0000]
CodeHeap 'non-nmethods': size=5700Kb used=1134Kb max_used=1149Kb free=4565Kb
 bounds [0x00007f98035f8000, 0x00007f9803868000, 0x00007f9803b89000]
 total_blobs=918 nmethods=545 adapters=294
 compilation: enabled
              stopped_count=0, restarted_count=0
 full_count=0

Compilation events (20 events):
Event: 0,418 Thread 0x00007f981c247800  538       3       org.eclipse.jdt.launching.internal.org.objectweb.asm.SymbolTable::hash (20 bytes)
Event: 0,418 Thread 0x00007f981c247800 nmethod 538 0x00007f9803c54310 code [0x00007f9803c544e0, 0x00007f9803c546a0]
Event: 0,418 Thread 0x00007f981c247800  543       3       org.eclipse.jdt.launching.internal.org.objectweb.asm.SymbolTable::addConstantNameAndType (28 bytes)
Event: 0,419 Thread 0x00007f981c247800 nmethod 543 0x00007f9803c54810 code [0x00007f9803c54a00, 0x00007f9803c54df0]
Event: 0,419 Thread 0x00007f981c247800  534       3       org.eclipse.jdt.launching.internal.org.objectweb.asm.ClassVisitor::visitMethod (24 bytes)
Event: 0,419 Thread 0x00007f981c247800 nmethod 534 0x00007f9803c55090 code [0x00007f9803c55260, 0x00007f9803c554e0]
Event: 0,419 Thread 0x00007f981c247800  535       3       org.eclipse.jdt.launching.internal.org.objectweb.asm.ClassWriter::visitMethod (57 bytes)
Event: 0,419 Thread 0x00007f981c247800 nmethod 535 0x00007f9803c55610 code [0x00007f9803c557e0, 0x00007f9803c55bc0]
Event: 0,419 Thread 0x00007f981c247800  536       3       sun.nio.fs.UnixPath::isEmpty (14 bytes)
Event: 0,419 Thread 0x00007f981c247800 nmethod 536 0x00007f9803c55d10 code [0x00007f9803c55ec0, 0x00007f9803c56050]
Event: 0,419 Thread 0x00007f981c247800  541       1       jdk.internal.loader.BuiltinClassLoader$LoadedModule::loader (5 bytes)
Event: 0,420 Thread 0x00007f981c247800 nmethod 541 0x00007f980b0e7510 code [0x00007f980b0e76c0, 0x00007f980b0e7790]
Event: 0,427 Thread 0x00007f981c245800 nmethod 523 0x00007f980b0e7810 code [0x00007f980b0e79e0, 0x00007f980b0e8858]
Event: 0,427 Thread 0x00007f981c245800  540       4       java.lang.String::hashCode (49 bytes)
Event: 0,431 Thread 0x00007f981c245800 nmethod 540 0x00007f980b0e8f10 code [0x00007f980b0e90c0, 0x00007f980b0e92e8]
Event: 0,433 Thread 0x00007f97c80de800 nmethod 539 0x00007f980b0e9410 code [0x00007f980b0e9600, 0x00007f980b0ea5f8]
Event: 16,464 Thread 0x00007f981c245800  544       4       org.eclipse.jdt.launching.internal.org.objectweb.asm.ClassReader::readUTF8 (23 bytes)
Event: 16,464 Thread 0x00007f981c247800  545       3       org.eclipse.jdt.launching.internal.org.objectweb.asm.MethodWriter::canCopyMethodAttributes (163 bytes)
Event: 16,465 Thread 0x00007f981c247800 nmethod 545 0x00007f9803c56110 code [0x00007f9803c56320, 0x00007f9803c56ab0]
Event: 16,465 Thread 0x00007f981c245800 nmethod 544 0x00007f980b0eae10 code [0x00007f980b0eafc0, 0x00007f980b0eb188]

GC Heap History (0 events):
No events

Deoptimization events (20 events):
Event: 0,396 Thread 0x00007f981c019800 Uncommon trap: trap_request=0xffffff4d fr.pc=0x00007f980b0cd7d4 relative=0x0000000000000234
Event: 0,396 Thread 0x00007f981c019800 Uncommon trap: reason=unstable_if action=reinterpret pc=0x00007f980b0cd7d4 method=java.lang.String.isLatin1()Z @ 10 c2
Event: 0,396 Thread 0x00007f981c019800 DEOPT PACKING pc=0x00007f980b0cd7d4 sp=0x00007f9823d555f0
Event: 0,396 Thread 0x00007f981c019800 DEOPT UNPACKING pc=0x00007f980362e525 sp=0x00007f9823d55550 mode 2
Event: 0,396 Thread 0x00007f981c019800 Uncommon trap: trap_request=0xffffff4d fr.pc=0x00007f980b0cc70c relative=0x000000000000006c
Event: 0,396 Thread 0x00007f981c019800 Uncommon trap: reason=unstable_if action=reinterpret pc=0x00007f980b0cc70c method=java.lang.String.isLatin1()Z @ 10 c2
Event: 0,396 Thread 0x00007f981c019800 DEOPT PACKING pc=0x00007f980b0cc70c sp=0x00007f9823d55590
Event: 0,396 Thread 0x00007f981c019800 DEOPT UNPACKING pc=0x00007f980362e525 sp=0x00007f9823d55550 mode 2
Event: 0,399 Thread 0x00007f981c019800 Uncommon trap: trap_request=0xffffff4d fr.pc=0x00007f980b0c4800 relative=0x00000000000000e0
Event: 0,399 Thread 0x00007f981c019800 Uncommon trap: reason=unstable_if action=reinterpret pc=0x00007f980b0c4800 method=java.lang.String.isLatin1()Z @ 10 c2
Event: 0,399 Thread 0x00007f981c019800 DEOPT PACKING pc=0x00007f980b0c4800 sp=0x00007f9823d5a310
Event: 0,399 Thread 0x00007f981c019800 DEOPT UNPACKING pc=0x00007f980362e525 sp=0x00007f9823d5a280 mode 2
Event: 0,399 Thread 0x00007f981c019800 Uncommon trap: trap_request=0xffffff4d fr.pc=0x00007f980b0e0508 relative=0x0000000000000548
Event: 0,399 Thread 0x00007f981c019800 Uncommon trap: reason=unstable_if action=reinterpret pc=0x00007f980b0e0508 method=java.lang.AbstractStringBuilder.putStringAt(ILjava/lang/String;)V @ 8 c2
Event: 0,399 Thread 0x00007f981c019800 DEOPT PACKING pc=0x00007f980b0e0508 sp=0x00007f9823d5a690
Event: 0,399 Thread 0x00007f981c019800 DEOPT UNPACKING pc=0x00007f980362e525 sp=0x00007f9823d5a5b8 mode 2
Event: 0,399 Thread 0x00007f981c019800 Uncommon trap: trap_request=0xffffff4d fr.pc=0x00007f980b0e0e98 relative=0x0000000000000178
Event: 0,399 Thread 0x00007f981c019800 Uncommon trap: reason=unstable_if action=reinterpret pc=0x00007f980b0e0e98 method=java.lang.String.getBytes([BIB)V @ 5 c2
Event: 0,399 Thread 0x00007f981c019800 DEOPT PACKING pc=0x00007f980b0e0e98 sp=0x00007f9823d5a5c0
Event: 0,399 Thread 0x00007f981c019800 DEOPT UNPACKING pc=0x00007f980362e525 sp=0x00007f9823d5a578 mode 2

Classes redefined (1 events):
Event: 16,480 Thread 0x00007f981c237000 redefined class name=controle.ControladorLuta, count=1

Internal exceptions (3 events):
Event: 0,079 Thread 0x00007f981c019800 Exception <a 'java/lang/NoSuchMethodError'{0x0000000717362e28}: 'int java.lang.invoke.DirectMethodHandle$Holder.invokeSpecial(java.lang.Object, java.lang.Object, java.lang.Object, java.lang.Object)'> (0x0000000717362e28) thrown at [src/hotspot/share/interpreter/linkResolver.cpp, line 773]
Event: 0,085 Thread 0x00007f981c019800 Exception <a 'java/lang/NoSuchMethodError'{0x0000000717372b20}: 'void java.lang.invoke.DirectMethodHandle$Holder.invokeVirtual(java.lang.Object, java.lang.Object)'> (0x0000000717372b20) thrown at [src/hotspot/share/interpreter/linkResolver.cpp, line 773]
Event: 0,386 Thread 0x00007f981c019800 Exception <a 'java/lang/NoSuchMethodError'{0x0000000716e210e8}: 'int java.lang.invoke.DirectMethodHandle$Holder.invokeSpecialIFC(java.lang.Object, java.lang.Object, int)'> (0x0000000716e210e8) thrown at [src/hotspot/share/interpreter/linkResolver.cpp, line 773]

Events (20 events):
Event: 16,506 Executing VM operation: GetFrameCount done
Event: 16,506 Executing VM operation: GetStackTrace
Event: 16,506 Executing VM operation: GetStackTrace done
Event: 16,506 Executing VM operation: GetFrameCount
Event: 16,506 Executing VM operation: GetFrameCount done
Event: 16,506 Executing VM operation: GetOwnedMonitorInfo
Event: 16,506 Executing VM operation: GetOwnedMonitorInfo done
Event: 16,506 Executing VM operation: GetCurrentContendedMonitor
Event: 16,506 Executing VM operation: GetCurrentContendedMonitor done
Event: 16,506 Executing VM operation: GetOwnedMonitorInfo
Event: 16,506 Executing VM operation: GetOwnedMonitorInfo done
Event: 16,506 Executing VM operation: GetCurrentContendedMonitor
Event: 16,506 Executing VM operation: GetCurrentContendedMonitor done
Event: 16,507 Executing VM operation: GetCurrentContendedMonitor
Event: 16,507 Executing VM operation: GetCurrentContendedMonitor done
Event: 16,507 Executing VM operation: GetOwnedMonitorInfo
Event: 16,507 Executing VM operation: GetOwnedMonitorInfo done
Event: 16,511 Executing VM operation: GetFrameLocation
Event: 16,511 Executing VM operation: GetFrameLocation done
Event: 16,511 Executing VM operation: GetOrSetLocal


Dynamic libraries:
707a00000-717400000 rw-p 00000000 00:00 0 
717400000-7bfe00000 ---p 00000000 00:00 0 
7bfe00000-7bfe47000 rw-p 01111000 08:02 13369535                         /usr/lib/jvm/java-11-openjdk-amd64/lib/server/classes.jsa
7bfe47000-7bff00000 rw-p 00000000 00:00 0 
7bff00000-7bff6b000 rw-p 010a6000 08:02 13369535                         /usr/lib/jvm/java-11-openjdk-amd64/lib/server/classes.jsa
7bff6b000-7c0000000 rw-p 00000000 00:00 0 
7c0000000-800000000 ---p 00000000 00:00 0 
800000000-800002000 rwxp 00001000 08:02 13369535                         /usr/lib/jvm/java-11-openjdk-amd64/lib/server/classes.jsa
800002000-8010a5000 rw-p 00003000 08:02 13369535                         /usr/lib/jvm/java-11-openjdk-amd64/lib/server/classes.jsa
840000000-840080000 rw-p 00000000 00:00 0 
840080000-880000000 ---p 00000000 00:00 0 
556cd7217000-556cd7218000 r-xp 00000000 08:02 13238820                   /usr/lib/jvm/java-11-openjdk-amd64/bin/java
556cd7418000-556cd7419000 r--p 00001000 08:02 13238820                   /usr/lib/jvm/java-11-openjdk-amd64/bin/java
556cd7419000-556cd741a000 rw-p 00002000 08:02 13238820                   /usr/lib/jvm/java-11-openjdk-amd64/bin/java
556cd8b90000-556cd8bb1000 rw-p 00000000 00:00 0                          [heap]
7f97a4000000-7f97a4021000 rw-p 00000000 00:00 0 
7f97a4021000-7f97a8000000 ---p 00000000 00:00 0 
7f97ac000000-7f97ac021000 rw-p 00000000 00:00 0 
7f97ac021000-7f97b0000000 ---p 00000000 00:00 0 
7f97b0000000-7f97b0021000 rw-p 00000000 00:00 0 
7f97b0021000-7f97b4000000 ---p 00000000 00:00 0 
7f97b4000000-7f97b4158000 rw-p 00000000 00:00 0 
7f97b4158000-7f97b8000000 ---p 00000000 00:00 0 
7f97b8000000-7f97b8029000 rw-p 00000000 00:00 0 
7f97b8029000-7f97bc000000 ---p 00000000 00:00 0 
7f97bc000000-7f97bc021000 rw-p 00000000 00:00 0 
7f97bc021000-7f97c0000000 ---p 00000000 00:00 0 
7f97c0000000-7f97c0021000 rw-p 00000000 00:00 0 
7f97c0021000-7f97c4000000 ---p 00000000 00:00 0 
7f97c4000000-7f97c420e000 rw-p 00000000 00:00 0 
7f97c420e000-7f97c8000000 ---p 00000000 00:00 0 
7f97c8000000-7f97c81b2000 rw-p 00000000 00:00 0 
7f97c81b2000-7f97cc000000 ---p 00000000 00:00 0 
7f97cc000000-7f97cc021000 rw-p 00000000 00:00 0 
7f97cc021000-7f97d0000000 ---p 00000000 00:00 0 
7f97d0000000-7f97d0021000 rw-p 00000000 00:00 0 
7f97d0021000-7f97d4000000 ---p 00000000 00:00 0 
7f97d4000000-7f97d4021000 rw-p 00000000 00:00 0 
7f97d4021000-7f97d8000000 ---p 00000000 00:00 0 
7f97d8000000-7f97d8021000 rw-p 00000000 00:00 0 
7f97d8021000-7f97dc000000 ---p 00000000 00:00 0 
7f97dc000000-7f97dc021000 rw-p 00000000 00:00 0 
7f97dc021000-7f97e0000000 ---p 00000000 00:00 0 
7f97e0000000-7f97e0021000 rw-p 00000000 00:00 0 
7f97e0021000-7f97e4000000 ---p 00000000 00:00 0 
7f97e4000000-7f97e4021000 rw-p 00000000 00:00 0 
7f97e4021000-7f97e8000000 ---p 00000000 00:00 0 
7f97e8000000-7f97e8021000 rw-p 00000000 00:00 0 
7f97e8021000-7f97ec000000 ---p 00000000 00:00 0 
7f97ec89b000-7f97ec89c000 ---p 00000000 00:00 0 
7f97ec89c000-7f97ec99d000 rw-p 00000000 00:00 0 
7f97ec99d000-7f97ec9c7000 r-xp 00000000 08:02 13247645                   /usr/lib/jvm/java-11-openjdk-amd64/lib/libsunec.so
7f97ec9c7000-7f97ecbc6000 ---p 0002a000 08:02 13247645                   /usr/lib/jvm/java-11-openjdk-amd64/lib/libsunec.so
7f97ecbc6000-7f97ecbca000 r--p 00029000 08:02 13247645                   /usr/lib/jvm/java-11-openjdk-amd64/lib/libsunec.so
7f97ecbca000-7f97ecbcc000 rw-p 0002d000 08:02 13247645                   /usr/lib/jvm/java-11-openjdk-amd64/lib/libsunec.so
7f97ecbcc000-7f97ecbd0000 ---p 00000000 00:00 0 
7f97ecbd0000-7f97ecccd000 rw-p 00000000 00:00 0 
7f97ecccd000-7f97eccd1000 ---p 00000000 00:00 0 
7f97eccd1000-7f97ecdce000 rw-p 00000000 00:00 0 
7f97ecdce000-7f97ecdd2000 ---p 00000000 00:00 0 
7f97ecdd2000-7f97ececf000 rw-p 00000000 00:00 0 
7f97ececf000-7f97eced3000 r-xp 00000000 08:02 13241777                   /usr/lib/jvm/java-11-openjdk-amd64/lib/libdt_socket.so
7f97eced3000-7f97ed0d3000 ---p 00004000 08:02 13241777                   /usr/lib/jvm/java-11-openjdk-amd64/lib/libdt_socket.so
7f97ed0d3000-7f97ed0d4000 r--p 00004000 08:02 13241777                   /usr/lib/jvm/java-11-openjdk-amd64/lib/libdt_socket.so
7f97ed0d4000-7f97ed0d5000 rw-p 00005000 08:02 13241777                   /usr/lib/jvm/java-11-openjdk-amd64/lib/libdt_socket.so
7f97ed0d5000-7f97ed0d9000 ---p 00000000 00:00 0 
7f97ed0d9000-7f97ed1d6000 rw-p 00000000 00:00 0 
7f97ed1d6000-7f97ed1da000 ---p 00000000 00:00 0 
7f97ed1da000-7f97ed2d7000 rw-p 00000000 00:00 0 
7f97ed2d7000-7f97ed2ed000 r-xp 00000000 08:02 13241796                   /usr/lib/jvm/java-11-openjdk-amd64/lib/libnet.so
7f97ed2ed000-7f97ed4ec000 ---p 00016000 08:02 13241796                   /usr/lib/jvm/java-11-openjdk-amd64/lib/libnet.so
7f97ed4ec000-7f97ed4ed000 r--p 00015000 08:02 13241796                   /usr/lib/jvm/java-11-openjdk-amd64/lib/libnet.so
7f97ed4ed000-7f97ed4ee000 rw-p 00016000 08:02 13241796                   /usr/lib/jvm/java-11-openjdk-amd64/lib/libnet.so
7f97ed4ee000-7f97ed4fe000 r-xp 00000000 08:02 13241797                   /usr/lib/jvm/java-11-openjdk-amd64/lib/libnio.so
7f97ed4fe000-7f97ed6fd000 ---p 00010000 08:02 13241797                   /usr/lib/jvm/java-11-openjdk-amd64/lib/libnio.so
7f97ed6fd000-7f97ed6fe000 r--p 0000f000 08:02 13241797                   /usr/lib/jvm/java-11-openjdk-amd64/lib/libnio.so
7f97ed6fe000-7f97ed6ff000 rw-p 00010000 08:02 13241797                   /usr/lib/jvm/java-11-openjdk-amd64/lib/libnio.so
7f97ed6ff000-7f97ed703000 ---p 00000000 00:00 0 
7f97ed703000-7f97edd00000 rw-p 00000000 00:00 0 
7f97edd00000-7f97ee000000 ---p 00000000 00:00 0 
7f97ee000000-7f97f0000000 rw-p 00000000 00:00 0 
7f97f0000000-7f97f0021000 rw-p 00000000 00:00 0 
7f97f0021000-7f97f4000000 ---p 00000000 00:00 0 
7f97f40cd000-7f97f40d1000 ---p 00000000 00:00 0 
7f97f40d1000-7f97f41ce000 rw-p 00000000 00:00 0 
7f97f41ce000-7f97f41d2000 ---p 00000000 00:00 0 
7f97f41d2000-7f97f42cf000 rw-p 00000000 00:00 0 
7f97f42cf000-7f97f42d3000 ---p 00000000 00:00 0 
7f97f42d3000-7f97f47b8000 rw-p 00000000 00:00 0 
7f97f47b8000-7f97f71e0000 ---p 00000000 00:00 0 
7f97f71e0000-7f97f71e8000 rw-p 00000000 00:00 0 
7f97f71e8000-7f97f81e8000 ---p 00000000 00:00 0 
7f97f81e8000-7f97f85d0000 rw-p 00000000 00:00 0 
7f97f85d0000-7f97faff8000 ---p 00000000 00:00 0 
7f97faff8000-7f97fb000000 rw-p 00000000 00:00 0 
7f97fb000000-7f97fc000000 ---p 00000000 00:00 0 
7f97fc000000-7f97fc021000 rw-p 00000000 00:00 0 
7f97fc021000-7f9800000000 ---p 00000000 00:00 0 
7f9800043000-7f9800047000 ---p 00000000 00:00 0 
7f9800047000-7f9800144000 rw-p 00000000 00:00 0 
7f9800144000-7f9800424000 r--p 00000000 08:02 13248515                   /usr/lib/locale/locale-archive
7f9800424000-7f9800428000 ---p 00000000 00:00 0 
7f9800428000-7f9800525000 rw-p 00000000 00:00 0 
7f9800525000-7f9800529000 ---p 00000000 00:00 0 
7f9800529000-7f9800626000 rw-p 00000000 00:00 0 
7f9800626000-7f9800627000 ---p 00000000 00:00 0 
7f9800627000-7f98007a9000 rw-p 00000000 00:00 0 
7f98007a9000-7f98007aa000 ---p 00000000 00:00 0 
7f98007aa000-7f98008ab000 rw-p 00000000 00:00 0 
7f98008ab000-7f98008ac000 ---p 00000000 00:00 0 
7f98008ac000-7f98011b5000 rw-p 00000000 00:00 0 
7f98011b5000-7f98011b6000 ---p 00000000 00:00 0 
7f98011b6000-7f98012b7000 rw-p 00000000 00:00 0 
7f98012b7000-7f98012b8000 ---p 00000000 00:00 0 
7f98012b8000-7f9801537000 rw-p 00000000 00:00 0 
7f9801537000-7f9801a7c000 ---p 00000000 00:00 0 
7f9801a7c000-7f9801a7d000 rw-p 00000000 00:00 0 
7f9801a7d000-7f9801c7d000 ---p 00000000 00:00 0 
7f9801c7d000-7f9801cfa000 rw-p 00000000 00:00 0 
7f9801cfa000-7f980223f000 ---p 00000000 00:00 0 
7f980223f000-7f9802240000 rw-p 00000000 00:00 0 
7f9802240000-7f9802440000 ---p 00000000 00:00 0 
7f9802440000-7f98024bd000 rw-p 00000000 00:00 0 
7f98024bd000-7f9802a02000 ---p 00000000 00:00 0 
7f9802a02000-7f9802a03000 rw-p 00000000 00:00 0 
7f9802a03000-7f9802c03000 ---p 00000000 00:00 0 
7f9802c03000-7f980340b000 rw-p 00000000 00:00 0 
7f980340b000-7f980340c000 ---p 00000000 00:00 0 
7f980340c000-7f9803512000 rw-p 00000000 00:00 0 
7f9803512000-7f98035f8000 ---p 00000000 00:00 0 
7f98035f8000-7f9803868000 rwxp 00000000 00:00 0 
7f9803868000-7f9803b89000 ---p 00000000 00:00 0 
7f9803b89000-7f9803df9000 rwxp 00000000 00:00 0 
7f9803df9000-7f980b0c0000 ---p 00000000 00:00 0 
7f980b0c0000-7f980b330000 rwxp 00000000 00:00 0 
7f980b330000-7f98125f8000 ---p 00000000 00:00 0 
7f98125f8000-7f98125ff000 r-xp 00000000 08:02 13247648                   /usr/lib/jvm/java-11-openjdk-amd64/lib/libzip.so
7f98125ff000-7f98127fe000 ---p 00007000 08:02 13247648                   /usr/lib/jvm/java-11-openjdk-amd64/lib/libzip.so
7f98127fe000-7f98127ff000 r--p 00006000 08:02 13247648                   /usr/lib/jvm/java-11-openjdk-amd64/lib/libzip.so
7f98127ff000-7f9812800000 rw-p 00007000 08:02 13247648                   /usr/lib/jvm/java-11-openjdk-amd64/lib/libzip.so
7f9812800000-7f9813005000 r--s 00000000 08:02 9568433                    /var/lib/sss/mc/passwd
7f9813005000-7f981300d000 r-xp 00000000 08:02 6427044                    /lib/x86_64-linux-gnu/libnss_sss.so.2
7f981300d000-7f981320c000 ---p 00008000 08:02 6427044                    /lib/x86_64-linux-gnu/libnss_sss.so.2
7f981320c000-7f981320d000 r--p 00007000 08:02 6427044                    /lib/x86_64-linux-gnu/libnss_sss.so.2
7f981320d000-7f981320e000 rw-p 00008000 08:02 6427044                    /lib/x86_64-linux-gnu/libnss_sss.so.2
7f981320e000-7f9813249000 r-xp 00000000 08:02 6422738                    /lib/x86_64-linux-gnu/libnss_systemd.so.2
7f9813249000-7f9813448000 ---p 0003b000 08:02 6422738                    /lib/x86_64-linux-gnu/libnss_systemd.so.2
7f9813448000-7f981344b000 r--p 0003a000 08:02 6422738                    /lib/x86_64-linux-gnu/libnss_systemd.so.2
7f981344b000-7f981344c000 rw-p 0003d000 08:02 6422738                    /lib/x86_64-linux-gnu/libnss_systemd.so.2
7f981344c000-7f9813457000 r-xp 00000000 08:02 6427059                    /lib/x86_64-linux-gnu/libnss_files-2.27.so
7f9813457000-7f9813656000 ---p 0000b000 08:02 6427059                    /lib/x86_64-linux-gnu/libnss_files-2.27.so
7f9813656000-7f9813657000 r--p 0000a000 08:02 6427059                    /lib/x86_64-linux-gnu/libnss_files-2.27.so
7f9813657000-7f9813658000 rw-p 0000b000 08:02 6427059                    /lib/x86_64-linux-gnu/libnss_files-2.27.so
7f9813658000-7f981365e000 rw-p 00000000 00:00 0 
7f981365e000-7f9813675000 r-xp 00000000 08:02 6427056                    /lib/x86_64-linux-gnu/libnsl-2.27.so
7f9813675000-7f9813874000 ---p 00017000 08:02 6427056                    /lib/x86_64-linux-gnu/libnsl-2.27.so
7f9813874000-7f9813875000 r--p 00016000 08:02 6427056                    /lib/x86_64-linux-gnu/libnsl-2.27.so
7f9813875000-7f9813876000 rw-p 00017000 08:02 6427056                    /lib/x86_64-linux-gnu/libnsl-2.27.so
7f9813876000-7f9813878000 rw-p 00000000 00:00 0 
7f9813878000-7f981c000000 r--s 00000000 08:02 13247649                   /usr/lib/jvm/java-11-openjdk-amd64/lib/modules
7f981c000000-7f981c47e000 rw-p 00000000 00:00 0 
7f981c47e000-7f9820000000 ---p 00000000 00:00 0 
7f9820003000-7f9820008000 rw-p 00000000 00:00 0 
7f9820008000-7f98200ee000 ---p 00000000 00:00 0 
7f98200ee000-7f98200f9000 r-xp 00000000 08:02 6427061                    /lib/x86_64-linux-gnu/libnss_nis-2.27.so
7f98200f9000-7f98202f8000 ---p 0000b000 08:02 6427061                    /lib/x86_64-linux-gnu/libnss_nis-2.27.so
7f98202f8000-7f98202f9000 r--p 0000a000 08:02 6427061                    /lib/x86_64-linux-gnu/libnss_nis-2.27.so
7f98202f9000-7f98202fa000 rw-p 0000b000 08:02 6427061                    /lib/x86_64-linux-gnu/libnss_nis-2.27.so
7f98202fa000-7f9820302000 r-xp 00000000 08:02 6427057                    /lib/x86_64-linux-gnu/libnss_compat-2.27.so
7f9820302000-7f9820502000 ---p 00008000 08:02 6427057                    /lib/x86_64-linux-gnu/libnss_compat-2.27.so
7f9820502000-7f9820503000 r--p 00008000 08:02 6427057                    /lib/x86_64-linux-gnu/libnss_compat-2.27.so
7f9820503000-7f9820504000 rw-p 00009000 08:02 6427057                    /lib/x86_64-linux-gnu/libnss_compat-2.27.so
7f9820504000-7f982050e000 r-xp 00000000 08:02 13241780                   /usr/lib/jvm/java-11-openjdk-amd64/lib/libinstrument.so
7f982050e000-7f982070d000 ---p 0000a000 08:02 13241780                   /usr/lib/jvm/java-11-openjdk-amd64/lib/libinstrument.so
7f982070d000-7f982070e000 r--p 00009000 08:02 13241780                   /usr/lib/jvm/java-11-openjdk-amd64/lib/libinstrument.so
7f982070e000-7f982070f000 rw-p 0000a000 08:02 13241780                   /usr/lib/jvm/java-11-openjdk-amd64/lib/libinstrument.so
7f982070f000-7f982074b000 r-xp 00000000 08:02 13241787                   /usr/lib/jvm/java-11-openjdk-amd64/lib/libjdwp.so
7f982074b000-7f982094a000 ---p 0003c000 08:02 13241787                   /usr/lib/jvm/java-11-openjdk-amd64/lib/libjdwp.so
7f982094a000-7f982094b000 r--p 0003b000 08:02 13241787                   /usr/lib/jvm/java-11-openjdk-amd64/lib/libjdwp.so
7f982094b000-7f982094c000 rw-p 0003c000 08:02 13241787                   /usr/lib/jvm/java-11-openjdk-amd64/lib/libjdwp.so
7f982094c000-7f9820951000 r-xp 00000000 08:02 13241788                   /usr/lib/jvm/java-11-openjdk-amd64/lib/libjimage.so
7f9820951000-7f9820b50000 ---p 00005000 08:02 13241788                   /usr/lib/jvm/java-11-openjdk-amd64/lib/libjimage.so
7f9820b50000-7f9820b51000 r--p 00004000 08:02 13241788                   /usr/lib/jvm/java-11-openjdk-amd64/lib/libjimage.so
7f9820b51000-7f9820b52000 rw-p 00005000 08:02 13241788                   /usr/lib/jvm/java-11-openjdk-amd64/lib/libjimage.so
7f9820b52000-7f9820b7a000 r-xp 00000000 08:02 13241785                   /usr/lib/jvm/java-11-openjdk-amd64/lib/libjava.so
7f9820b7a000-7f9820d7a000 ---p 00028000 08:02 13241785                   /usr/lib/jvm/java-11-openjdk-amd64/lib/libjava.so
7f9820d7a000-7f9820d7b000 r--p 00028000 08:02 13241785                   /usr/lib/jvm/java-11-openjdk-amd64/lib/libjava.so
7f9820d7b000-7f9820d7c000 rw-p 00029000 08:02 13241785                   /usr/lib/jvm/java-11-openjdk-amd64/lib/libjava.so
7f9820d7c000-7f9820d7d000 rw-p 00000000 00:00 0 
7f9820d7d000-7f9820d8a000 r-xp 00000000 08:02 13247647                   /usr/lib/jvm/java-11-openjdk-amd64/lib/libverify.so
7f9820d8a000-7f9820f89000 ---p 0000d000 08:02 13247647                   /usr/lib/jvm/java-11-openjdk-amd64/lib/libverify.so
7f9820f89000-7f9820f8b000 r--p 0000c000 08:02 13247647                   /usr/lib/jvm/java-11-openjdk-amd64/lib/libverify.so
7f9820f8b000-7f9820f8c000 rw-p 0000e000 08:02 13247647                   /usr/lib/jvm/java-11-openjdk-amd64/lib/libverify.so
7f9820f8c000-7f9820f93000 r-xp 00000000 08:02 6427066                    /lib/x86_64-linux-gnu/librt-2.27.so
7f9820f93000-7f9821192000 ---p 00007000 08:02 6427066                    /lib/x86_64-linux-gnu/librt-2.27.so
7f9821192000-7f9821193000 r--p 00006000 08:02 6427066                    /lib/x86_64-linux-gnu/librt-2.27.so
7f9821193000-7f9821194000 rw-p 00007000 08:02 6427066                    /lib/x86_64-linux-gnu/librt-2.27.so
7f9821194000-7f98211ab000 r-xp 00000000 08:02 6429817                    /lib/x86_64-linux-gnu/libgcc_s.so.1
7f98211ab000-7f98213aa000 ---p 00017000 08:02 6429817                    /lib/x86_64-linux-gnu/libgcc_s.so.1
7f98213aa000-7f98213ab000 r--p 00016000 08:02 6429817                    /lib/x86_64-linux-gnu/libgcc_s.so.1
7f98213ab000-7f98213ac000 rw-p 00017000 08:02 6429817                    /lib/x86_64-linux-gnu/libgcc_s.so.1
7f98213ac000-7f9821549000 r-xp 00000000 08:02 6427053                    /lib/x86_64-linux-gnu/libm-2.27.so
7f9821549000-7f9821748000 ---p 0019d000 08:02 6427053                    /lib/x86_64-linux-gnu/libm-2.27.so
7f9821748000-7f9821749000 r--p 0019c000 08:02 6427053                    /lib/x86_64-linux-gnu/libm-2.27.so
7f9821749000-7f982174a000 rw-p 0019d000 08:02 6427053                    /lib/x86_64-linux-gnu/libm-2.27.so
7f982174a000-7f98218c3000 r-xp 00000000 08:02 13240947                   /usr/lib/x86_64-linux-gnu/libstdc++.so.6.0.25
7f98218c3000-7f9821ac3000 ---p 00179000 08:02 13240947                   /usr/lib/x86_64-linux-gnu/libstdc++.so.6.0.25
7f9821ac3000-7f9821acd000 r--p 00179000 08:02 13240947                   /usr/lib/x86_64-linux-gnu/libstdc++.so.6.0.25
7f9821acd000-7f9821acf000 rw-p 00183000 08:02 13240947                   /usr/lib/x86_64-linux-gnu/libstdc++.so.6.0.25
7f9821acf000-7f9821ad3000 rw-p 00000000 00:00 0 
7f9821ad3000-7f9822bbb000 r-xp 00000000 08:02 13375829                   /usr/lib/jvm/java-11-openjdk-amd64/lib/server/libjvm.so
7f9822bbb000-7f9822dba000 ---p 010e8000 08:02 13375829                   /usr/lib/jvm/java-11-openjdk-amd64/lib/server/libjvm.so
7f9822dba000-7f9822e7b000 r--p 010e7000 08:02 13375829                   /usr/lib/jvm/java-11-openjdk-amd64/lib/server/libjvm.so
7f9822e7b000-7f9822eb6000 rw-p 011a8000 08:02 13375829                   /usr/lib/jvm/java-11-openjdk-amd64/lib/server/libjvm.so
7f9822eb6000-7f9822f0d000 rw-p 00000000 00:00 0 
7f9822f0d000-7f9822f27000 r-xp 00000000 08:02 6427064                    /lib/x86_64-linux-gnu/libpthread-2.27.so
7f9822f27000-7f9823126000 ---p 0001a000 08:02 6427064                    /lib/x86_64-linux-gnu/libpthread-2.27.so
7f9823126000-7f9823127000 r--p 00019000 08:02 6427064                    /lib/x86_64-linux-gnu/libpthread-2.27.so
7f9823127000-7f9823128000 rw-p 0001a000 08:02 6427064                    /lib/x86_64-linux-gnu/libpthread-2.27.so
7f9823128000-7f982312c000 rw-p 00000000 00:00 0 
7f982312c000-7f982312f000 r-xp 00000000 08:02 6427052                    /lib/x86_64-linux-gnu/libdl-2.27.so
7f982312f000-7f982332e000 ---p 00003000 08:02 6427052                    /lib/x86_64-linux-gnu/libdl-2.27.so
7f982332e000-7f982332f000 r--p 00002000 08:02 6427052                    /lib/x86_64-linux-gnu/libdl-2.27.so
7f982332f000-7f9823330000 rw-p 00003000 08:02 6427052                    /lib/x86_64-linux-gnu/libdl-2.27.so
7f9823330000-7f982334c000 r-xp 00000000 08:02 6427832                    /lib/x86_64-linux-gnu/libz.so.1.2.11
7f982334c000-7f982354b000 ---p 0001c000 08:02 6427832                    /lib/x86_64-linux-gnu/libz.so.1.2.11
7f982354b000-7f982354c000 r--p 0001b000 08:02 6427832                    /lib/x86_64-linux-gnu/libz.so.1.2.11
7f982354c000-7f982354d000 rw-p 0001c000 08:02 6427832                    /lib/x86_64-linux-gnu/libz.so.1.2.11
7f982354d000-7f9823734000 r-xp 00000000 08:02 6427049                    /lib/x86_64-linux-gnu/libc-2.27.so
7f9823734000-7f9823934000 ---p 001e7000 08:02 6427049                    /lib/x86_64-linux-gnu/libc-2.27.so
7f9823934000-7f9823938000 r--p 001e7000 08:02 6427049                    /lib/x86_64-linux-gnu/libc-2.27.so
7f9823938000-7f982393a000 rw-p 001eb000 08:02 6427049                    /lib/x86_64-linux-gnu/libc-2.27.so
7f982393a000-7f982393e000 rw-p 00000000 00:00 0 
7f982393e000-7f982394d000 r-xp 00000000 08:02 13375826                   /usr/lib/jvm/java-11-openjdk-amd64/lib/jli/libjli.so
7f982394d000-7f9823b4c000 ---p 0000f000 08:02 13375826                   /usr/lib/jvm/java-11-openjdk-amd64/lib/jli/libjli.so
7f9823b4c000-7f9823b4d000 r--p 0000e000 08:02 13375826                   /usr/lib/jvm/java-11-openjdk-amd64/lib/jli/libjli.so
7f9823b4d000-7f9823b4e000 rw-p 0000f000 08:02 13375826                   /usr/lib/jvm/java-11-openjdk-amd64/lib/jli/libjli.so
7f9823b4e000-7f9823b77000 r-xp 00000000 08:02 6422612                    /lib/x86_64-linux-gnu/ld-2.27.so
7f9823bf4000-7f9823c54000 rw-p 00000000 00:00 0 
7f9823c54000-7f9823c5b000 ---p 00000000 00:00 0 
7f9823c5b000-7f9823c5f000 ---p 00000000 00:00 0 
7f9823c5f000-7f9823d5e000 rw-p 00000000 00:00 0 
7f9823d62000-7f9823d69000 r--s 00000000 08:02 13636672                   /usr/lib/x86_64-linux-gnu/gconv/gconv-modules.cache
7f9823d69000-7f9823d6b000 r--s 00007000 08:02 13766167                   /usr/share/java/java-atk-wrapper.jar
7f9823d6b000-7f9823d73000 rw-s 00000000 08:02 6292976                    /tmp/hsperfdata_hfachin@fh.com.br/10950
7f9823d73000-7f9823d74000 ---p 00000000 00:00 0 
7f9823d74000-7f9823d75000 r--p 00000000 00:00 0 
7f9823d75000-7f9823d77000 rw-p 00000000 00:00 0 
7f9823d77000-7f9823d78000 r--p 00029000 08:02 6422612                    /lib/x86_64-linux-gnu/ld-2.27.so
7f9823d78000-7f9823d79000 rw-p 0002a000 08:02 6422612                    /lib/x86_64-linux-gnu/ld-2.27.so
7f9823d79000-7f9823d7a000 rw-p 00000000 00:00 0 
7fff7b791000-7fff7b7b2000 rw-p 00000000 00:00 0                          [stack]
7fff7b7c0000-7fff7b7c3000 r--p 00000000 00:00 0                          [vvar]
7fff7b7c3000-7fff7b7c4000 r-xp 00000000 00:00 0                          [vdso]
ffffffffff600000-ffffffffff601000 --xp 00000000 00:00 0                  [vsyscall]


VM Arguments:
jvm_args: -agentlib:jdwp=transport=dt_socket,suspend=y,address=localhost:39343 -javaagent:/home/hfachin@fh.com.br/Eclipse/eclipse/configuration/org.eclipse.osgi/400/0/.cp/lib/javaagent-shaded.jar -Dfile.encoding=UTF-8 --module-path=/home/hfachin@fh.com.br/eclipse-workspace/RPG/bin -Djdk.module.main=Rpg 
java_command: Rpg/main.Main
java_class_path (initial): <not set>
Launcher Type: SUN_STANDARD

[Global flags]
     intx CICompilerCount                          = 4                                         {product} {ergonomic}
     uint ConcGCThreads                            = 2                                         {product} {ergonomic}
     uint G1ConcRefinementThreads                  = 8                                         {product} {ergonomic}
   size_t G1HeapRegionSize                         = 1048576                                   {product} {ergonomic}
    uintx GCDrainStackTargetSize                   = 64                                        {product} {ergonomic}
   size_t InitialHeapSize                          = 262144000                                 {product} {ergonomic}
   size_t MarkStackSize                            = 4194304                                   {product} {ergonomic}
   size_t MaxHeapSize                              = 4167041024                                {product} {ergonomic}
   size_t MaxNewSize                               = 2499805184                                {product} {ergonomic}
   size_t MinHeapDeltaBytes                        = 1048576                                   {product} {ergonomic}
    uintx NonNMethodCodeHeapSize                   = 5836300                                {pd product} {ergonomic}
    uintx NonProfiledCodeHeapSize                  = 122910970                              {pd product} {ergonomic}
    uintx ProfiledCodeHeapSize                     = 122910970                              {pd product} {ergonomic}
    uintx ReservedCodeCacheSize                    = 251658240                              {pd product} {ergonomic}
     bool SegmentedCodeCache                       = true                                      {product} {ergonomic}
     bool UseCompressedClassPointers               = true                                 {lp64_product} {ergonomic}
     bool UseCompressedOops                        = true                                 {lp64_product} {ergonomic}
     bool UseG1GC                                  = true                                      {product} {ergonomic}

Logging:
Log output configuration:
 #0: stdout all=warning uptime,level,tags
 #1: stderr all=off uptime,level,tags

Environment Variables:
PATH=/usr/local/sbin:/usr/local/bin:/usr/sbin:/usr/bin:/sbin:/bin:/usr/games:/usr/local/games:/snap/bin
USERNAME=hfachin@fh.com.br
SHELL=/bin/bash
DISPLAY=:0
LANG=pt_BR.UTF-8

Signal Handlers:
SIGSEGV: [libjvm.so+0xe1d0a0], sa_mask[0]=11111111011111111101111111111110, sa_flags=SA_RESTART|SA_SIGINFO
SIGBUS: [libjvm.so+0xe1d0a0], sa_mask[0]=11111111011111111101111111111110, sa_flags=SA_RESTART|SA_SIGINFO
SIGFPE: [libjvm.so+0xe1d0a0], sa_mask[0]=11111111011111111101111111111110, sa_flags=SA_RESTART|SA_SIGINFO
SIGPIPE: [libjvm.so+0xb717f0], sa_mask[0]=11111111011111111101111111111110, sa_flags=SA_RESTART|SA_SIGINFO
SIGXFSZ: [libjvm.so+0xb717f0], sa_mask[0]=11111111011111111101111111111110, sa_flags=SA_RESTART|SA_SIGINFO
SIGILL: [libjvm.so+0xe1d0a0], sa_mask[0]=11111111011111111101111111111110, sa_flags=SA_RESTART|SA_SIGINFO
SIGUSR2: [libjvm.so+0xb71680], sa_mask[0]=00100000000000000000000000000000, sa_flags=SA_RESTART|SA_SIGINFO
SIGHUP: [libjvm.so+0xb71b30], sa_mask[0]=11111111011111111101111111111110, sa_flags=SA_RESTART|SA_SIGINFO
SIGINT: [libjvm.so+0xb71b30], sa_mask[0]=11111111011111111101111111111110, sa_flags=SA_RESTART|SA_SIGINFO
SIGTERM: [libjvm.so+0xb71b30], sa_mask[0]=11111111011111111101111111111110, sa_flags=SA_RESTART|SA_SIGINFO
SIGQUIT: [libjvm.so+0xb71b30], sa_mask[0]=11111111011111111101111111111110, sa_flags=SA_RESTART|SA_SIGINFO


---------------  S Y S T E M  ---------------

OS:DISTRIB_ID=Ubuntu
DISTRIB_RELEASE=18.04
DISTRIB_CODENAME=bionic
DISTRIB_DESCRIPTION="Ubuntu 18.04.5 LTS"
uname:Linux 5.4.0-72-generic #80~18.04.1-Ubuntu SMP Mon Apr 12 23:26:25 UTC 2021 x86_64
OS uptime: 17 days 23:30 hours
libc:glibc 2.27 NPTL 2.27 
rlimit (soft/hard): STACK 8192k/infinity , CORE 0k/infinity , NPROC 63362/63362 , NOFILE 1048576/1048576 , AS infinity/infinity , CPU infinity/infinity , DATA infinity/infinity , FSIZE infinity/infinity , MEMLOCK 65536k/65536k
load average:0,80 0,71 0,60

/proc/meminfo:
MemTotal:       16269784 kB
MemFree:         3927096 kB
MemAvailable:    9967340 kB
Buffers:          612720 kB
Cached:          6109132 kB
SwapCached:            0 kB
Active:          7696496 kB
Inactive:        2987216 kB
Active(anon):    4708148 kB
Inactive(anon):    68212 kB
Active(file):    2988348 kB
Inactive(file):  2919004 kB
Unevictable:      860476 kB
Mlocked:             160 kB
SwapTotal:       2097148 kB
SwapFree:        2097148 kB
Dirty:               940 kB
Writeback:            36 kB
AnonPages:       4822596 kB
Mapped:          1109824 kB
Shmem:            934104 kB
KReclaimable:     470960 kB
Slab:             596556 kB
SReclaimable:     470960 kB
SUnreclaim:       125596 kB
KernelStack:       23808 kB
PageTables:        91520 kB
NFS_Unstable:          0 kB
Bounce:                0 kB
WritebackTmp:          0 kB
CommitLimit:    10232040 kB
Committed_AS:   14118344 kB
VmallocTotal:   34359738367 kB
VmallocUsed:       52124 kB
VmallocChunk:          0 kB
Percpu:             3392 kB
HardwareCorrupted:     0 kB
AnonHugePages:         0 kB
ShmemHugePages:        0 kB
ShmemPmdMapped:        0 kB
FileHugePages:         0 kB
FilePmdMapped:         0 kB
CmaTotal:              0 kB
CmaFree:               0 kB
HugePages_Total:       0
HugePages_Free:        0
HugePages_Rsvd:        0
HugePages_Surp:        0
Hugepagesize:       2048 kB
Hugetlb:               0 kB
DirectMap4k:      458676 kB
DirectMap2M:    14094336 kB
DirectMap1G:     2097152 kB

/sys/kernel/mm/transparent_hugepage/enabled:
always [madvise] never
/sys/kernel/mm/transparent_hugepage/defrag (defrag/compaction efforts parameter):
always defer defer+madvise [madvise] never

Process Memory:
Virtual Size: 7153892K (peak: 15638564K)
Resident Set Size: 59632K (peak: 59632K) (anon: 29644K, file: 29988K, shmem: 0K)
Swapped out: 0K
C-Heap outstanding allocations: 4928K

/proc/sys/kernel/threads-max (system-wide limit on the number of threads):
126724
/proc/sys/vm/max_map_count (maximum number of memory map areas a process may have):
65530
/proc/sys/kernel/pid_max (system-wide limit on number of process identifiers):
32768

container (cgroup) information:
container_type: cgroupv1
cpu_cpuset_cpus: 0-7
cpu_memory_nodes: 0
active_processor_count: 8
cpu_quota: -1
cpu_period: 100000
cpu_shares: -1
memory_limit_in_bytes: -1
memory_and_swap_limit_in_bytes: -2
memory_soft_limit_in_bytes: -1
memory_usage_in_bytes: 11821039616
memory_max_usage_in_bytes: 0

Steal ticks since vm start: 0
Steal ticks percentage since vm start:  0,000

CPU:total 8 (initial active 8) (4 cores per cpu, 2 threads per core) family 6 model 142 stepping 10 microcode 0xe0, cmov, cx8, fxsr, mmx, sse, sse2, sse3, ssse3, sse4.1, sse4.2, popcnt, avx, avx2, aes, clmul, erms, 3dnowpref, lzcnt, ht, tsc, tscinvbit, bmi1, bmi2, adx, fma
CPU Model and flags from /proc/cpuinfo:
model name	: Intel(R) Core(TM) i5-8250U CPU @ 1.60GHz
flags		: fpu vme de pse tsc msr pae mce cx8 apic sep mtrr pge mca cmov pat pse36 clflush dts acpi mmx fxsr sse sse2 ss ht tm pbe syscall nx pdpe1gb rdtscp lm constant_tsc art arch_perfmon pebs bts rep_good nopl xtopology nonstop_tsc cpuid aperfmperf pni pclmulqdq dtes64 monitor ds_cpl vmx est tm2 ssse3 sdbg fma cx16 xtpr pdcm pcid sse4_1 sse4_2 x2apic movbe popcnt tsc_deadline_timer aes xsave avx f16c rdrand lahf_lm abm 3dnowprefetch cpuid_fault epb invpcid_single pti ssbd ibrs ibpb stibp tpr_shadow vnmi flexpriority ept vpid ept_ad fsgsbase tsc_adjust bmi1 avx2 smep bmi2 erms invpcid mpx rdseed adx smap clflushopt intel_pt xsaveopt xsavec xgetbv1 xsaves dtherm ida arat pln pts hwp hwp_notify hwp_act_window hwp_epp md_clear flush_l1d
Online cpus:
0-7
Offline cpus:

BIOS frequency limitation:
<Not Available>
Frequency switch latency (ns):
0
Available cpu frequencies:
<Not Available>
Current governor:
powersave
Core performance/turbo boost:
<Not Available>

Memory: 4k page, physical 16269784k(3927096k free), swap 2097148k(2097148k free)

vm_info: OpenJDK 64-Bit Server VM (11.0.11+9-Ubuntu-0ubuntu2.18.04) for linux-amd64 JRE (11.0.11+9-Ubuntu-0ubuntu2.18.04), built on Apr 21 2021 09:15:32 by "unknown" with gcc 8.4.0

END.
