#
# A fatal error has been detected by the Java Runtime Environment:
#
#  Internal Error (generateOopMap.cpp:2164), pid=15983, tid=16004
#  fatal error: Illegal class file encountered. Try running with -Xverify:all in method luta
#
# JRE version: OpenJDK Runtime Environment (11.0.11+9) (build 11.0.11+9-Ubuntu-0ubuntu2.18.04)
# Java VM: OpenJDK 64-Bit Server VM (11.0.11+9-Ubuntu-0ubuntu2.18.04, mixed mode, sharing, tiered, compressed oops, g1 gc, linux-amd64)
# Core dump will be written. Default location: Core dumps may be processed with "/usr/share/apport/apport %p %s %c %d %P %E" (or dumping to /home/hfachin@fh.com.br/eclipse-workspace/RPG/core.15983)
#
# If you would like to submit a bug report, please visit:
#   https://bugs.launchpad.net/ubuntu/+source/openjdk-lts
#

---------------  S U M M A R Y ------------

Command Line: -agentlib:jdwp=transport=dt_socket,suspend=y,address=localhost:42631 -javaagent:/home/hfachin@fh.com.br/Eclipse/eclipse/configuration/org.eclipse.osgi/400/0/.cp/lib/javaagent-shaded.jar -Dfile.encoding=UTF-8 --module-path=/home/hfachin@fh.com.br/eclipse-workspace/RPG/bin -Djdk.module.main=Rpg Rpg/main.Main

Host: Intel(R) Core(TM) i5-8250U CPU @ 1.60GHz, 8 cores, 15G, Ubuntu 18.04.5 LTS
Time: Fri May 28 18:38:32 2021 -03 elapsed time: 15.607182 seconds (0d 0h 0m 15s)

---------------  T H R E A D  ---------------

Current thread (0x00007f3f4c237000):  VMThread "VM Thread" [stack: 0x00007f3f17700000,0x00007f3f17800000] [id=16004]

Stack: [0x00007f3f17700000,0x00007f3f17800000],  sp=0x00007f3f177fd820,  free space=1014k
Native frames: (J=compiled Java code, A=aot compiled Java code, j=interpreted, Vv=VM code, C=native code)
V  [libjvm.so+0xe1c39a]
V  [libjvm.so+0xe1d00f]
V  [libjvm.so+0x649668]
V  [libjvm.so+0x7a2b5a]
V  [libjvm.so+0x7a2bfb]
V  [libjvm.so+0x7a463a]
V  [libjvm.so+0x7a8215]
V  [libjvm.so+0x7a9b7c]
V  [libjvm.so+0x7a9e49]
V  [libjvm.so+0xb63264]
V  [libjvm.so+0xb640ab]
V  [libjvm.so+0xb64527]
V  [libjvm.so+0xb03d1e]
V  [libjvm.so+0x9a247c]
V  [libjvm.so+0xe1eb58]
V  [libjvm.so+0xe24a47]
V  [libjvm.so+0xe250d8]
V  [libjvm.so+0xe253e3]
V  [libjvm.so+0xdb67e9]
V  [libjvm.so+0xb7b34e]

VM_Operation (0x00007f3f164e5970): GetOrSetLocal, mode: safepoint, requested by thread 0x00007f3f4c35e000


---------------  P R O C E S S  ---------------

Threads class SMR info:
_java_thread_list=0x00007f3ee40049f0, length=12, elements={
0x00007f3f4c019800, 0x00007f3f4c239800, 0x00007f3f4c23b800, 0x00007f3f4c241000,
0x00007f3f4c243800, 0x00007f3f4c245800, 0x00007f3f4c247800, 0x00007f3f4c249800,
0x00007f3f4c2b1000, 0x00007f3f4c35e000, 0x00007f3f4c362000, 0x00007f3ee8001800
}

Java Threads: ( => current thread )
  0x00007f3f4c019800 JavaThread "main" [_thread_blocked, id=15990, stack(0x00007f3f55335000,0x00007f3f55436000)]
  0x00007f3f4c239800 JavaThread "Reference Handler" daemon [_thread_blocked, id=16005, stack(0x00007f3f175fd000,0x00007f3f176fe000)]
  0x00007f3f4c23b800 JavaThread "Finalizer" daemon [_thread_blocked, id=16006, stack(0x00007f3f174fc000,0x00007f3f175fd000)]
  0x00007f3f4c241000 JavaThread "Signal Dispatcher" daemon [_thread_blocked, id=16007, stack(0x00007f3f1711b000,0x00007f3f1721c000)]
  0x00007f3f4c243800 JavaThread "Service Thread" daemon [_thread_blocked, id=16008, stack(0x00007f3f1701a000,0x00007f3f1711b000)]
  0x00007f3f4c245800 JavaThread "C2 CompilerThread0" daemon [_thread_blocked, id=16009, stack(0x00007f3f16f19000,0x00007f3f1701a000)]
  0x00007f3f4c247800 JavaThread "C1 CompilerThread0" daemon [_thread_blocked, id=16010, stack(0x00007f3f16e18000,0x00007f3f16f19000)]
  0x00007f3f4c249800 JavaThread "Sweeper thread" daemon [_thread_blocked, id=16011, stack(0x00007f3f16d17000,0x00007f3f16e18000)]
  0x00007f3f4c2b1000 JavaThread "Common-Cleaner" daemon [_thread_blocked, id=16013, stack(0x00007f3f167ee000,0x00007f3f168ef000)]
  0x00007f3f4c35e000 JavaThread "JDWP Transport Listener: dt_socket" daemon [_thread_blocked, id=16016, stack(0x00007f3f163e6000,0x00007f3f164e7000)] _threads_hazard_ptr=0x00007f3ee40049f0
  0x00007f3f4c362000 JavaThread "JDWP Event Helper Thread" daemon [_thread_blocked, id=16018, stack(0x00007f3f162e5000,0x00007f3f163e6000)]
  0x00007f3ee8001800 JavaThread "JDWP Command Reader" daemon [_thread_in_native, id=16020, stack(0x00007f3f161e4000,0x00007f3f162e5000)]

Other Threads:
=>0x00007f3f4c237000 VMThread "VM Thread" [stack: 0x00007f3f17700000,0x00007f3f17800000] [id=16004]
  0x00007f3f4c3e4800 WatcherThread [stack: 0x00007f3f15eb5000,0x00007f3f15fb5000] [id=16024]
  0x00007f3f4c032800 GCTaskThread "GC Thread#0" [stack: 0x00007f3f50272000,0x00007f3f50372000] [id=15999]
  0x00007f3f4c090800 ConcurrentGCThread "G1 Main Marker" [stack: 0x00007f3f34071000,0x00007f3f34171000] [id=16000]
  0x00007f3f4c092000 ConcurrentGCThread "G1 Conc#0" [stack: 0x00007f3f26b87000,0x00007f3f26c87000] [id=16001]
  0x00007f3f4c192000 ConcurrentGCThread "G1 Refine#0" [stack: 0x00007f3f2427d000,0x00007f3f2437d000] [id=16002]
  0x00007f3f4c194000 ConcurrentGCThread "G1 Young RemSet Sampling" [stack: 0x00007f3f2417b000,0x00007f3f2427b000] [id=16003]

Threads with active compile tasks:

VM state:at safepoint (normal execution)

VM Mutex/Monitor currently owned by a thread:  ([mutex/lock_event])
[0x00007f3f4c0148f0] Threads_lock - owner thread: 0x00007f3f4c237000

Heap address: 0x0000000707a00000, size: 3974 MB, Compressed Oops mode: Zero based, Oop shift amount: 3
Narrow klass base: 0x0000000800000000, Narrow klass shift: 3
Compressed class space size: 1073741824 Address: 0x0000000840000000

Heap:
 garbage-first heap   total 258048K, used 7880K [0x0000000707a00000, 0x0000000800000000)
  region size 1024K, 8 young (8192K), 0 survivors (0K)
 Metaspace       used 3901K, capacity 5409K, committed 5632K, reserved 1056768K
  class space    used 364K, capacity 508K, committed 512K, reserved 1048576K
Heap Regions: E=young(eden), S=young(survivor), O=old, HS=humongous(starts), HC=humongous(continues), CS=collection set, F=free, A=archive, TAMS=top-at-mark-start (previous, next)
|   0|0x0000000707a00000, 0x0000000707a00000, 0x0000000707b00000|  0%| F|  |TAMS 0x0000000707a00000, 0x0000000707a00000| Untracked 
|   1|0x0000000707b00000, 0x0000000707b00000, 0x0000000707c00000|  0%| F|  |TAMS 0x0000000707b00000, 0x0000000707b00000| Untracked 
|   2|0x0000000707c00000, 0x0000000707c00000, 0x0000000707d00000|  0%| F|  |TAMS 0x0000000707c00000, 0x0000000707c00000| Untracked 
|   3|0x0000000707d00000, 0x0000000707d00000, 0x0000000707e00000|  0%| F|  |TAMS 0x0000000707d00000, 0x0000000707d00000| Untracked 
|   4|0x0000000707e00000, 0x0000000707e00000, 0x0000000707f00000|  0%| F|  |TAMS 0x0000000707e00000, 0x0000000707e00000| Untracked 
|   5|0x0000000707f00000, 0x0000000707f00000, 0x0000000708000000|  0%| F|  |TAMS 0x0000000707f00000, 0x0000000707f00000| Untracked 
|   6|0x0000000708000000, 0x0000000708000000, 0x0000000708100000|  0%| F|  |TAMS 0x0000000708000000, 0x0000000708000000| Untracked 
|   7|0x0000000708100000, 0x0000000708100000, 0x0000000708200000|  0%| F|  |TAMS 0x0000000708100000, 0x0000000708100000| Untracked 
|   8|0x0000000708200000, 0x0000000708200000, 0x0000000708300000|  0%| F|  |TAMS 0x0000000708200000, 0x0000000708200000| Untracked 
|   9|0x0000000708300000, 0x0000000708300000, 0x0000000708400000|  0%| F|  |TAMS 0x0000000708300000, 0x0000000708300000| Untracked 
|  10|0x0000000708400000, 0x0000000708400000, 0x0000000708500000|  0%| F|  |TAMS 0x0000000708400000, 0x0000000708400000| Untracked 
|  11|0x0000000708500000, 0x0000000708500000, 0x0000000708600000|  0%| F|  |TAMS 0x0000000708500000, 0x0000000708500000| Untracked 
|  12|0x0000000708600000, 0x0000000708600000, 0x0000000708700000|  0%| F|  |TAMS 0x0000000708600000, 0x0000000708600000| Untracked 
|  13|0x0000000708700000, 0x0000000708700000, 0x0000000708800000|  0%| F|  |TAMS 0x0000000708700000, 0x0000000708700000| Untracked 
|  14|0x0000000708800000, 0x0000000708800000, 0x0000000708900000|  0%| F|  |TAMS 0x0000000708800000, 0x0000000708800000| Untracked 
|  15|0x0000000708900000, 0x0000000708900000, 0x0000000708a00000|  0%| F|  |TAMS 0x0000000708900000, 0x0000000708900000| Untracked 
|  16|0x0000000708a00000, 0x0000000708a00000, 0x0000000708b00000|  0%| F|  |TAMS 0x0000000708a00000, 0x0000000708a00000| Untracked 
|  17|0x0000000708b00000, 0x0000000708b00000, 0x0000000708c00000|  0%| F|  |TAMS 0x0000000708b00000, 0x0000000708b00000| Untracked 
|  18|0x0000000708c00000, 0x0000000708c00000, 0x0000000708d00000|  0%| F|  |TAMS 0x0000000708c00000, 0x0000000708c00000| Untracked 
|  19|0x0000000708d00000, 0x0000000708d00000, 0x0000000708e00000|  0%| F|  |TAMS 0x0000000708d00000, 0x0000000708d00000| Untracked 
|  20|0x0000000708e00000, 0x0000000708e00000, 0x0000000708f00000|  0%| F|  |TAMS 0x0000000708e00000, 0x0000000708e00000| Untracked 
|  21|0x0000000708f00000, 0x0000000708f00000, 0x0000000709000000|  0%| F|  |TAMS 0x0000000708f00000, 0x0000000708f00000| Untracked 
|  22|0x0000000709000000, 0x0000000709000000, 0x0000000709100000|  0%| F|  |TAMS 0x0000000709000000, 0x0000000709000000| Untracked 
|  23|0x0000000709100000, 0x0000000709100000, 0x0000000709200000|  0%| F|  |TAMS 0x0000000709100000, 0x0000000709100000| Untracked 
|  24|0x0000000709200000, 0x0000000709200000, 0x0000000709300000|  0%| F|  |TAMS 0x0000000709200000, 0x0000000709200000| Untracked 
|  25|0x0000000709300000, 0x0000000709300000, 0x0000000709400000|  0%| F|  |TAMS 0x0000000709300000, 0x0000000709300000| Untracked 
|  26|0x0000000709400000, 0x0000000709400000, 0x0000000709500000|  0%| F|  |TAMS 0x0000000709400000, 0x0000000709400000| Untracked 
|  27|0x0000000709500000, 0x0000000709500000, 0x0000000709600000|  0%| F|  |TAMS 0x0000000709500000, 0x0000000709500000| Untracked 
|  28|0x0000000709600000, 0x0000000709600000, 0x0000000709700000|  0%| F|  |TAMS 0x0000000709600000, 0x0000000709600000| Untracked 
|  29|0x0000000709700000, 0x0000000709700000, 0x0000000709800000|  0%| F|  |TAMS 0x0000000709700000, 0x0000000709700000| Untracked 
|  30|0x0000000709800000, 0x0000000709800000, 0x0000000709900000|  0%| F|  |TAMS 0x0000000709800000, 0x0000000709800000| Untracked 
|  31|0x0000000709900000, 0x0000000709900000, 0x0000000709a00000|  0%| F|  |TAMS 0x0000000709900000, 0x0000000709900000| Untracked 
|  32|0x0000000709a00000, 0x0000000709a00000, 0x0000000709b00000|  0%| F|  |TAMS 0x0000000709a00000, 0x0000000709a00000| Untracked 
|  33|0x0000000709b00000, 0x0000000709b00000, 0x0000000709c00000|  0%| F|  |TAMS 0x0000000709b00000, 0x0000000709b00000| Untracked 
|  34|0x0000000709c00000, 0x0000000709c00000, 0x0000000709d00000|  0%| F|  |TAMS 0x0000000709c00000, 0x0000000709c00000| Untracked 
|  35|0x0000000709d00000, 0x0000000709d00000, 0x0000000709e00000|  0%| F|  |TAMS 0x0000000709d00000, 0x0000000709d00000| Untracked 
|  36|0x0000000709e00000, 0x0000000709e00000, 0x0000000709f00000|  0%| F|  |TAMS 0x0000000709e00000, 0x0000000709e00000| Untracked 
|  37|0x0000000709f00000, 0x0000000709f00000, 0x000000070a000000|  0%| F|  |TAMS 0x0000000709f00000, 0x0000000709f00000| Untracked 
|  38|0x000000070a000000, 0x000000070a000000, 0x000000070a100000|  0%| F|  |TAMS 0x000000070a000000, 0x000000070a000000| Untracked 
|  39|0x000000070a100000, 0x000000070a100000, 0x000000070a200000|  0%| F|  |TAMS 0x000000070a100000, 0x000000070a100000| Untracked 
|  40|0x000000070a200000, 0x000000070a200000, 0x000000070a300000|  0%| F|  |TAMS 0x000000070a200000, 0x000000070a200000| Untracked 
|  41|0x000000070a300000, 0x000000070a300000, 0x000000070a400000|  0%| F|  |TAMS 0x000000070a300000, 0x000000070a300000| Untracked 
|  42|0x000000070a400000, 0x000000070a400000, 0x000000070a500000|  0%| F|  |TAMS 0x000000070a400000, 0x000000070a400000| Untracked 
|  43|0x000000070a500000, 0x000000070a500000, 0x000000070a600000|  0%| F|  |TAMS 0x000000070a500000, 0x000000070a500000| Untracked 
|  44|0x000000070a600000, 0x000000070a600000, 0x000000070a700000|  0%| F|  |TAMS 0x000000070a600000, 0x000000070a600000| Untracked 
|  45|0x000000070a700000, 0x000000070a700000, 0x000000070a800000|  0%| F|  |TAMS 0x000000070a700000, 0x000000070a700000| Untracked 
|  46|0x000000070a800000, 0x000000070a800000, 0x000000070a900000|  0%| F|  |TAMS 0x000000070a800000, 0x000000070a800000| Untracked 
|  47|0x000000070a900000, 0x000000070a900000, 0x000000070aa00000|  0%| F|  |TAMS 0x000000070a900000, 0x000000070a900000| Untracked 
|  48|0x000000070aa00000, 0x000000070aa00000, 0x000000070ab00000|  0%| F|  |TAMS 0x000000070aa00000, 0x000000070aa00000| Untracked 
|  49|0x000000070ab00000, 0x000000070ab00000, 0x000000070ac00000|  0%| F|  |TAMS 0x000000070ab00000, 0x000000070ab00000| Untracked 
|  50|0x000000070ac00000, 0x000000070ac00000, 0x000000070ad00000|  0%| F|  |TAMS 0x000000070ac00000, 0x000000070ac00000| Untracked 
|  51|0x000000070ad00000, 0x000000070ad00000, 0x000000070ae00000|  0%| F|  |TAMS 0x000000070ad00000, 0x000000070ad00000| Untracked 
|  52|0x000000070ae00000, 0x000000070ae00000, 0x000000070af00000|  0%| F|  |TAMS 0x000000070ae00000, 0x000000070ae00000| Untracked 
|  53|0x000000070af00000, 0x000000070af00000, 0x000000070b000000|  0%| F|  |TAMS 0x000000070af00000, 0x000000070af00000| Untracked 
|  54|0x000000070b000000, 0x000000070b000000, 0x000000070b100000|  0%| F|  |TAMS 0x000000070b000000, 0x000000070b000000| Untracked 
|  55|0x000000070b100000, 0x000000070b100000, 0x000000070b200000|  0%| F|  |TAMS 0x000000070b100000, 0x000000070b100000| Untracked 
|  56|0x000000070b200000, 0x000000070b200000, 0x000000070b300000|  0%| F|  |TAMS 0x000000070b200000, 0x000000070b200000| Untracked 
|  57|0x000000070b300000, 0x000000070b300000, 0x000000070b400000|  0%| F|  |TAMS 0x000000070b300000, 0x000000070b300000| Untracked 
|  58|0x000000070b400000, 0x000000070b400000, 0x000000070b500000|  0%| F|  |TAMS 0x000000070b400000, 0x000000070b400000| Untracked 
|  59|0x000000070b500000, 0x000000070b500000, 0x000000070b600000|  0%| F|  |TAMS 0x000000070b500000, 0x000000070b500000| Untracked 
|  60|0x000000070b600000, 0x000000070b600000, 0x000000070b700000|  0%| F|  |TAMS 0x000000070b600000, 0x000000070b600000| Untracked 
|  61|0x000000070b700000, 0x000000070b700000, 0x000000070b800000|  0%| F|  |TAMS 0x000000070b700000, 0x000000070b700000| Untracked 
|  62|0x000000070b800000, 0x000000070b800000, 0x000000070b900000|  0%| F|  |TAMS 0x000000070b800000, 0x000000070b800000| Untracked 
|  63|0x000000070b900000, 0x000000070b900000, 0x000000070ba00000|  0%| F|  |TAMS 0x000000070b900000, 0x000000070b900000| Untracked 
|  64|0x000000070ba00000, 0x000000070ba00000, 0x000000070bb00000|  0%| F|  |TAMS 0x000000070ba00000, 0x000000070ba00000| Untracked 
|  65|0x000000070bb00000, 0x000000070bb00000, 0x000000070bc00000|  0%| F|  |TAMS 0x000000070bb00000, 0x000000070bb00000| Untracked 
|  66|0x000000070bc00000, 0x000000070bc00000, 0x000000070bd00000|  0%| F|  |TAMS 0x000000070bc00000, 0x000000070bc00000| Untracked 
|  67|0x000000070bd00000, 0x000000070bd00000, 0x000000070be00000|  0%| F|  |TAMS 0x000000070bd00000, 0x000000070bd00000| Untracked 
|  68|0x000000070be00000, 0x000000070be00000, 0x000000070bf00000|  0%| F|  |TAMS 0x000000070be00000, 0x000000070be00000| Untracked 
|  69|0x000000070bf00000, 0x000000070bf00000, 0x000000070c000000|  0%| F|  |TAMS 0x000000070bf00000, 0x000000070bf00000| Untracked 
|  70|0x000000070c000000, 0x000000070c000000, 0x000000070c100000|  0%| F|  |TAMS 0x000000070c000000, 0x000000070c000000| Untracked 
|  71|0x000000070c100000, 0x000000070c100000, 0x000000070c200000|  0%| F|  |TAMS 0x000000070c100000, 0x000000070c100000| Untracked 
|  72|0x000000070c200000, 0x000000070c200000, 0x000000070c300000|  0%| F|  |TAMS 0x000000070c200000, 0x000000070c200000| Untracked 
|  73|0x000000070c300000, 0x000000070c300000, 0x000000070c400000|  0%| F|  |TAMS 0x000000070c300000, 0x000000070c300000| Untracked 
|  74|0x000000070c400000, 0x000000070c400000, 0x000000070c500000|  0%| F|  |TAMS 0x000000070c400000, 0x000000070c400000| Untracked 
|  75|0x000000070c500000, 0x000000070c500000, 0x000000070c600000|  0%| F|  |TAMS 0x000000070c500000, 0x000000070c500000| Untracked 
|  76|0x000000070c600000, 0x000000070c600000, 0x000000070c700000|  0%| F|  |TAMS 0x000000070c600000, 0x000000070c600000| Untracked 
|  77|0x000000070c700000, 0x000000070c700000, 0x000000070c800000|  0%| F|  |TAMS 0x000000070c700000, 0x000000070c700000| Untracked 
|  78|0x000000070c800000, 0x000000070c800000, 0x000000070c900000|  0%| F|  |TAMS 0x000000070c800000, 0x000000070c800000| Untracked 
|  79|0x000000070c900000, 0x000000070c900000, 0x000000070ca00000|  0%| F|  |TAMS 0x000000070c900000, 0x000000070c900000| Untracked 
|  80|0x000000070ca00000, 0x000000070ca00000, 0x000000070cb00000|  0%| F|  |TAMS 0x000000070ca00000, 0x000000070ca00000| Untracked 
|  81|0x000000070cb00000, 0x000000070cb00000, 0x000000070cc00000|  0%| F|  |TAMS 0x000000070cb00000, 0x000000070cb00000| Untracked 
|  82|0x000000070cc00000, 0x000000070cc00000, 0x000000070cd00000|  0%| F|  |TAMS 0x000000070cc00000, 0x000000070cc00000| Untracked 
|  83|0x000000070cd00000, 0x000000070cd00000, 0x000000070ce00000|  0%| F|  |TAMS 0x000000070cd00000, 0x000000070cd00000| Untracked 
|  84|0x000000070ce00000, 0x000000070ce00000, 0x000000070cf00000|  0%| F|  |TAMS 0x000000070ce00000, 0x000000070ce00000| Untracked 
|  85|0x000000070cf00000, 0x000000070cf00000, 0x000000070d000000|  0%| F|  |TAMS 0x000000070cf00000, 0x000000070cf00000| Untracked 
|  86|0x000000070d000000, 0x000000070d000000, 0x000000070d100000|  0%| F|  |TAMS 0x000000070d000000, 0x000000070d000000| Untracked 
|  87|0x000000070d100000, 0x000000070d100000, 0x000000070d200000|  0%| F|  |TAMS 0x000000070d100000, 0x000000070d100000| Untracked 
|  88|0x000000070d200000, 0x000000070d200000, 0x000000070d300000|  0%| F|  |TAMS 0x000000070d200000, 0x000000070d200000| Untracked 
|  89|0x000000070d300000, 0x000000070d300000, 0x000000070d400000|  0%| F|  |TAMS 0x000000070d300000, 0x000000070d300000| Untracked 
|  90|0x000000070d400000, 0x000000070d400000, 0x000000070d500000|  0%| F|  |TAMS 0x000000070d400000, 0x000000070d400000| Untracked 
|  91|0x000000070d500000, 0x000000070d500000, 0x000000070d600000|  0%| F|  |TAMS 0x000000070d500000, 0x000000070d500000| Untracked 
|  92|0x000000070d600000, 0x000000070d600000, 0x000000070d700000|  0%| F|  |TAMS 0x000000070d600000, 0x000000070d600000| Untracked 
|  93|0x000000070d700000, 0x000000070d700000, 0x000000070d800000|  0%| F|  |TAMS 0x000000070d700000, 0x000000070d700000| Untracked 
|  94|0x000000070d800000, 0x000000070d800000, 0x000000070d900000|  0%| F|  |TAMS 0x000000070d800000, 0x000000070d800000| Untracked 
|  95|0x000000070d900000, 0x000000070d900000, 0x000000070da00000|  0%| F|  |TAMS 0x000000070d900000, 0x000000070d900000| Untracked 
|  96|0x000000070da00000, 0x000000070da00000, 0x000000070db00000|  0%| F|  |TAMS 0x000000070da00000, 0x000000070da00000| Untracked 
|  97|0x000000070db00000, 0x000000070db00000, 0x000000070dc00000|  0%| F|  |TAMS 0x000000070db00000, 0x000000070db00000| Untracked 
|  98|0x000000070dc00000, 0x000000070dc00000, 0x000000070dd00000|  0%| F|  |TAMS 0x000000070dc00000, 0x000000070dc00000| Untracked 
|  99|0x000000070dd00000, 0x000000070dd00000, 0x000000070de00000|  0%| F|  |TAMS 0x000000070dd00000, 0x000000070dd00000| Untracked 
| 100|0x000000070de00000, 0x000000070de00000, 0x000000070df00000|  0%| F|  |TAMS 0x000000070de00000, 0x000000070de00000| Untracked 
| 101|0x000000070df00000, 0x000000070df00000, 0x000000070e000000|  0%| F|  |TAMS 0x000000070df00000, 0x000000070df00000| Untracked 
| 102|0x000000070e000000, 0x000000070e000000, 0x000000070e100000|  0%| F|  |TAMS 0x000000070e000000, 0x000000070e000000| Untracked 
| 103|0x000000070e100000, 0x000000070e100000, 0x000000070e200000|  0%| F|  |TAMS 0x000000070e100000, 0x000000070e100000| Untracked 
| 104|0x000000070e200000, 0x000000070e200000, 0x000000070e300000|  0%| F|  |TAMS 0x000000070e200000, 0x000000070e200000| Untracked 
| 105|0x000000070e300000, 0x000000070e300000, 0x000000070e400000|  0%| F|  |TAMS 0x000000070e300000, 0x000000070e300000| Untracked 
| 106|0x000000070e400000, 0x000000070e400000, 0x000000070e500000|  0%| F|  |TAMS 0x000000070e400000, 0x000000070e400000| Untracked 
| 107|0x000000070e500000, 0x000000070e500000, 0x000000070e600000|  0%| F|  |TAMS 0x000000070e500000, 0x000000070e500000| Untracked 
| 108|0x000000070e600000, 0x000000070e600000, 0x000000070e700000|  0%| F|  |TAMS 0x000000070e600000, 0x000000070e600000| Untracked 
| 109|0x000000070e700000, 0x000000070e700000, 0x000000070e800000|  0%| F|  |TAMS 0x000000070e700000, 0x000000070e700000| Untracked 
| 110|0x000000070e800000, 0x000000070e800000, 0x000000070e900000|  0%| F|  |TAMS 0x000000070e800000, 0x000000070e800000| Untracked 
| 111|0x000000070e900000, 0x000000070e900000, 0x000000070ea00000|  0%| F|  |TAMS 0x000000070e900000, 0x000000070e900000| Untracked 
| 112|0x000000070ea00000, 0x000000070ea00000, 0x000000070eb00000|  0%| F|  |TAMS 0x000000070ea00000, 0x000000070ea00000| Untracked 
| 113|0x000000070eb00000, 0x000000070eb00000, 0x000000070ec00000|  0%| F|  |TAMS 0x000000070eb00000, 0x000000070eb00000| Untracked 
| 114|0x000000070ec00000, 0x000000070ec00000, 0x000000070ed00000|  0%| F|  |TAMS 0x000000070ec00000, 0x000000070ec00000| Untracked 
| 115|0x000000070ed00000, 0x000000070ed00000, 0x000000070ee00000|  0%| F|  |TAMS 0x000000070ed00000, 0x000000070ed00000| Untracked 
| 116|0x000000070ee00000, 0x000000070ee00000, 0x000000070ef00000|  0%| F|  |TAMS 0x000000070ee00000, 0x000000070ee00000| Untracked 
| 117|0x000000070ef00000, 0x000000070ef00000, 0x000000070f000000|  0%| F|  |TAMS 0x000000070ef00000, 0x000000070ef00000| Untracked 
| 118|0x000000070f000000, 0x000000070f000000, 0x000000070f100000|  0%| F|  |TAMS 0x000000070f000000, 0x000000070f000000| Untracked 
| 119|0x000000070f100000, 0x000000070f100000, 0x000000070f200000|  0%| F|  |TAMS 0x000000070f100000, 0x000000070f100000| Untracked 
| 120|0x000000070f200000, 0x000000070f200000, 0x000000070f300000|  0%| F|  |TAMS 0x000000070f200000, 0x000000070f200000| Untracked 
| 121|0x000000070f300000, 0x000000070f300000, 0x000000070f400000|  0%| F|  |TAMS 0x000000070f300000, 0x000000070f300000| Untracked 
| 122|0x000000070f400000, 0x000000070f400000, 0x000000070f500000|  0%| F|  |TAMS 0x000000070f400000, 0x000000070f400000| Untracked 
| 123|0x000000070f500000, 0x000000070f500000, 0x000000070f600000|  0%| F|  |TAMS 0x000000070f500000, 0x000000070f500000| Untracked 
| 124|0x000000070f600000, 0x000000070f600000, 0x000000070f700000|  0%| F|  |TAMS 0x000000070f600000, 0x000000070f600000| Untracked 
| 125|0x000000070f700000, 0x000000070f700000, 0x000000070f800000|  0%| F|  |TAMS 0x000000070f700000, 0x000000070f700000| Untracked 
| 126|0x000000070f800000, 0x000000070f800000, 0x000000070f900000|  0%| F|  |TAMS 0x000000070f800000, 0x000000070f800000| Untracked 
| 127|0x000000070f900000, 0x000000070f900000, 0x000000070fa00000|  0%| F|  |TAMS 0x000000070f900000, 0x000000070f900000| Untracked 
| 128|0x000000070fa00000, 0x000000070fa00000, 0x000000070fb00000|  0%| F|  |TAMS 0x000000070fa00000, 0x000000070fa00000| Untracked 
| 129|0x000000070fb00000, 0x000000070fb00000, 0x000000070fc00000|  0%| F|  |TAMS 0x000000070fb00000, 0x000000070fb00000| Untracked 
| 130|0x000000070fc00000, 0x000000070fc00000, 0x000000070fd00000|  0%| F|  |TAMS 0x000000070fc00000, 0x000000070fc00000| Untracked 
| 131|0x000000070fd00000, 0x000000070fd00000, 0x000000070fe00000|  0%| F|  |TAMS 0x000000070fd00000, 0x000000070fd00000| Untracked 
| 132|0x000000070fe00000, 0x000000070fe00000, 0x000000070ff00000|  0%| F|  |TAMS 0x000000070fe00000, 0x000000070fe00000| Untracked 
| 133|0x000000070ff00000, 0x000000070ff00000, 0x0000000710000000|  0%| F|  |TAMS 0x000000070ff00000, 0x000000070ff00000| Untracked 
| 134|0x0000000710000000, 0x0000000710000000, 0x0000000710100000|  0%| F|  |TAMS 0x0000000710000000, 0x0000000710000000| Untracked 
| 135|0x0000000710100000, 0x0000000710100000, 0x0000000710200000|  0%| F|  |TAMS 0x0000000710100000, 0x0000000710100000| Untracked 
| 136|0x0000000710200000, 0x0000000710200000, 0x0000000710300000|  0%| F|  |TAMS 0x0000000710200000, 0x0000000710200000| Untracked 
| 137|0x0000000710300000, 0x0000000710300000, 0x0000000710400000|  0%| F|  |TAMS 0x0000000710300000, 0x0000000710300000| Untracked 
| 138|0x0000000710400000, 0x0000000710400000, 0x0000000710500000|  0%| F|  |TAMS 0x0000000710400000, 0x0000000710400000| Untracked 
| 139|0x0000000710500000, 0x0000000710500000, 0x0000000710600000|  0%| F|  |TAMS 0x0000000710500000, 0x0000000710500000| Untracked 
| 140|0x0000000710600000, 0x0000000710600000, 0x0000000710700000|  0%| F|  |TAMS 0x0000000710600000, 0x0000000710600000| Untracked 
| 141|0x0000000710700000, 0x0000000710700000, 0x0000000710800000|  0%| F|  |TAMS 0x0000000710700000, 0x0000000710700000| Untracked 
| 142|0x0000000710800000, 0x0000000710800000, 0x0000000710900000|  0%| F|  |TAMS 0x0000000710800000, 0x0000000710800000| Untracked 
| 143|0x0000000710900000, 0x0000000710900000, 0x0000000710a00000|  0%| F|  |TAMS 0x0000000710900000, 0x0000000710900000| Untracked 
| 144|0x0000000710a00000, 0x0000000710a00000, 0x0000000710b00000|  0%| F|  |TAMS 0x0000000710a00000, 0x0000000710a00000| Untracked 
| 145|0x0000000710b00000, 0x0000000710b00000, 0x0000000710c00000|  0%| F|  |TAMS 0x0000000710b00000, 0x0000000710b00000| Untracked 
| 146|0x0000000710c00000, 0x0000000710c00000, 0x0000000710d00000|  0%| F|  |TAMS 0x0000000710c00000, 0x0000000710c00000| Untracked 
| 147|0x0000000710d00000, 0x0000000710d00000, 0x0000000710e00000|  0%| F|  |TAMS 0x0000000710d00000, 0x0000000710d00000| Untracked 
| 148|0x0000000710e00000, 0x0000000710e00000, 0x0000000710f00000|  0%| F|  |TAMS 0x0000000710e00000, 0x0000000710e00000| Untracked 
| 149|0x0000000710f00000, 0x0000000710f00000, 0x0000000711000000|  0%| F|  |TAMS 0x0000000710f00000, 0x0000000710f00000| Untracked 
| 150|0x0000000711000000, 0x0000000711000000, 0x0000000711100000|  0%| F|  |TAMS 0x0000000711000000, 0x0000000711000000| Untracked 
| 151|0x0000000711100000, 0x0000000711100000, 0x0000000711200000|  0%| F|  |TAMS 0x0000000711100000, 0x0000000711100000| Untracked 
| 152|0x0000000711200000, 0x0000000711200000, 0x0000000711300000|  0%| F|  |TAMS 0x0000000711200000, 0x0000000711200000| Untracked 
| 153|0x0000000711300000, 0x0000000711300000, 0x0000000711400000|  0%| F|  |TAMS 0x0000000711300000, 0x0000000711300000| Untracked 
| 154|0x0000000711400000, 0x0000000711400000, 0x0000000711500000|  0%| F|  |TAMS 0x0000000711400000, 0x0000000711400000| Untracked 
| 155|0x0000000711500000, 0x0000000711500000, 0x0000000711600000|  0%| F|  |TAMS 0x0000000711500000, 0x0000000711500000| Untracked 
| 156|0x0000000711600000, 0x0000000711600000, 0x0000000711700000|  0%| F|  |TAMS 0x0000000711600000, 0x0000000711600000| Untracked 
| 157|0x0000000711700000, 0x0000000711700000, 0x0000000711800000|  0%| F|  |TAMS 0x0000000711700000, 0x0000000711700000| Untracked 
| 158|0x0000000711800000, 0x0000000711800000, 0x0000000711900000|  0%| F|  |TAMS 0x0000000711800000, 0x0000000711800000| Untracked 
| 159|0x0000000711900000, 0x0000000711900000, 0x0000000711a00000|  0%| F|  |TAMS 0x0000000711900000, 0x0000000711900000| Untracked 
| 160|0x0000000711a00000, 0x0000000711a00000, 0x0000000711b00000|  0%| F|  |TAMS 0x0000000711a00000, 0x0000000711a00000| Untracked 
| 161|0x0000000711b00000, 0x0000000711b00000, 0x0000000711c00000|  0%| F|  |TAMS 0x0000000711b00000, 0x0000000711b00000| Untracked 
| 162|0x0000000711c00000, 0x0000000711c00000, 0x0000000711d00000|  0%| F|  |TAMS 0x0000000711c00000, 0x0000000711c00000| Untracked 
| 163|0x0000000711d00000, 0x0000000711d00000, 0x0000000711e00000|  0%| F|  |TAMS 0x0000000711d00000, 0x0000000711d00000| Untracked 
| 164|0x0000000711e00000, 0x0000000711e00000, 0x0000000711f00000|  0%| F|  |TAMS 0x0000000711e00000, 0x0000000711e00000| Untracked 
| 165|0x0000000711f00000, 0x0000000711f00000, 0x0000000712000000|  0%| F|  |TAMS 0x0000000711f00000, 0x0000000711f00000| Untracked 
| 166|0x0000000712000000, 0x0000000712000000, 0x0000000712100000|  0%| F|  |TAMS 0x0000000712000000, 0x0000000712000000| Untracked 
| 167|0x0000000712100000, 0x0000000712100000, 0x0000000712200000|  0%| F|  |TAMS 0x0000000712100000, 0x0000000712100000| Untracked 
| 168|0x0000000712200000, 0x0000000712200000, 0x0000000712300000|  0%| F|  |TAMS 0x0000000712200000, 0x0000000712200000| Untracked 
| 169|0x0000000712300000, 0x0000000712300000, 0x0000000712400000|  0%| F|  |TAMS 0x0000000712300000, 0x0000000712300000| Untracked 
| 170|0x0000000712400000, 0x0000000712400000, 0x0000000712500000|  0%| F|  |TAMS 0x0000000712400000, 0x0000000712400000| Untracked 
| 171|0x0000000712500000, 0x0000000712500000, 0x0000000712600000|  0%| F|  |TAMS 0x0000000712500000, 0x0000000712500000| Untracked 
| 172|0x0000000712600000, 0x0000000712600000, 0x0000000712700000|  0%| F|  |TAMS 0x0000000712600000, 0x0000000712600000| Untracked 
| 173|0x0000000712700000, 0x0000000712700000, 0x0000000712800000|  0%| F|  |TAMS 0x0000000712700000, 0x0000000712700000| Untracked 
| 174|0x0000000712800000, 0x0000000712800000, 0x0000000712900000|  0%| F|  |TAMS 0x0000000712800000, 0x0000000712800000| Untracked 
| 175|0x0000000712900000, 0x0000000712900000, 0x0000000712a00000|  0%| F|  |TAMS 0x0000000712900000, 0x0000000712900000| Untracked 
| 176|0x0000000712a00000, 0x0000000712a00000, 0x0000000712b00000|  0%| F|  |TAMS 0x0000000712a00000, 0x0000000712a00000| Untracked 
| 177|0x0000000712b00000, 0x0000000712b00000, 0x0000000712c00000|  0%| F|  |TAMS 0x0000000712b00000, 0x0000000712b00000| Untracked 
| 178|0x0000000712c00000, 0x0000000712c00000, 0x0000000712d00000|  0%| F|  |TAMS 0x0000000712c00000, 0x0000000712c00000| Untracked 
| 179|0x0000000712d00000, 0x0000000712d00000, 0x0000000712e00000|  0%| F|  |TAMS 0x0000000712d00000, 0x0000000712d00000| Untracked 
| 180|0x0000000712e00000, 0x0000000712e00000, 0x0000000712f00000|  0%| F|  |TAMS 0x0000000712e00000, 0x0000000712e00000| Untracked 
| 181|0x0000000712f00000, 0x0000000712f00000, 0x0000000713000000|  0%| F|  |TAMS 0x0000000712f00000, 0x0000000712f00000| Untracked 
| 182|0x0000000713000000, 0x0000000713000000, 0x0000000713100000|  0%| F|  |TAMS 0x0000000713000000, 0x0000000713000000| Untracked 
| 183|0x0000000713100000, 0x0000000713100000, 0x0000000713200000|  0%| F|  |TAMS 0x0000000713100000, 0x0000000713100000| Untracked 
| 184|0x0000000713200000, 0x0000000713200000, 0x0000000713300000|  0%| F|  |TAMS 0x0000000713200000, 0x0000000713200000| Untracked 
| 185|0x0000000713300000, 0x0000000713300000, 0x0000000713400000|  0%| F|  |TAMS 0x0000000713300000, 0x0000000713300000| Untracked 
| 186|0x0000000713400000, 0x0000000713400000, 0x0000000713500000|  0%| F|  |TAMS 0x0000000713400000, 0x0000000713400000| Untracked 
| 187|0x0000000713500000, 0x0000000713500000, 0x0000000713600000|  0%| F|  |TAMS 0x0000000713500000, 0x0000000713500000| Untracked 
| 188|0x0000000713600000, 0x0000000713600000, 0x0000000713700000|  0%| F|  |TAMS 0x0000000713600000, 0x0000000713600000| Untracked 
| 189|0x0000000713700000, 0x0000000713700000, 0x0000000713800000|  0%| F|  |TAMS 0x0000000713700000, 0x0000000713700000| Untracked 
| 190|0x0000000713800000, 0x0000000713800000, 0x0000000713900000|  0%| F|  |TAMS 0x0000000713800000, 0x0000000713800000| Untracked 
| 191|0x0000000713900000, 0x0000000713900000, 0x0000000713a00000|  0%| F|  |TAMS 0x0000000713900000, 0x0000000713900000| Untracked 
| 192|0x0000000713a00000, 0x0000000713a00000, 0x0000000713b00000|  0%| F|  |TAMS 0x0000000713a00000, 0x0000000713a00000| Untracked 
| 193|0x0000000713b00000, 0x0000000713b00000, 0x0000000713c00000|  0%| F|  |TAMS 0x0000000713b00000, 0x0000000713b00000| Untracked 
| 194|0x0000000713c00000, 0x0000000713c00000, 0x0000000713d00000|  0%| F|  |TAMS 0x0000000713c00000, 0x0000000713c00000| Untracked 
| 195|0x0000000713d00000, 0x0000000713d00000, 0x0000000713e00000|  0%| F|  |TAMS 0x0000000713d00000, 0x0000000713d00000| Untracked 
| 196|0x0000000713e00000, 0x0000000713e00000, 0x0000000713f00000|  0%| F|  |TAMS 0x0000000713e00000, 0x0000000713e00000| Untracked 
| 197|0x0000000713f00000, 0x0000000713f00000, 0x0000000714000000|  0%| F|  |TAMS 0x0000000713f00000, 0x0000000713f00000| Untracked 
| 198|0x0000000714000000, 0x0000000714000000, 0x0000000714100000|  0%| F|  |TAMS 0x0000000714000000, 0x0000000714000000| Untracked 
| 199|0x0000000714100000, 0x0000000714100000, 0x0000000714200000|  0%| F|  |TAMS 0x0000000714100000, 0x0000000714100000| Untracked 
| 200|0x0000000714200000, 0x0000000714200000, 0x0000000714300000|  0%| F|  |TAMS 0x0000000714200000, 0x0000000714200000| Untracked 
| 201|0x0000000714300000, 0x0000000714300000, 0x0000000714400000|  0%| F|  |TAMS 0x0000000714300000, 0x0000000714300000| Untracked 
| 202|0x0000000714400000, 0x0000000714400000, 0x0000000714500000|  0%| F|  |TAMS 0x0000000714400000, 0x0000000714400000| Untracked 
| 203|0x0000000714500000, 0x0000000714500000, 0x0000000714600000|  0%| F|  |TAMS 0x0000000714500000, 0x0000000714500000| Untracked 
| 204|0x0000000714600000, 0x0000000714600000, 0x0000000714700000|  0%| F|  |TAMS 0x0000000714600000, 0x0000000714600000| Untracked 
| 205|0x0000000714700000, 0x0000000714700000, 0x0000000714800000|  0%| F|  |TAMS 0x0000000714700000, 0x0000000714700000| Untracked 
| 206|0x0000000714800000, 0x0000000714800000, 0x0000000714900000|  0%| F|  |TAMS 0x0000000714800000, 0x0000000714800000| Untracked 
| 207|0x0000000714900000, 0x0000000714900000, 0x0000000714a00000|  0%| F|  |TAMS 0x0000000714900000, 0x0000000714900000| Untracked 
| 208|0x0000000714a00000, 0x0000000714a00000, 0x0000000714b00000|  0%| F|  |TAMS 0x0000000714a00000, 0x0000000714a00000| Untracked 
| 209|0x0000000714b00000, 0x0000000714b00000, 0x0000000714c00000|  0%| F|  |TAMS 0x0000000714b00000, 0x0000000714b00000| Untracked 
| 210|0x0000000714c00000, 0x0000000714c00000, 0x0000000714d00000|  0%| F|  |TAMS 0x0000000714c00000, 0x0000000714c00000| Untracked 
| 211|0x0000000714d00000, 0x0000000714d00000, 0x0000000714e00000|  0%| F|  |TAMS 0x0000000714d00000, 0x0000000714d00000| Untracked 
| 212|0x0000000714e00000, 0x0000000714e00000, 0x0000000714f00000|  0%| F|  |TAMS 0x0000000714e00000, 0x0000000714e00000| Untracked 
| 213|0x0000000714f00000, 0x0000000714f00000, 0x0000000715000000|  0%| F|  |TAMS 0x0000000714f00000, 0x0000000714f00000| Untracked 
| 214|0x0000000715000000, 0x0000000715000000, 0x0000000715100000|  0%| F|  |TAMS 0x0000000715000000, 0x0000000715000000| Untracked 
| 215|0x0000000715100000, 0x0000000715100000, 0x0000000715200000|  0%| F|  |TAMS 0x0000000715100000, 0x0000000715100000| Untracked 
| 216|0x0000000715200000, 0x0000000715200000, 0x0000000715300000|  0%| F|  |TAMS 0x0000000715200000, 0x0000000715200000| Untracked 
| 217|0x0000000715300000, 0x0000000715300000, 0x0000000715400000|  0%| F|  |TAMS 0x0000000715300000, 0x0000000715300000| Untracked 
| 218|0x0000000715400000, 0x0000000715400000, 0x0000000715500000|  0%| F|  |TAMS 0x0000000715400000, 0x0000000715400000| Untracked 
| 219|0x0000000715500000, 0x0000000715500000, 0x0000000715600000|  0%| F|  |TAMS 0x0000000715500000, 0x0000000715500000| Untracked 
| 220|0x0000000715600000, 0x0000000715600000, 0x0000000715700000|  0%| F|  |TAMS 0x0000000715600000, 0x0000000715600000| Untracked 
| 221|0x0000000715700000, 0x0000000715700000, 0x0000000715800000|  0%| F|  |TAMS 0x0000000715700000, 0x0000000715700000| Untracked 
| 222|0x0000000715800000, 0x0000000715800000, 0x0000000715900000|  0%| F|  |TAMS 0x0000000715800000, 0x0000000715800000| Untracked 
| 223|0x0000000715900000, 0x0000000715900000, 0x0000000715a00000|  0%| F|  |TAMS 0x0000000715900000, 0x0000000715900000| Untracked 
| 224|0x0000000715a00000, 0x0000000715a00000, 0x0000000715b00000|  0%| F|  |TAMS 0x0000000715a00000, 0x0000000715a00000| Untracked 
| 225|0x0000000715b00000, 0x0000000715b00000, 0x0000000715c00000|  0%| F|  |TAMS 0x0000000715b00000, 0x0000000715b00000| Untracked 
| 226|0x0000000715c00000, 0x0000000715c00000, 0x0000000715d00000|  0%| F|  |TAMS 0x0000000715c00000, 0x0000000715c00000| Untracked 
| 227|0x0000000715d00000, 0x0000000715d00000, 0x0000000715e00000|  0%| F|  |TAMS 0x0000000715d00000, 0x0000000715d00000| Untracked 
| 228|0x0000000715e00000, 0x0000000715e00000, 0x0000000715f00000|  0%| F|  |TAMS 0x0000000715e00000, 0x0000000715e00000| Untracked 
| 229|0x0000000715f00000, 0x0000000715f00000, 0x0000000716000000|  0%| F|  |TAMS 0x0000000715f00000, 0x0000000715f00000| Untracked 
| 230|0x0000000716000000, 0x0000000716000000, 0x0000000716100000|  0%| F|  |TAMS 0x0000000716000000, 0x0000000716000000| Untracked 
| 231|0x0000000716100000, 0x0000000716100000, 0x0000000716200000|  0%| F|  |TAMS 0x0000000716100000, 0x0000000716100000| Untracked 
| 232|0x0000000716200000, 0x0000000716200000, 0x0000000716300000|  0%| F|  |TAMS 0x0000000716200000, 0x0000000716200000| Untracked 
| 233|0x0000000716300000, 0x0000000716300000, 0x0000000716400000|  0%| F|  |TAMS 0x0000000716300000, 0x0000000716300000| Untracked 
| 234|0x0000000716400000, 0x0000000716400000, 0x0000000716500000|  0%| F|  |TAMS 0x0000000716400000, 0x0000000716400000| Untracked 
| 235|0x0000000716500000, 0x0000000716500000, 0x0000000716600000|  0%| F|  |TAMS 0x0000000716500000, 0x0000000716500000| Untracked 
| 236|0x0000000716600000, 0x0000000716600000, 0x0000000716700000|  0%| F|  |TAMS 0x0000000716600000, 0x0000000716600000| Untracked 
| 237|0x0000000716700000, 0x0000000716700000, 0x0000000716800000|  0%| F|  |TAMS 0x0000000716700000, 0x0000000716700000| Untracked 
| 238|0x0000000716800000, 0x0000000716800000, 0x0000000716900000|  0%| F|  |TAMS 0x0000000716800000, 0x0000000716800000| Untracked 
| 239|0x0000000716900000, 0x0000000716900000, 0x0000000716a00000|  0%| F|  |TAMS 0x0000000716900000, 0x0000000716900000| Untracked 
| 240|0x0000000716a00000, 0x0000000716a00000, 0x0000000716b00000|  0%| F|  |TAMS 0x0000000716a00000, 0x0000000716a00000| Untracked 
| 241|0x0000000716b00000, 0x0000000716b00000, 0x0000000716c00000|  0%| F|  |TAMS 0x0000000716b00000, 0x0000000716b00000| Untracked 
| 242|0x0000000716c00000, 0x0000000716c7d240, 0x0000000716d00000| 48%| E|  |TAMS 0x0000000716c00000, 0x0000000716c00000| Complete 
| 243|0x0000000716d00000, 0x0000000716e00000, 0x0000000716e00000|100%| E|CS|TAMS 0x0000000716d00000, 0x0000000716d00000| Complete 
| 244|0x0000000716e00000, 0x0000000716f00000, 0x0000000716f00000|100%| E|CS|TAMS 0x0000000716e00000, 0x0000000716e00000| Complete 
| 245|0x0000000716f00000, 0x0000000717000000, 0x0000000717000000|100%| E|CS|TAMS 0x0000000716f00000, 0x0000000716f00000| Complete 
| 246|0x0000000717000000, 0x0000000717100000, 0x0000000717100000|100%| E|CS|TAMS 0x0000000717000000, 0x0000000717000000| Complete 
| 247|0x0000000717100000, 0x0000000717200000, 0x0000000717200000|100%| E|CS|TAMS 0x0000000717100000, 0x0000000717100000| Complete 
| 248|0x0000000717200000, 0x0000000717300000, 0x0000000717300000|100%| E|CS|TAMS 0x0000000717200000, 0x0000000717200000| Complete 
| 249|0x0000000717300000, 0x0000000717400000, 0x0000000717400000|100%| E|CS|TAMS 0x0000000717300000, 0x0000000717300000| Complete 
|2948|0x00000007bfe00000, 0x00000007bfe47000, 0x00000007bff00000| 27%|OA|  |TAMS 0x00000007bfe00000, 0x00000007bfe00000| Untracked 
|2949|0x00000007bff00000, 0x00000007bff6b000, 0x00000007c0000000| 41%|CA|  |TAMS 0x00000007bff00000, 0x00000007bff00000| Untracked 

Card table byte_map: [0x00007f3f2f07a000,0x00007f3f2f83d000] _byte_map_base: 0x00007f3f2b83d000

Marking Bits (Prev, Next): (CMBitMap*) 0x00007f3f4c07fda8, (CMBitMap*) 0x00007f3f4c07fde0
 Prev Bits: [0x00007f3f2aa9f000, 0x00007f3f2e8b7000)
 Next Bits: [0x00007f3f26c87000, 0x00007f3f2aa9f000)

Polling page: 0x00007f3f5544d000

Metaspace:

Usage:
  Non-class:      4,79 MB capacity,     3,45 MB ( 72%) used,     1,33 MB ( 28%) free+waste,     6,12 KB ( <1%) overhead. 
      Class:    508,00 KB capacity,   364,53 KB ( 72%) used,   140,03 KB ( 28%) free+waste,     3,44 KB ( <1%) overhead. 
       Both:      5,28 MB capacity,     3,81 MB ( 72%) used,     1,46 MB ( 28%) free+waste,     9,56 KB ( <1%) overhead. 

Virtual space:
  Non-class space:        8,00 MB reserved,       5,00 MB ( 62%) committed 
      Class space:        1,00 GB reserved,     512,00 KB ( <1%) committed 
             Both:        1,01 GB reserved,       5,50 MB ( <1%) committed 

Chunk freelists:
   Non-Class:  27,00 KB
       Class:  4,00 KB
        Both:  31,00 KB

MaxMetaspaceSize: unlimited
CompressedClassSpaceSize: 1,00 GB

CodeHeap 'non-profiled nmethods': size=120032Kb used=163Kb max_used=163Kb free=119868Kb
 bounds [0x00007f3f3c340000, 0x00007f3f3c5b0000, 0x00007f3f43878000]
CodeHeap 'profiled nmethods': size=120028Kb used=819Kb max_used=819Kb free=119209Kb
 bounds [0x00007f3f34e09000, 0x00007f3f35079000, 0x00007f3f3c340000]
CodeHeap 'non-nmethods': size=5700Kb used=1134Kb max_used=1150Kb free=4565Kb
 bounds [0x00007f3f34878000, 0x00007f3f34ae8000, 0x00007f3f34e09000]
 total_blobs=904 nmethods=531 adapters=294
 compilation: enabled
              stopped_count=0, restarted_count=0
 full_count=0

Compilation events (20 events):
Event: 0,408 Thread 0x00007f3f4c247800  524       3       org.eclipse.jdt.launching.internal.org.objectweb.asm.SymbolTable::addConstantMemberReference (29 bytes)
Event: 0,408 Thread 0x00007f3f4c247800 nmethod 524 0x00007f3f34ed2d90 code [0x00007f3f34ed2fa0, 0x00007f3f34ed33e0]
Event: 0,408 Thread 0x00007f3f4c247800  525       3       org.eclipse.jdt.launching.internal.org.objectweb.asm.SymbolTable::hash (20 bytes)
Event: 0,408 Thread 0x00007f3f4c247800 nmethod 525 0x00007f3f34ed3710 code [0x00007f3f34ed38e0, 0x00007f3f34ed3aa0]
Event: 0,408 Thread 0x00007f3f4c247800  526       3       org.eclipse.jdt.launching.internal.org.objectweb.asm.SymbolTable$Entry::<init> (20 bytes)
Event: 0,409 Thread 0x00007f3f4c247800 nmethod 526 0x00007f3f34ed3c10 code [0x00007f3f34ed3dc0, 0x00007f3f34ed3f60]
Event: 0,409 Thread 0x00007f3f4c247800  522       3       org.eclipse.jdt.launching.internal.org.objectweb.asm.ClassVisitor::visitMethod (24 bytes)
Event: 0,409 Thread 0x00007f3f4c247800 nmethod 522 0x00007f3f34ed4090 code [0x00007f3f34ed4260, 0x00007f3f34ed44e0]
Event: 0,409 Thread 0x00007f3f4c247800  523       3       sun.nio.fs.UnixPath::isEmpty (14 bytes)
Event: 0,409 Thread 0x00007f3f4c247800 nmethod 523 0x00007f3f34ed4610 code [0x00007f3f34ed47c0, 0x00007f3f34ed4950]
Event: 0,409 Thread 0x00007f3f4c247800  528       3       java.util.ArrayList::<init> (12 bytes)
Event: 0,409 Thread 0x00007f3f4c247800 nmethod 528 0x00007f3f34ed4a10 code [0x00007f3f34ed4be0, 0x00007f3f34ed4e90]
Event: 0,411 Thread 0x00007f3f4c245800 nmethod 527 0x00007f3f3c365290 code [0x00007f3f3c365440, 0x00007f3f3c365668]
Event: 0,411 Thread 0x00007f3f4c245800  529       4       org.eclipse.jdt.launching.internal.org.objectweb.asm.ClassReader::readUtf (44 bytes)
Event: 0,425 Thread 0x00007f3ef80f0000 nmethod 515 0x00007f3f3c365790 code [0x00007f3f3c365960, 0x00007f3f3c3667f8]
Event: 0,435 Thread 0x00007f3f4c245800 nmethod 529 0x00007f3f3c366e90 code [0x00007f3f3c367080, 0x00007f3f3c368038]
Event: 15,518 Thread 0x00007f3f4c245800  530       4       org.eclipse.jdt.launching.internal.org.objectweb.asm.ClassReader::readUTF8 (23 bytes)
Event: 15,519 Thread 0x00007f3f4c247800  531       3       org.eclipse.jdt.launching.internal.org.objectweb.asm.MethodWriter::canCopyMethodAttributes (163 bytes)
Event: 15,520 Thread 0x00007f3f4c247800 nmethod 531 0x00007f3f34ed4f90 code [0x00007f3f34ed51a0, 0x00007f3f34ed5930]
Event: 15,520 Thread 0x00007f3f4c245800 nmethod 530 0x00007f3f3c368890 code [0x00007f3f3c368a40, 0x00007f3f3c368c08]

GC Heap History (0 events):
No events

Deoptimization events (20 events):
Event: 0,391 Thread 0x00007f3f4c019800 Uncommon trap: trap_request=0xffffff4d fr.pc=0x00007f3f3c34dc54 relative=0x0000000000000234
Event: 0,391 Thread 0x00007f3f4c019800 Uncommon trap: reason=unstable_if action=reinterpret pc=0x00007f3f3c34dc54 method=java.lang.String.isLatin1()Z @ 10 c2
Event: 0,391 Thread 0x00007f3f4c019800 DEOPT PACKING pc=0x00007f3f3c34dc54 sp=0x00007f3f5542f5f0
Event: 0,392 Thread 0x00007f3f4c019800 DEOPT UNPACKING pc=0x00007f3f348ae525 sp=0x00007f3f5542f550 mode 2
Event: 0,392 Thread 0x00007f3f4c019800 Uncommon trap: trap_request=0xffffff4d fr.pc=0x00007f3f3c34e00c relative=0x000000000000006c
Event: 0,392 Thread 0x00007f3f4c019800 Uncommon trap: reason=unstable_if action=reinterpret pc=0x00007f3f3c34e00c method=java.lang.String.isLatin1()Z @ 10 c2
Event: 0,392 Thread 0x00007f3f4c019800 DEOPT PACKING pc=0x00007f3f3c34e00c sp=0x00007f3f5542f590
Event: 0,392 Thread 0x00007f3f4c019800 DEOPT UNPACKING pc=0x00007f3f348ae525 sp=0x00007f3f5542f550 mode 2
Event: 0,394 Thread 0x00007f3f4c019800 Uncommon trap: trap_request=0xffffff4d fr.pc=0x00007f3f3c344800 relative=0x00000000000000e0
Event: 0,394 Thread 0x00007f3f4c019800 Uncommon trap: reason=unstable_if action=reinterpret pc=0x00007f3f3c344800 method=java.lang.String.isLatin1()Z @ 10 c2
Event: 0,394 Thread 0x00007f3f4c019800 DEOPT PACKING pc=0x00007f3f3c344800 sp=0x00007f3f55434310
Event: 0,394 Thread 0x00007f3f4c019800 DEOPT UNPACKING pc=0x00007f3f348ae525 sp=0x00007f3f55434280 mode 2
Event: 0,395 Thread 0x00007f3f4c019800 Uncommon trap: trap_request=0xffffff4d fr.pc=0x00007f3f3c362208 relative=0x0000000000000548
Event: 0,395 Thread 0x00007f3f4c019800 Uncommon trap: reason=unstable_if action=reinterpret pc=0x00007f3f3c362208 method=java.lang.AbstractStringBuilder.putStringAt(ILjava/lang/String;)V @ 8 c2
Event: 0,395 Thread 0x00007f3f4c019800 DEOPT PACKING pc=0x00007f3f3c362208 sp=0x00007f3f55434690
Event: 0,395 Thread 0x00007f3f4c019800 DEOPT UNPACKING pc=0x00007f3f348ae525 sp=0x00007f3f554345b8 mode 2
Event: 0,395 Thread 0x00007f3f4c019800 Uncommon trap: trap_request=0xffffff4d fr.pc=0x00007f3f3c361998 relative=0x0000000000000178
Event: 0,395 Thread 0x00007f3f4c019800 Uncommon trap: reason=unstable_if action=reinterpret pc=0x00007f3f3c361998 method=java.lang.String.getBytes([BIB)V @ 5 c2
Event: 0,395 Thread 0x00007f3f4c019800 DEOPT PACKING pc=0x00007f3f3c361998 sp=0x00007f3f554345c0
Event: 0,395 Thread 0x00007f3f4c019800 DEOPT UNPACKING pc=0x00007f3f348ae525 sp=0x00007f3f55434578 mode 2

Classes redefined (1 events):
Event: 15,536 Thread 0x00007f3f4c237000 redefined class name=controle.ControladorLuta, count=1

Internal exceptions (3 events):
Event: 0,088 Thread 0x00007f3f4c019800 Exception <a 'java/lang/NoSuchMethodError'{0x0000000717362e28}: 'int java.lang.invoke.DirectMethodHandle$Holder.invokeSpecial(java.lang.Object, java.lang.Object, java.lang.Object, java.lang.Object)'> (0x0000000717362e28) thrown at [src/hotspot/share/interpreter/linkResolver.cpp, line 773]
Event: 0,094 Thread 0x00007f3f4c019800 Exception <a 'java/lang/NoSuchMethodError'{0x0000000717372b20}: 'void java.lang.invoke.DirectMethodHandle$Holder.invokeVirtual(java.lang.Object, java.lang.Object)'> (0x0000000717372b20) thrown at [src/hotspot/share/interpreter/linkResolver.cpp, line 773]
Event: 0,383 Thread 0x00007f3f4c019800 Exception <a 'java/lang/NoSuchMethodError'{0x0000000716e180d8}: 'int java.lang.invoke.DirectMethodHandle$Holder.invokeSpecialIFC(java.lang.Object, java.lang.Object, int)'> (0x0000000716e180d8) thrown at [src/hotspot/share/interpreter/linkResolver.cpp, line 773]

Events (20 events):
Event: 15,556 Executing VM operation: GetOwnedMonitorInfo done
Event: 15,556 Executing VM operation: GetCurrentContendedMonitor
Event: 15,556 Executing VM operation: GetCurrentContendedMonitor done
Event: 15,556 Executing VM operation: GetOwnedMonitorInfo
Event: 15,557 Executing VM operation: GetOwnedMonitorInfo done
Event: 15,557 Executing VM operation: GetCurrentContendedMonitor
Event: 15,557 Executing VM operation: GetCurrentContendedMonitor done
Event: 15,562 Executing VM operation: GetFrameCount
Event: 15,562 Executing VM operation: GetFrameCount done
Event: 15,563 Executing VM operation: GetOwnedMonitorInfo
Event: 15,563 Executing VM operation: GetOwnedMonitorInfo done
Event: 15,563 Executing VM operation: GetCurrentContendedMonitor
Event: 15,563 Executing VM operation: GetCurrentContendedMonitor done
Event: 15,580 Executing VM operation: GetCurrentContendedMonitor
Event: 15,580 Executing VM operation: GetCurrentContendedMonitor done
Event: 15,580 Executing VM operation: GetOwnedMonitorInfo
Event: 15,580 Executing VM operation: GetOwnedMonitorInfo done
Event: 15,583 Executing VM operation: GetFrameLocation
Event: 15,583 Executing VM operation: GetFrameLocation done
Event: 15,583 Executing VM operation: GetOrSetLocal


Dynamic libraries:
707a00000-717400000 rw-p 00000000 00:00 0 
717400000-7bfe00000 ---p 00000000 00:00 0 
7bfe00000-7bfe47000 rw-p 01111000 08:02 13369535                         /usr/lib/jvm/java-11-openjdk-amd64/lib/server/classes.jsa
7bfe47000-7bff00000 rw-p 00000000 00:00 0 
7bff00000-7bff6b000 rw-p 010a6000 08:02 13369535                         /usr/lib/jvm/java-11-openjdk-amd64/lib/server/classes.jsa
7bff6b000-7c0000000 rw-p 00000000 00:00 0 
7c0000000-800000000 ---p 00000000 00:00 0 
800000000-800002000 rwxp 00001000 08:02 13369535                         /usr/lib/jvm/java-11-openjdk-amd64/lib/server/classes.jsa
800002000-8010a5000 rw-p 00003000 08:02 13369535                         /usr/lib/jvm/java-11-openjdk-amd64/lib/server/classes.jsa
840000000-840080000 rw-p 00000000 00:00 0 
840080000-880000000 ---p 00000000 00:00 0 
55a098d07000-55a098d08000 r-xp 00000000 08:02 13238820                   /usr/lib/jvm/java-11-openjdk-amd64/bin/java
55a098f08000-55a098f09000 r--p 00001000 08:02 13238820                   /usr/lib/jvm/java-11-openjdk-amd64/bin/java
55a098f09000-55a098f0a000 rw-p 00002000 08:02 13238820                   /usr/lib/jvm/java-11-openjdk-amd64/bin/java
55a099c1c000-55a099c3d000 rw-p 00000000 00:00 0                          [heap]
7f3ed4000000-7f3ed4021000 rw-p 00000000 00:00 0 
7f3ed4021000-7f3ed8000000 ---p 00000000 00:00 0 
7f3edc000000-7f3edc021000 rw-p 00000000 00:00 0 
7f3edc021000-7f3ee0000000 ---p 00000000 00:00 0 
7f3ee0000000-7f3ee0021000 rw-p 00000000 00:00 0 
7f3ee0021000-7f3ee4000000 ---p 00000000 00:00 0 
7f3ee4000000-7f3ee41ca000 rw-p 00000000 00:00 0 
7f3ee41ca000-7f3ee8000000 ---p 00000000 00:00 0 
7f3ee8000000-7f3ee8030000 rw-p 00000000 00:00 0 
7f3ee8030000-7f3eec000000 ---p 00000000 00:00 0 
7f3eec000000-7f3eec021000 rw-p 00000000 00:00 0 
7f3eec021000-7f3ef0000000 ---p 00000000 00:00 0 
7f3ef0000000-7f3ef0021000 rw-p 00000000 00:00 0 
7f3ef0021000-7f3ef4000000 ---p 00000000 00:00 0 
7f3ef4000000-7f3ef41f5000 rw-p 00000000 00:00 0 
7f3ef41f5000-7f3ef8000000 ---p 00000000 00:00 0 
7f3ef8000000-7f3ef815a000 rw-p 00000000 00:00 0 
7f3ef815a000-7f3efc000000 ---p 00000000 00:00 0 
7f3efc000000-7f3efc021000 rw-p 00000000 00:00 0 
7f3efc021000-7f3f00000000 ---p 00000000 00:00 0 
7f3f00000000-7f3f00021000 rw-p 00000000 00:00 0 
7f3f00021000-7f3f04000000 ---p 00000000 00:00 0 
7f3f04000000-7f3f04021000 rw-p 00000000 00:00 0 
7f3f04021000-7f3f08000000 ---p 00000000 00:00 0 
7f3f08000000-7f3f08021000 rw-p 00000000 00:00 0 
7f3f08021000-7f3f0c000000 ---p 00000000 00:00 0 
7f3f0c000000-7f3f0c021000 rw-p 00000000 00:00 0 
7f3f0c021000-7f3f10000000 ---p 00000000 00:00 0 
7f3f10000000-7f3f10021000 rw-p 00000000 00:00 0 
7f3f10021000-7f3f14000000 ---p 00000000 00:00 0 
7f3f15eb3000-7f3f15eb4000 ---p 00000000 00:00 0 
7f3f15eb4000-7f3f15fb5000 rw-p 00000000 00:00 0 
7f3f15fb5000-7f3f15fdf000 r-xp 00000000 08:02 13247645                   /usr/lib/jvm/java-11-openjdk-amd64/lib/libsunec.so
7f3f15fdf000-7f3f161de000 ---p 0002a000 08:02 13247645                   /usr/lib/jvm/java-11-openjdk-amd64/lib/libsunec.so
7f3f161de000-7f3f161e2000 r--p 00029000 08:02 13247645                   /usr/lib/jvm/java-11-openjdk-amd64/lib/libsunec.so
7f3f161e2000-7f3f161e4000 rw-p 0002d000 08:02 13247645                   /usr/lib/jvm/java-11-openjdk-amd64/lib/libsunec.so
7f3f161e4000-7f3f161e8000 ---p 00000000 00:00 0 
7f3f161e8000-7f3f162e5000 rw-p 00000000 00:00 0 
7f3f162e5000-7f3f162e9000 ---p 00000000 00:00 0 
7f3f162e9000-7f3f163e6000 rw-p 00000000 00:00 0 
7f3f163e6000-7f3f163ea000 ---p 00000000 00:00 0 
7f3f163ea000-7f3f164e7000 rw-p 00000000 00:00 0 
7f3f164e7000-7f3f164eb000 r-xp 00000000 08:02 13241777                   /usr/lib/jvm/java-11-openjdk-amd64/lib/libdt_socket.so
7f3f164eb000-7f3f166eb000 ---p 00004000 08:02 13241777                   /usr/lib/jvm/java-11-openjdk-amd64/lib/libdt_socket.so
7f3f166eb000-7f3f166ec000 r--p 00004000 08:02 13241777                   /usr/lib/jvm/java-11-openjdk-amd64/lib/libdt_socket.so
7f3f166ec000-7f3f166ed000 rw-p 00005000 08:02 13241777                   /usr/lib/jvm/java-11-openjdk-amd64/lib/libdt_socket.so
7f3f166ed000-7f3f166f1000 ---p 00000000 00:00 0 
7f3f166f1000-7f3f167ee000 rw-p 00000000 00:00 0 
7f3f167ee000-7f3f167f2000 ---p 00000000 00:00 0 
7f3f167f2000-7f3f168ef000 rw-p 00000000 00:00 0 
7f3f168ef000-7f3f16905000 r-xp 00000000 08:02 13241796                   /usr/lib/jvm/java-11-openjdk-amd64/lib/libnet.so
7f3f16905000-7f3f16b04000 ---p 00016000 08:02 13241796                   /usr/lib/jvm/java-11-openjdk-amd64/lib/libnet.so
7f3f16b04000-7f3f16b05000 r--p 00015000 08:02 13241796                   /usr/lib/jvm/java-11-openjdk-amd64/lib/libnet.so
7f3f16b05000-7f3f16b06000 rw-p 00016000 08:02 13241796                   /usr/lib/jvm/java-11-openjdk-amd64/lib/libnet.so
7f3f16b06000-7f3f16b16000 r-xp 00000000 08:02 13241797                   /usr/lib/jvm/java-11-openjdk-amd64/lib/libnio.so
7f3f16b16000-7f3f16d15000 ---p 00010000 08:02 13241797                   /usr/lib/jvm/java-11-openjdk-amd64/lib/libnio.so
7f3f16d15000-7f3f16d16000 r--p 0000f000 08:02 13241797                   /usr/lib/jvm/java-11-openjdk-amd64/lib/libnio.so
7f3f16d16000-7f3f16d17000 rw-p 00010000 08:02 13241797                   /usr/lib/jvm/java-11-openjdk-amd64/lib/libnio.so
7f3f16d17000-7f3f16d1b000 ---p 00000000 00:00 0 
7f3f16d1b000-7f3f16e18000 rw-p 00000000 00:00 0 
7f3f16e18000-7f3f16e1c000 ---p 00000000 00:00 0 
7f3f16e1c000-7f3f16f19000 rw-p 00000000 00:00 0 
7f3f16f19000-7f3f16f1d000 ---p 00000000 00:00 0 
7f3f16f1d000-7f3f1701a000 rw-p 00000000 00:00 0 
7f3f1701a000-7f3f1701e000 ---p 00000000 00:00 0 
7f3f1701e000-7f3f1711b000 rw-p 00000000 00:00 0 
7f3f1711b000-7f3f1711f000 ---p 00000000 00:00 0 
7f3f1711f000-7f3f1721c000 rw-p 00000000 00:00 0 
7f3f1721c000-7f3f174fc000 r--p 00000000 08:02 13248515                   /usr/lib/locale/locale-archive
7f3f174fc000-7f3f17500000 ---p 00000000 00:00 0 
7f3f17500000-7f3f175fd000 rw-p 00000000 00:00 0 
7f3f175fd000-7f3f17601000 ---p 00000000 00:00 0 
7f3f17601000-7f3f176fe000 rw-p 00000000 00:00 0 
7f3f176fe000-7f3f176ff000 ---p 00000000 00:00 0 
7f3f176ff000-7f3f17d00000 rw-p 00000000 00:00 0 
7f3f17d00000-7f3f18000000 ---p 00000000 00:00 0 
7f3f18000000-7f3f18021000 rw-p 00000000 00:00 0 
7f3f18021000-7f3f1c000000 ---p 00000000 00:00 0 
7f3f1c000000-7f3f1c021000 rw-p 00000000 00:00 0 
7f3f1c021000-7f3f20000000 ---p 00000000 00:00 0 
7f3f20000000-7f3f20021000 rw-p 00000000 00:00 0 
7f3f20021000-7f3f24000000 ---p 00000000 00:00 0 
7f3f240f8000-7f3f24179000 rw-p 00000000 00:00 0 
7f3f24179000-7f3f2417a000 ---p 00000000 00:00 0 
7f3f2417a000-7f3f2427b000 rw-p 00000000 00:00 0 
7f3f2427b000-7f3f2427c000 ---p 00000000 00:00 0 
7f3f2427c000-7f3f26b85000 rw-p 00000000 00:00 0 
7f3f26b85000-7f3f26b86000 ---p 00000000 00:00 0 
7f3f26b86000-7f3f2706f000 rw-p 00000000 00:00 0 
7f3f2706f000-7f3f29a97000 ---p 00000000 00:00 0 
7f3f29a97000-7f3f29a9f000 rw-p 00000000 00:00 0 
7f3f29a9f000-7f3f2aa9f000 ---p 00000000 00:00 0 
7f3f2aa9f000-7f3f2ae87000 rw-p 00000000 00:00 0 
7f3f2ae87000-7f3f2d8af000 ---p 00000000 00:00 0 
7f3f2d8af000-7f3f2d8b7000 rw-p 00000000 00:00 0 
7f3f2d8b7000-7f3f2e8b7000 ---p 00000000 00:00 0 
7f3f2e8b7000-7f3f2e934000 rw-p 00000000 00:00 0 
7f3f2e934000-7f3f2ee79000 ---p 00000000 00:00 0 
7f3f2ee79000-7f3f2ee7a000 rw-p 00000000 00:00 0 
7f3f2ee7a000-7f3f2f07a000 ---p 00000000 00:00 0 
7f3f2f07a000-7f3f2f0f7000 rw-p 00000000 00:00 0 
7f3f2f0f7000-7f3f2f63c000 ---p 00000000 00:00 0 
7f3f2f63c000-7f3f2f63d000 rw-p 00000000 00:00 0 
7f3f2f63d000-7f3f2f83d000 ---p 00000000 00:00 0 
7f3f2f83d000-7f3f2f8ba000 rw-p 00000000 00:00 0 
7f3f2f8ba000-7f3f2fdff000 ---p 00000000 00:00 0 
7f3f2fdff000-7f3f2fe00000 rw-p 00000000 00:00 0 
7f3f2fe00000-7f3f30000000 ---p 00000000 00:00 0 
7f3f30000000-7f3f30021000 rw-p 00000000 00:00 0 
7f3f30021000-7f3f34000000 ---p 00000000 00:00 0 
7f3f3406f000-7f3f34070000 ---p 00000000 00:00 0 
7f3f34070000-7f3f34878000 rw-p 00000000 00:00 0 
7f3f34878000-7f3f34ae8000 rwxp 00000000 00:00 0 
7f3f34ae8000-7f3f34e09000 ---p 00000000 00:00 0 
7f3f34e09000-7f3f35079000 rwxp 00000000 00:00 0 
7f3f35079000-7f3f3c340000 ---p 00000000 00:00 0 
7f3f3c340000-7f3f3c5b0000 rwxp 00000000 00:00 0 
7f3f3c5b0000-7f3f43878000 ---p 00000000 00:00 0 
7f3f43878000-7f3f4c000000 r--s 00000000 08:02 13247649                   /usr/lib/jvm/java-11-openjdk-amd64/lib/modules
7f3f4c000000-7f3f4c4ac000 rw-p 00000000 00:00 0 
7f3f4c4ac000-7f3f50000000 ---p 00000000 00:00 0 
7f3f5006e000-7f3f50270000 rw-p 00000000 00:00 0 
7f3f50270000-7f3f50271000 ---p 00000000 00:00 0 
7f3f50271000-7f3f50377000 rw-p 00000000 00:00 0 
7f3f50377000-7f3f5045d000 ---p 00000000 00:00 0 
7f3f5045d000-7f3f50462000 rw-p 00000000 00:00 0 
7f3f50462000-7f3f50548000 ---p 00000000 00:00 0 
7f3f50548000-7f3f5054f000 r-xp 00000000 08:02 13247648                   /usr/lib/jvm/java-11-openjdk-amd64/lib/libzip.so
7f3f5054f000-7f3f5074e000 ---p 00007000 08:02 13247648                   /usr/lib/jvm/java-11-openjdk-amd64/lib/libzip.so
7f3f5074e000-7f3f5074f000 r--p 00006000 08:02 13247648                   /usr/lib/jvm/java-11-openjdk-amd64/lib/libzip.so
7f3f5074f000-7f3f50750000 rw-p 00007000 08:02 13247648                   /usr/lib/jvm/java-11-openjdk-amd64/lib/libzip.so
7f3f50750000-7f3f50f55000 r--s 00000000 08:02 9568433                    /var/lib/sss/mc/passwd
7f3f50f55000-7f3f50f5d000 r-xp 00000000 08:02 6427044                    /lib/x86_64-linux-gnu/libnss_sss.so.2
7f3f50f5d000-7f3f5115c000 ---p 00008000 08:02 6427044                    /lib/x86_64-linux-gnu/libnss_sss.so.2
7f3f5115c000-7f3f5115d000 r--p 00007000 08:02 6427044                    /lib/x86_64-linux-gnu/libnss_sss.so.2
7f3f5115d000-7f3f5115e000 rw-p 00008000 08:02 6427044                    /lib/x86_64-linux-gnu/libnss_sss.so.2
7f3f5115e000-7f3f51199000 r-xp 00000000 08:02 6422738                    /lib/x86_64-linux-gnu/libnss_systemd.so.2
7f3f51199000-7f3f51398000 ---p 0003b000 08:02 6422738                    /lib/x86_64-linux-gnu/libnss_systemd.so.2
7f3f51398000-7f3f5139b000 r--p 0003a000 08:02 6422738                    /lib/x86_64-linux-gnu/libnss_systemd.so.2
7f3f5139b000-7f3f5139c000 rw-p 0003d000 08:02 6422738                    /lib/x86_64-linux-gnu/libnss_systemd.so.2
7f3f5139c000-7f3f513a7000 r-xp 00000000 08:02 6427059                    /lib/x86_64-linux-gnu/libnss_files-2.27.so
7f3f513a7000-7f3f515a6000 ---p 0000b000 08:02 6427059                    /lib/x86_64-linux-gnu/libnss_files-2.27.so
7f3f515a6000-7f3f515a7000 r--p 0000a000 08:02 6427059                    /lib/x86_64-linux-gnu/libnss_files-2.27.so
7f3f515a7000-7f3f515a8000 rw-p 0000b000 08:02 6427059                    /lib/x86_64-linux-gnu/libnss_files-2.27.so
7f3f515a8000-7f3f515ae000 rw-p 00000000 00:00 0 
7f3f515ae000-7f3f515c5000 r-xp 00000000 08:02 6427056                    /lib/x86_64-linux-gnu/libnsl-2.27.so
7f3f515c5000-7f3f517c4000 ---p 00017000 08:02 6427056                    /lib/x86_64-linux-gnu/libnsl-2.27.so
7f3f517c4000-7f3f517c5000 r--p 00016000 08:02 6427056                    /lib/x86_64-linux-gnu/libnsl-2.27.so
7f3f517c5000-7f3f517c6000 rw-p 00017000 08:02 6427056                    /lib/x86_64-linux-gnu/libnsl-2.27.so
7f3f517c6000-7f3f517c8000 rw-p 00000000 00:00 0 
7f3f517c8000-7f3f517d3000 r-xp 00000000 08:02 6427061                    /lib/x86_64-linux-gnu/libnss_nis-2.27.so
7f3f517d3000-7f3f519d2000 ---p 0000b000 08:02 6427061                    /lib/x86_64-linux-gnu/libnss_nis-2.27.so
7f3f519d2000-7f3f519d3000 r--p 0000a000 08:02 6427061                    /lib/x86_64-linux-gnu/libnss_nis-2.27.so
7f3f519d3000-7f3f519d4000 rw-p 0000b000 08:02 6427061                    /lib/x86_64-linux-gnu/libnss_nis-2.27.so
7f3f519d4000-7f3f519dc000 r-xp 00000000 08:02 6427057                    /lib/x86_64-linux-gnu/libnss_compat-2.27.so
7f3f519dc000-7f3f51bdc000 ---p 00008000 08:02 6427057                    /lib/x86_64-linux-gnu/libnss_compat-2.27.so
7f3f51bdc000-7f3f51bdd000 r--p 00008000 08:02 6427057                    /lib/x86_64-linux-gnu/libnss_compat-2.27.so
7f3f51bdd000-7f3f51bde000 rw-p 00009000 08:02 6427057                    /lib/x86_64-linux-gnu/libnss_compat-2.27.so
7f3f51bde000-7f3f51be8000 r-xp 00000000 08:02 13241780                   /usr/lib/jvm/java-11-openjdk-amd64/lib/libinstrument.so
7f3f51be8000-7f3f51de7000 ---p 0000a000 08:02 13241780                   /usr/lib/jvm/java-11-openjdk-amd64/lib/libinstrument.so
7f3f51de7000-7f3f51de8000 r--p 00009000 08:02 13241780                   /usr/lib/jvm/java-11-openjdk-amd64/lib/libinstrument.so
7f3f51de8000-7f3f51de9000 rw-p 0000a000 08:02 13241780                   /usr/lib/jvm/java-11-openjdk-amd64/lib/libinstrument.so
7f3f51de9000-7f3f51e25000 r-xp 00000000 08:02 13241787                   /usr/lib/jvm/java-11-openjdk-amd64/lib/libjdwp.so
7f3f51e25000-7f3f52024000 ---p 0003c000 08:02 13241787                   /usr/lib/jvm/java-11-openjdk-amd64/lib/libjdwp.so
7f3f52024000-7f3f52025000 r--p 0003b000 08:02 13241787                   /usr/lib/jvm/java-11-openjdk-amd64/lib/libjdwp.so
7f3f52025000-7f3f52026000 rw-p 0003c000 08:02 13241787                   /usr/lib/jvm/java-11-openjdk-amd64/lib/libjdwp.so
7f3f52026000-7f3f5202b000 r-xp 00000000 08:02 13241788                   /usr/lib/jvm/java-11-openjdk-amd64/lib/libjimage.so
7f3f5202b000-7f3f5222a000 ---p 00005000 08:02 13241788                   /usr/lib/jvm/java-11-openjdk-amd64/lib/libjimage.so
7f3f5222a000-7f3f5222b000 r--p 00004000 08:02 13241788                   /usr/lib/jvm/java-11-openjdk-amd64/lib/libjimage.so
7f3f5222b000-7f3f5222c000 rw-p 00005000 08:02 13241788                   /usr/lib/jvm/java-11-openjdk-amd64/lib/libjimage.so
7f3f5222c000-7f3f52254000 r-xp 00000000 08:02 13241785                   /usr/lib/jvm/java-11-openjdk-amd64/lib/libjava.so
7f3f52254000-7f3f52454000 ---p 00028000 08:02 13241785                   /usr/lib/jvm/java-11-openjdk-amd64/lib/libjava.so
7f3f52454000-7f3f52455000 r--p 00028000 08:02 13241785                   /usr/lib/jvm/java-11-openjdk-amd64/lib/libjava.so
7f3f52455000-7f3f52456000 rw-p 00029000 08:02 13241785                   /usr/lib/jvm/java-11-openjdk-amd64/lib/libjava.so
7f3f52456000-7f3f52457000 rw-p 00000000 00:00 0 
7f3f52457000-7f3f52464000 r-xp 00000000 08:02 13247647                   /usr/lib/jvm/java-11-openjdk-amd64/lib/libverify.so
7f3f52464000-7f3f52663000 ---p 0000d000 08:02 13247647                   /usr/lib/jvm/java-11-openjdk-amd64/lib/libverify.so
7f3f52663000-7f3f52665000 r--p 0000c000 08:02 13247647                   /usr/lib/jvm/java-11-openjdk-amd64/lib/libverify.so
7f3f52665000-7f3f52666000 rw-p 0000e000 08:02 13247647                   /usr/lib/jvm/java-11-openjdk-amd64/lib/libverify.so
7f3f52666000-7f3f5266d000 r-xp 00000000 08:02 6427066                    /lib/x86_64-linux-gnu/librt-2.27.so
7f3f5266d000-7f3f5286c000 ---p 00007000 08:02 6427066                    /lib/x86_64-linux-gnu/librt-2.27.so
7f3f5286c000-7f3f5286d000 r--p 00006000 08:02 6427066                    /lib/x86_64-linux-gnu/librt-2.27.so
7f3f5286d000-7f3f5286e000 rw-p 00007000 08:02 6427066                    /lib/x86_64-linux-gnu/librt-2.27.so
7f3f5286e000-7f3f52885000 r-xp 00000000 08:02 6429817                    /lib/x86_64-linux-gnu/libgcc_s.so.1
7f3f52885000-7f3f52a84000 ---p 00017000 08:02 6429817                    /lib/x86_64-linux-gnu/libgcc_s.so.1
7f3f52a84000-7f3f52a85000 r--p 00016000 08:02 6429817                    /lib/x86_64-linux-gnu/libgcc_s.so.1
7f3f52a85000-7f3f52a86000 rw-p 00017000 08:02 6429817                    /lib/x86_64-linux-gnu/libgcc_s.so.1
7f3f52a86000-7f3f52c23000 r-xp 00000000 08:02 6427053                    /lib/x86_64-linux-gnu/libm-2.27.so
7f3f52c23000-7f3f52e22000 ---p 0019d000 08:02 6427053                    /lib/x86_64-linux-gnu/libm-2.27.so
7f3f52e22000-7f3f52e23000 r--p 0019c000 08:02 6427053                    /lib/x86_64-linux-gnu/libm-2.27.so
7f3f52e23000-7f3f52e24000 rw-p 0019d000 08:02 6427053                    /lib/x86_64-linux-gnu/libm-2.27.so
7f3f52e24000-7f3f52f9d000 r-xp 00000000 08:02 13240947                   /usr/lib/x86_64-linux-gnu/libstdc++.so.6.0.25
7f3f52f9d000-7f3f5319d000 ---p 00179000 08:02 13240947                   /usr/lib/x86_64-linux-gnu/libstdc++.so.6.0.25
7f3f5319d000-7f3f531a7000 r--p 00179000 08:02 13240947                   /usr/lib/x86_64-linux-gnu/libstdc++.so.6.0.25
7f3f531a7000-7f3f531a9000 rw-p 00183000 08:02 13240947                   /usr/lib/x86_64-linux-gnu/libstdc++.so.6.0.25
7f3f531a9000-7f3f531ad000 rw-p 00000000 00:00 0 
7f3f531ad000-7f3f54295000 r-xp 00000000 08:02 13375829                   /usr/lib/jvm/java-11-openjdk-amd64/lib/server/libjvm.so
7f3f54295000-7f3f54494000 ---p 010e8000 08:02 13375829                   /usr/lib/jvm/java-11-openjdk-amd64/lib/server/libjvm.so
7f3f54494000-7f3f54555000 r--p 010e7000 08:02 13375829                   /usr/lib/jvm/java-11-openjdk-amd64/lib/server/libjvm.so
7f3f54555000-7f3f54590000 rw-p 011a8000 08:02 13375829                   /usr/lib/jvm/java-11-openjdk-amd64/lib/server/libjvm.so
7f3f54590000-7f3f545e7000 rw-p 00000000 00:00 0 
7f3f545e7000-7f3f54601000 r-xp 00000000 08:02 6427064                    /lib/x86_64-linux-gnu/libpthread-2.27.so
7f3f54601000-7f3f54800000 ---p 0001a000 08:02 6427064                    /lib/x86_64-linux-gnu/libpthread-2.27.so
7f3f54800000-7f3f54801000 r--p 00019000 08:02 6427064                    /lib/x86_64-linux-gnu/libpthread-2.27.so
7f3f54801000-7f3f54802000 rw-p 0001a000 08:02 6427064                    /lib/x86_64-linux-gnu/libpthread-2.27.so
7f3f54802000-7f3f54806000 rw-p 00000000 00:00 0 
7f3f54806000-7f3f54809000 r-xp 00000000 08:02 6427052                    /lib/x86_64-linux-gnu/libdl-2.27.so
7f3f54809000-7f3f54a08000 ---p 00003000 08:02 6427052                    /lib/x86_64-linux-gnu/libdl-2.27.so
7f3f54a08000-7f3f54a09000 r--p 00002000 08:02 6427052                    /lib/x86_64-linux-gnu/libdl-2.27.so
7f3f54a09000-7f3f54a0a000 rw-p 00003000 08:02 6427052                    /lib/x86_64-linux-gnu/libdl-2.27.so
7f3f54a0a000-7f3f54a26000 r-xp 00000000 08:02 6427832                    /lib/x86_64-linux-gnu/libz.so.1.2.11
7f3f54a26000-7f3f54c25000 ---p 0001c000 08:02 6427832                    /lib/x86_64-linux-gnu/libz.so.1.2.11
7f3f54c25000-7f3f54c26000 r--p 0001b000 08:02 6427832                    /lib/x86_64-linux-gnu/libz.so.1.2.11
7f3f54c26000-7f3f54c27000 rw-p 0001c000 08:02 6427832                    /lib/x86_64-linux-gnu/libz.so.1.2.11
7f3f54c27000-7f3f54e0e000 r-xp 00000000 08:02 6427049                    /lib/x86_64-linux-gnu/libc-2.27.so
7f3f54e0e000-7f3f5500e000 ---p 001e7000 08:02 6427049                    /lib/x86_64-linux-gnu/libc-2.27.so
7f3f5500e000-7f3f55012000 r--p 001e7000 08:02 6427049                    /lib/x86_64-linux-gnu/libc-2.27.so
7f3f55012000-7f3f55014000 rw-p 001eb000 08:02 6427049                    /lib/x86_64-linux-gnu/libc-2.27.so
7f3f55014000-7f3f55018000 rw-p 00000000 00:00 0 
7f3f55018000-7f3f55027000 r-xp 00000000 08:02 13375826                   /usr/lib/jvm/java-11-openjdk-amd64/lib/jli/libjli.so
7f3f55027000-7f3f55226000 ---p 0000f000 08:02 13375826                   /usr/lib/jvm/java-11-openjdk-amd64/lib/jli/libjli.so
7f3f55226000-7f3f55227000 r--p 0000e000 08:02 13375826                   /usr/lib/jvm/java-11-openjdk-amd64/lib/jli/libjli.so
7f3f55227000-7f3f55228000 rw-p 0000f000 08:02 13375826                   /usr/lib/jvm/java-11-openjdk-amd64/lib/jli/libjli.so
7f3f55228000-7f3f55251000 r-xp 00000000 08:02 6422612                    /lib/x86_64-linux-gnu/ld-2.27.so
7f3f552ce000-7f3f5532e000 rw-p 00000000 00:00 0 
7f3f5532e000-7f3f55335000 ---p 00000000 00:00 0 
7f3f55335000-7f3f55339000 ---p 00000000 00:00 0 
7f3f55339000-7f3f55438000 rw-p 00000000 00:00 0 
7f3f5543c000-7f3f55443000 r--s 00000000 08:02 13636672                   /usr/lib/x86_64-linux-gnu/gconv/gconv-modules.cache
7f3f55443000-7f3f55445000 r--s 00007000 08:02 13766167                   /usr/share/java/java-atk-wrapper.jar
7f3f55445000-7f3f5544d000 rw-s 00000000 08:02 6292979                    /tmp/hsperfdata_hfachin@fh.com.br/15983
7f3f5544d000-7f3f5544e000 ---p 00000000 00:00 0 
7f3f5544e000-7f3f5544f000 r--p 00000000 00:00 0 
7f3f5544f000-7f3f55451000 rw-p 00000000 00:00 0 
7f3f55451000-7f3f55452000 r--p 00029000 08:02 6422612                    /lib/x86_64-linux-gnu/ld-2.27.so
7f3f55452000-7f3f55453000 rw-p 0002a000 08:02 6422612                    /lib/x86_64-linux-gnu/ld-2.27.so
7f3f55453000-7f3f55454000 rw-p 00000000 00:00 0 
7fffa9020000-7fffa9041000 rw-p 00000000 00:00 0                          [stack]
7fffa917c000-7fffa917f000 r--p 00000000 00:00 0                          [vvar]
7fffa917f000-7fffa9180000 r-xp 00000000 00:00 0                          [vdso]
ffffffffff600000-ffffffffff601000 --xp 00000000 00:00 0                  [vsyscall]


VM Arguments:
jvm_args: -agentlib:jdwp=transport=dt_socket,suspend=y,address=localhost:42631 -javaagent:/home/hfachin@fh.com.br/Eclipse/eclipse/configuration/org.eclipse.osgi/400/0/.cp/lib/javaagent-shaded.jar -Dfile.encoding=UTF-8 --module-path=/home/hfachin@fh.com.br/eclipse-workspace/RPG/bin -Djdk.module.main=Rpg 
java_command: Rpg/main.Main
java_class_path (initial): <not set>
Launcher Type: SUN_STANDARD

[Global flags]
     intx CICompilerCount                          = 4                                         {product} {ergonomic}
     uint ConcGCThreads                            = 2                                         {product} {ergonomic}
     uint G1ConcRefinementThreads                  = 8                                         {product} {ergonomic}
   size_t G1HeapRegionSize                         = 1048576                                   {product} {ergonomic}
    uintx GCDrainStackTargetSize                   = 64                                        {product} {ergonomic}
   size_t InitialHeapSize                          = 262144000                                 {product} {ergonomic}
   size_t MarkStackSize                            = 4194304                                   {product} {ergonomic}
   size_t MaxHeapSize                              = 4167041024                                {product} {ergonomic}
   size_t MaxNewSize                               = 2499805184                                {product} {ergonomic}
   size_t MinHeapDeltaBytes                        = 1048576                                   {product} {ergonomic}
    uintx NonNMethodCodeHeapSize                   = 5836300                                {pd product} {ergonomic}
    uintx NonProfiledCodeHeapSize                  = 122910970                              {pd product} {ergonomic}
    uintx ProfiledCodeHeapSize                     = 122910970                              {pd product} {ergonomic}
    uintx ReservedCodeCacheSize                    = 251658240                              {pd product} {ergonomic}
     bool SegmentedCodeCache                       = true                                      {product} {ergonomic}
     bool UseCompressedClassPointers               = true                                 {lp64_product} {ergonomic}
     bool UseCompressedOops                        = true                                 {lp64_product} {ergonomic}
     bool UseG1GC                                  = true                                      {product} {ergonomic}

Logging:
Log output configuration:
 #0: stdout all=warning uptime,level,tags
 #1: stderr all=off uptime,level,tags

Environment Variables:
PATH=/usr/local/sbin:/usr/local/bin:/usr/sbin:/usr/bin:/sbin:/bin:/usr/games:/usr/local/games:/snap/bin
USERNAME=hfachin@fh.com.br
SHELL=/bin/bash
DISPLAY=:0
LANG=pt_BR.UTF-8

Signal Handlers:
SIGSEGV: [libjvm.so+0xe1d0a0], sa_mask[0]=11111111011111111101111111111110, sa_flags=SA_RESTART|SA_SIGINFO
SIGBUS: [libjvm.so+0xe1d0a0], sa_mask[0]=11111111011111111101111111111110, sa_flags=SA_RESTART|SA_SIGINFO
SIGFPE: [libjvm.so+0xe1d0a0], sa_mask[0]=11111111011111111101111111111110, sa_flags=SA_RESTART|SA_SIGINFO
SIGPIPE: [libjvm.so+0xb717f0], sa_mask[0]=11111111011111111101111111111110, sa_flags=SA_RESTART|SA_SIGINFO
SIGXFSZ: [libjvm.so+0xb717f0], sa_mask[0]=11111111011111111101111111111110, sa_flags=SA_RESTART|SA_SIGINFO
SIGILL: [libjvm.so+0xe1d0a0], sa_mask[0]=11111111011111111101111111111110, sa_flags=SA_RESTART|SA_SIGINFO
SIGUSR2: [libjvm.so+0xb71680], sa_mask[0]=00100000000000000000000000000000, sa_flags=SA_RESTART|SA_SIGINFO
SIGHUP: [libjvm.so+0xb71b30], sa_mask[0]=11111111011111111101111111111110, sa_flags=SA_RESTART|SA_SIGINFO
SIGINT: [libjvm.so+0xb71b30], sa_mask[0]=11111111011111111101111111111110, sa_flags=SA_RESTART|SA_SIGINFO
SIGTERM: [libjvm.so+0xb71b30], sa_mask[0]=11111111011111111101111111111110, sa_flags=SA_RESTART|SA_SIGINFO
SIGQUIT: [libjvm.so+0xb71b30], sa_mask[0]=11111111011111111101111111111110, sa_flags=SA_RESTART|SA_SIGINFO


---------------  S Y S T E M  ---------------

OS:DISTRIB_ID=Ubuntu
DISTRIB_RELEASE=18.04
DISTRIB_CODENAME=bionic
DISTRIB_DESCRIPTION="Ubuntu 18.04.5 LTS"
uname:Linux 5.4.0-72-generic #80~18.04.1-Ubuntu SMP Mon Apr 12 23:26:25 UTC 2021 x86_64
OS uptime: 18 days 1:34 hours
libc:glibc 2.27 NPTL 2.27 
rlimit (soft/hard): STACK 8192k/infinity , CORE 0k/infinity , NPROC 63362/63362 , NOFILE 1048576/1048576 , AS infinity/infinity , CPU infinity/infinity , DATA infinity/infinity , FSIZE infinity/infinity , MEMLOCK 65536k/65536k
load average:0,90 0,92 0,79

/proc/meminfo:
MemTotal:       16269784 kB
MemFree:         3692328 kB
MemAvailable:    9943160 kB
Buffers:          622016 kB
Cached:          6308032 kB
SwapCached:            0 kB
Active:          7734756 kB
Inactive:        3181316 kB
Active(anon):    4732444 kB
Inactive(anon):    68304 kB
Active(file):    3002312 kB
Inactive(file):  3113012 kB
Unevictable:      859820 kB
Mlocked:             160 kB
SwapTotal:       2097148 kB
SwapFree:        2097148 kB
Dirty:               344 kB
Writeback:            36 kB
AnonPages:       4846248 kB
Mapped:          1102416 kB
Shmem:            933968 kB
KReclaimable:     473576 kB
Slab:             599148 kB
SReclaimable:     473576 kB
SUnreclaim:       125572 kB
KernelStack:       24364 kB
PageTables:        92244 kB
NFS_Unstable:          0 kB
Bounce:                0 kB
WritebackTmp:          0 kB
CommitLimit:    10232040 kB
Committed_AS:   14514800 kB
VmallocTotal:   34359738367 kB
VmallocUsed:       52532 kB
VmallocChunk:          0 kB
Percpu:             3392 kB
HardwareCorrupted:     0 kB
AnonHugePages:         0 kB
ShmemHugePages:        0 kB
ShmemPmdMapped:        0 kB
FileHugePages:         0 kB
FilePmdMapped:         0 kB
CmaTotal:              0 kB
CmaFree:               0 kB
HugePages_Total:       0
HugePages_Free:        0
HugePages_Rsvd:        0
HugePages_Surp:        0
Hugepagesize:       2048 kB
Hugetlb:               0 kB
DirectMap4k:      458676 kB
DirectMap2M:    14094336 kB
DirectMap1G:     2097152 kB

/sys/kernel/mm/transparent_hugepage/enabled:
always [madvise] never
/sys/kernel/mm/transparent_hugepage/defrag (defrag/compaction efforts parameter):
always defer defer+madvise [madvise] never

Process Memory:
Virtual Size: 7153892K (peak: 15638564K)
Resident Set Size: 57016K (peak: 58020K) (anon: 27196K, file: 29820K, shmem: 0K)
Swapped out: 0K
C-Heap outstanding allocations: 4957K

/proc/sys/kernel/threads-max (system-wide limit on the number of threads):
126724
/proc/sys/vm/max_map_count (maximum number of memory map areas a process may have):
65530
/proc/sys/kernel/pid_max (system-wide limit on number of process identifiers):
32768

container (cgroup) information:
container_type: cgroupv1
cpu_cpuset_cpus: 0-7
cpu_memory_nodes: 0
active_processor_count: 8
cpu_quota: -1
cpu_period: 100000
cpu_shares: -1
memory_limit_in_bytes: -1
memory_and_swap_limit_in_bytes: -2
memory_soft_limit_in_bytes: -1
memory_usage_in_bytes: 12058398720
memory_max_usage_in_bytes: 0

Steal ticks since vm start: 0
Steal ticks percentage since vm start:  0,000

CPU:total 8 (initial active 8) (4 cores per cpu, 2 threads per core) family 6 model 142 stepping 10 microcode 0xe0, cmov, cx8, fxsr, mmx, sse, sse2, sse3, ssse3, sse4.1, sse4.2, popcnt, avx, avx2, aes, clmul, erms, 3dnowpref, lzcnt, ht, tsc, tscinvbit, bmi1, bmi2, adx, fma
CPU Model and flags from /proc/cpuinfo:
model name	: Intel(R) Core(TM) i5-8250U CPU @ 1.60GHz
flags		: fpu vme de pse tsc msr pae mce cx8 apic sep mtrr pge mca cmov pat pse36 clflush dts acpi mmx fxsr sse sse2 ss ht tm pbe syscall nx pdpe1gb rdtscp lm constant_tsc art arch_perfmon pebs bts rep_good nopl xtopology nonstop_tsc cpuid aperfmperf pni pclmulqdq dtes64 monitor ds_cpl vmx est tm2 ssse3 sdbg fma cx16 xtpr pdcm pcid sse4_1 sse4_2 x2apic movbe popcnt tsc_deadline_timer aes xsave avx f16c rdrand lahf_lm abm 3dnowprefetch cpuid_fault epb invpcid_single pti ssbd ibrs ibpb stibp tpr_shadow vnmi flexpriority ept vpid ept_ad fsgsbase tsc_adjust bmi1 avx2 smep bmi2 erms invpcid mpx rdseed adx smap clflushopt intel_pt xsaveopt xsavec xgetbv1 xsaves dtherm ida arat pln pts hwp hwp_notify hwp_act_window hwp_epp md_clear flush_l1d
Online cpus:
0-7
Offline cpus:

BIOS frequency limitation:
<Not Available>
Frequency switch latency (ns):
0
Available cpu frequencies:
<Not Available>
Current governor:
powersave
Core performance/turbo boost:
<Not Available>

Memory: 4k page, physical 16269784k(3692328k free), swap 2097148k(2097148k free)

vm_info: OpenJDK 64-Bit Server VM (11.0.11+9-Ubuntu-0ubuntu2.18.04) for linux-amd64 JRE (11.0.11+9-Ubuntu-0ubuntu2.18.04), built on Apr 21 2021 09:15:32 by "unknown" with gcc 8.4.0

END.
